<?xml version="1.0" encoding="UTF-8"?>
<robot generator="Robot 7.3.2 (Python 3.13.7 on win32)" generated="2025-10-03T02:03:34.056662" rpa="false" schemaversion="5">
<suite id="s1" name="Tests" source="D:\Documentos\COMPASS\serverest-web-robot\tests">
<suite id="s1-s1" name="Carrinho" source="D:\Documentos\COMPASS\serverest-web-robot\tests\carrinho.robot">
<kw name="Setup e Autenticar na Suite" owner="login" type="SETUP">
<kw name="Create Session" owner="RequestsLibrary">
<msg time="2025-10-03T02:03:34.366447" level="INFO">Creating Session using : alias=serverest, url=http://13.218.59.237:3000, headers={},                     cookies={}, auth=None, timeout=None, proxies=None, verify=False,                     debug=0 </msg>
<arg>serverest</arg>
<arg>${BASE_URL}</arg>
<doc>Create Session: create a HTTP session to a server</doc>
<status status="PASS" start="2025-10-03T02:03:34.366276" elapsed="0.000369"/>
</kw>
<kw name="Cadastrar Usuário Válido" owner="usuario">
<kw name="Gerar Email Unico" owner="usuario">
<kw name="Get Time" owner="BuiltIn">
<msg time="2025-10-03T02:03:34.368342" level="INFO">${timestamp} = 1759467814</msg>
<var>${timestamp}</var>
<arg>epoch</arg>
<doc>Returns the given time in the requested format.</doc>
<status status="PASS" start="2025-10-03T02:03:34.368142" elapsed="0.000230"/>
</kw>
<kw name="Evaluate" owner="BuiltIn">
<msg time="2025-10-03T02:03:34.368731" level="INFO">${microseconds} = 368666</msg>
<var>${microseconds}</var>
<arg>int(time.time() * 1000000) % 1000000</arg>
<arg>modules=time</arg>
<doc>Evaluates the given expression in Python and returns the result.</doc>
<status status="PASS" start="2025-10-03T02:03:34.368480" elapsed="0.000278"/>
</kw>
<kw name="Evaluate" owner="BuiltIn">
<msg time="2025-10-03T02:03:34.369084" level="INFO">${random} = 3718</msg>
<var>${random}</var>
<arg>random.randint(1000, 9999)</arg>
<arg>modules=random</arg>
<doc>Evaluates the given expression in Python and returns the result.</doc>
<status status="PASS" start="2025-10-03T02:03:34.368860" elapsed="0.000250"/>
</kw>
<kw name="Set Variable" owner="BuiltIn">
<msg time="2025-10-03T02:03:34.369398" level="INFO">${unique_email} = qa17594678143686663718@exemplo.com</msg>
<var>${unique_email}</var>
<arg>qa${timestamp}${microseconds}${random}@exemplo.com</arg>
<doc>Returns the given values which can then be assigned to a variables.</doc>
<status status="PASS" start="2025-10-03T02:03:34.369211" elapsed="0.000211"/>
</kw>
<return>
<value>${unique_email}</value>
<status status="PASS" start="2025-10-03T02:03:34.369471" elapsed="0.000046"/>
</return>
<msg time="2025-10-03T02:03:34.369661" level="INFO">${email} = qa17594678143686663718@exemplo.com</msg>
<var>${email}</var>
<doc>Gera um e-mail único baseado no timestamp com milissegundos.</doc>
<status status="PASS" start="2025-10-03T02:03:34.367982" elapsed="0.001702"/>
</kw>
<kw name="Create Dictionary" owner="BuiltIn">
<msg time="2025-10-03T02:03:34.370830" level="INFO">${payload} = {'nome': 'QA User', 'email': 'qa17594678143686663718@exemplo.com', 'password': '12345', 'administrador': 'true'}</msg>
<var>${payload}</var>
<arg>nome=${nome}</arg>
<arg>email=${email}</arg>
<arg>password=${VALID_PASSWORD}</arg>
<arg>administrador=${administrador}</arg>
<doc>Creates and returns a dictionary based on the given ``items``.</doc>
<status status="PASS" start="2025-10-03T02:03:34.369804" elapsed="0.001103"/>
</kw>
<kw name="POST On Session" owner="RequestsLibrary">
<msg time="2025-10-03T02:03:34.689689" level="INFO">POST Request : url=http://13.218.59.237:3000/usuarios 
 path_url=/usuarios 
 headers={'User-Agent': 'python-requests/2.32.5', 'Accept-Encoding': 'gzip, deflate', 'Accept': '*/*', 'Connection': 'keep-alive', 'Content-Length': '112', 'Content-Type': 'application/json'} 
 body=b'{"nome": "QA User", "email": "qa17594678143686663718@exemplo.com", "password": "12345", "administrador": "true"}' 
 </msg>
<msg time="2025-10-03T02:03:34.689804" level="INFO">POST Response : url=http://13.218.59.237:3000/usuarios 
 status=201, reason=Created 
 headers={'Access-Control-Allow-Origin': '*', 'x-dns-prefetch-control': 'off', 'x-frame-options': 'SAMEORIGIN', 'strict-transport-security': 'max-age=15552000; includeSubDomains', 'x-download-options': 'noopen', 'x-content-type-options': 'nosniff', 'x-xss-protection': '1; mode=block', 'Content-Type': 'application/json; charset=utf-8', 'Content-Length': '82', 'Date': 'Fri, 03 Oct 2025 05:03:34 GMT', 'Connection': 'keep-alive', 'Keep-Alive': 'timeout=5'} 
 body={
    "message": "Cadastro realizado com sucesso",
    "_id": "x2AxQ1YyU7wZ6gc3"
} 
 </msg>
<msg time="2025-10-03T02:03:34.689927" level="INFO">${response} = &lt;Response [201]&gt;</msg>
<var>${response}</var>
<arg>serverest</arg>
<arg>/usuarios</arg>
<arg>json=${payload}</arg>
<arg>expected_status=201</arg>
<doc>Sends a POST request on a previously created HTTP Session.</doc>
<status status="PASS" start="2025-10-03T02:03:34.371083" elapsed="0.318869"/>
</kw>
<kw name="Should Be Equal As Strings" owner="BuiltIn">
<msg time="2025-10-03T02:03:34.690495" level="INFO">Argument types are:
&lt;class 'int'&gt;
&lt;class 'str'&gt;</msg>
<arg>${response.status_code}</arg>
<arg>201</arg>
<doc>Fails if objects are unequal after converting them to strings.</doc>
<status status="PASS" start="2025-10-03T02:03:34.690086" elapsed="0.000634"/>
</kw>
<kw name="Dictionary Should Contain Key" owner="Collections">
<arg>${response.json()}</arg>
<arg>_id</arg>
<doc>Fails if ``key`` is not found from ``dictionary``.</doc>
<status status="PASS" start="2025-10-03T02:03:34.690948" elapsed="0.000858"/>
</kw>
<kw name="Dictionary Should Contain Key" owner="Collections">
<arg>${response.json()}</arg>
<arg>message</arg>
<doc>Fails if ``key`` is not found from ``dictionary``.</doc>
<status status="PASS" start="2025-10-03T02:03:34.692062" elapsed="0.000570"/>
</kw>
<kw name="Should Match Regexp" owner="BuiltIn">
<arg>${response.json()['message']}</arg>
<arg>(?i)cadastro.*sucesso</arg>
<doc>Fails if ``string`` does not match ``pattern`` as a regular expression.</doc>
<status status="PASS" start="2025-10-03T02:03:34.692780" elapsed="0.000629"/>
</kw>
<variable name="${USER_EMAIL}" scope="SUITE">
<msg time="2025-10-03T02:03:34.693627" level="INFO">${USER_EMAIL} = qa17594678143686663718@exemplo.com</msg>
<var>${email}</var>
<status status="PASS" start="2025-10-03T02:03:34.693484" elapsed="0.000169"/>
</variable>
<variable name="${USER_PASS}" scope="SUITE">
<msg time="2025-10-03T02:03:34.693802" level="INFO">${USER_PASS} = 12345</msg>
<var>${VALID_PASSWORD}</var>
<status status="PASS" start="2025-10-03T02:03:34.693702" elapsed="0.000123"/>
</variable>
<return>
<value>${response}</value>
<value>${email}</value>
<status status="PASS" start="2025-10-03T02:03:34.693866" elapsed="0.000036"/>
</return>
<msg time="2025-10-03T02:03:34.694064" level="INFO">${response_cadastro} = &lt;Response [201]&gt;</msg>
<msg time="2025-10-03T02:03:34.694102" level="INFO">${email} = qa17594678143686663718@exemplo.com</msg>
<var>${response_cadastro}</var>
<var>${email}</var>
<arg>${nome_usuario}</arg>
<arg>${isAdmin}</arg>
<doc>Cadastra usuário válido e retorna dados</doc>
<status status="PASS" start="2025-10-03T02:03:34.367613" elapsed="0.326510"/>
</kw>
<variable name="${USER_EMAIL}" scope="SUITE">
<msg time="2025-10-03T02:03:34.694276" level="INFO">${USER_EMAIL} = qa17594678143686663718@exemplo.com</msg>
<var>${email}</var>
<status status="PASS" start="2025-10-03T02:03:34.694180" elapsed="0.000118"/>
</variable>
<variable name="${USER_PASS}" scope="SUITE">
<msg time="2025-10-03T02:03:34.694416" level="INFO">${USER_PASS} = 12345</msg>
<var>${VALID_PASSWORD}</var>
<status status="PASS" start="2025-10-03T02:03:34.694335" elapsed="0.000104"/>
</variable>
<kw name="Realizar Login Com Usuário Cadastrado" owner="login">
<kw name="Create Dictionary" owner="BuiltIn">
<msg time="2025-10-03T02:03:34.695065" level="INFO">${payload} = {'email': 'qa17594678143686663718@exemplo.com', 'password': '12345'}</msg>
<var>${payload}</var>
<arg>email=${USER_EMAIL}</arg>
<arg>password=${USER_PASS}</arg>
<doc>Creates and returns a dictionary based on the given ``items``.</doc>
<status status="PASS" start="2025-10-03T02:03:34.694815" elapsed="0.000277"/>
</kw>
<kw name="POST On Session" owner="RequestsLibrary">
<msg time="2025-10-03T02:03:34.854436" level="INFO">POST Request : url=http://13.218.59.237:3000/login 
 path_url=/login 
 headers={'User-Agent': 'python-requests/2.32.5', 'Accept-Encoding': 'gzip, deflate', 'Accept': '*/*', 'Connection': 'keep-alive', 'Content-Length': '68', 'Content-Type': 'application/json'} 
 body=b'{"email": "qa17594678143686663718@exemplo.com", "password": "12345"}' 
 </msg>
<msg time="2025-10-03T02:03:34.854519" level="INFO">POST Response : url=http://13.218.59.237:3000/login 
 status=200, reason=OK 
 headers={'Access-Control-Allow-Origin': '*', 'x-dns-prefetch-control': 'off', 'x-frame-options': 'SAMEORIGIN', 'strict-transport-security': 'max-age=15552000; includeSubDomains', 'x-download-options': 'noopen', 'x-content-type-options': 'nosniff', 'x-xss-protection': '1; mode=block', 'Content-Type': 'application/json; charset=utf-8', 'Content-Length': '293', 'Date': 'Fri, 03 Oct 2025 05:03:34 GMT', 'Connection': 'keep-alive', 'Keep-Alive': 'timeout=5'} 
 body={
    "message": "Login realizado com sucesso",
    "authorization": "Bearer eyJhbGciOiJIUzI1NiIsInR5cCI6IkpXVCJ9.eyJlbWFpbCI6InFhMTc1OTQ2NzgxNDM2ODY2NjM3MThAZXhlbXBsby5jb20iLCJwYXNzd29yZCI6IjEyMzQ1IiwiaWF0IjoxNzU5NDY3ODE0LCJleHAiOjE3NTk0Njg0MTR9.REltT3sCCJOGmtMHUvP0UpWBXB4ddpsEn73k6r2lhLY"
} 
 </msg>
<msg time="2025-10-03T02:03:34.854635" level="INFO">${response} = &lt;Response [200]&gt;</msg>
<var>${response}</var>
<arg>serverest</arg>
<arg>/login</arg>
<arg>json=${payload}</arg>
<arg>expected_status=200</arg>
<doc>Sends a POST request on a previously created HTTP Session.</doc>
<status status="PASS" start="2025-10-03T02:03:34.695310" elapsed="0.159350"/>
</kw>
<kw name="Should Be Equal As Strings" owner="BuiltIn">
<msg time="2025-10-03T02:03:34.855210" level="INFO">Argument types are:
&lt;class 'int'&gt;
&lt;class 'str'&gt;</msg>
<arg>${response.status_code}</arg>
<arg>200</arg>
<doc>Fails if objects are unequal after converting them to strings.</doc>
<status status="PASS" start="2025-10-03T02:03:34.854792" elapsed="0.000473"/>
</kw>
<kw name="Dictionary Should Contain Key" owner="Collections">
<arg>${response.json()}</arg>
<arg>authorization</arg>
<doc>Fails if ``key`` is not found from ``dictionary``.</doc>
<status status="PASS" start="2025-10-03T02:03:34.855368" elapsed="0.000390"/>
</kw>
<kw name="Set Variable" owner="BuiltIn">
<msg time="2025-10-03T02:03:34.856251" level="INFO">${token} = Bearer eyJhbGciOiJIUzI1NiIsInR5cCI6IkpXVCJ9.eyJlbWFpbCI6InFhMTc1OTQ2NzgxNDM2ODY2NjM3MThAZXhlbXBsby5jb20iLCJwYXNzd29yZCI6IjEyMzQ1IiwiaWF0IjoxNzU5NDY3ODE0LCJleHAiOjE3NTk0Njg0MTR9.REltT3sCCJOGmtMHUvP0UpW...</msg>
<var>${token}</var>
<arg>${response.json()['authorization']}</arg>
<doc>Returns the given values which can then be assigned to a variables.</doc>
<status status="PASS" start="2025-10-03T02:03:34.855862" elapsed="0.000417"/>
</kw>
<variable name="${AUTH_TOKEN}" scope="SUITE">
<msg time="2025-10-03T02:03:34.856440" level="INFO">${AUTH_TOKEN} = Bearer eyJhbGciOiJIUzI1NiIsInR5cCI6IkpXVCJ9.eyJlbWFpbCI6InFhMTc1OTQ2NzgxNDM2ODY2NjM3MThAZXhlbXBsby5jb20iLCJwYXNzd29yZCI6IjEyMzQ1IiwiaWF0IjoxNzU5NDY3ODE0LCJleHAiOjE3NTk0Njg0MTR9.REltT3sCCJOGmtMHUvP0UpW...</msg>
<var>${token}</var>
<status status="PASS" start="2025-10-03T02:03:34.856330" elapsed="0.000134"/>
</variable>
<return>
<value>${response}</value>
<status status="PASS" start="2025-10-03T02:03:34.856505" elapsed="0.000029"/>
</return>
<msg time="2025-10-03T02:03:34.856666" level="INFO">${response_login} = &lt;Response [200]&gt;</msg>
<var>${response_login}</var>
<doc>Realiza login com um usuário válido.</doc>
<status status="PASS" start="2025-10-03T02:03:34.694621" elapsed="0.162070"/>
</kw>
<kw name="Set Variable" owner="BuiltIn">
<msg time="2025-10-03T02:03:34.857210" level="INFO">${token} = Bearer eyJhbGciOiJIUzI1NiIsInR5cCI6IkpXVCJ9.eyJlbWFpbCI6InFhMTc1OTQ2NzgxNDM2ODY2NjM3MThAZXhlbXBsby5jb20iLCJwYXNzd29yZCI6IjEyMzQ1IiwiaWF0IjoxNzU5NDY3ODE0LCJleHAiOjE3NTk0Njg0MTR9.REltT3sCCJOGmtMHUvP0UpW...</msg>
<var>${token}</var>
<arg>${response_login.json()['authorization']}</arg>
<doc>Returns the given values which can then be assigned to a variables.</doc>
<status status="PASS" start="2025-10-03T02:03:34.856791" elapsed="0.000446"/>
</kw>
<variable name="${AUTH_TOKEN}" scope="SUITE">
<msg time="2025-10-03T02:03:34.857373" level="INFO">${AUTH_TOKEN} = Bearer eyJhbGciOiJIUzI1NiIsInR5cCI6IkpXVCJ9.eyJlbWFpbCI6InFhMTc1OTQ2NzgxNDM2ODY2NjM3MThAZXhlbXBsby5jb20iLCJwYXNzd29yZCI6IjEyMzQ1IiwiaWF0IjoxNzU5NDY3ODE0LCJleHAiOjE3NTk0Njg0MTR9.REltT3sCCJOGmtMHUvP0UpW...</msg>
<var>${token}</var>
<status status="PASS" start="2025-10-03T02:03:34.857282" elapsed="0.000114"/>
</variable>
<doc>Cria sessão, cadastra usuário, faz login e salva credenciais/token no escopo da suíte.</doc>
<status status="PASS" start="2025-10-03T02:03:34.365402" elapsed="0.492043"/>
</kw>
<test id="s1-s1-t1" name="Cenário 01: Cadastrar Produto ao Carrinho" line="13">
<kw name="Adicionar Produto no Carrinho" owner="carrinho">
<kw name="Cadastrar Novo Produto" owner="produto">
<kw name="Run Keyword If" owner="BuiltIn">
<kw name="Gerar Nome Produto Único" owner="produto">
<kw name="Get Time" owner="BuiltIn">
<msg time="2025-10-03T02:03:34.859536" level="INFO">${timestamp} = 1759467814</msg>
<var>${timestamp}</var>
<arg>epoch</arg>
<doc>Returns the given time in the requested format.</doc>
<status status="PASS" start="2025-10-03T02:03:34.859345" elapsed="0.000218"/>
</kw>
<kw name="Evaluate" owner="BuiltIn">
<msg time="2025-10-03T02:03:34.859895" level="INFO">${microseconds} = 859835</msg>
<var>${microseconds}</var>
<arg>int(time.time() * 1000000) % 1000000</arg>
<arg>modules=time</arg>
<doc>Evaluates the given expression in Python and returns the result.</doc>
<status status="PASS" start="2025-10-03T02:03:34.859674" elapsed="0.000250"/>
</kw>
<kw name="Evaluate" owner="BuiltIn">
<msg time="2025-10-03T02:03:34.860261" level="INFO">${random} = 7314</msg>
<var>${random}</var>
<arg>random.randint(1000, 9999)</arg>
<arg>modules=random</arg>
<doc>Evaluates the given expression in Python and returns the result.</doc>
<status status="PASS" start="2025-10-03T02:03:34.860033" elapsed="0.000255"/>
</kw>
<kw name="Set Variable" owner="BuiltIn">
<msg time="2025-10-03T02:03:34.860872" level="INFO">${unique_name} = Produto17594678148598357314</msg>
<var>${unique_name}</var>
<arg>Produto${timestamp}${microseconds}${random}</arg>
<doc>Returns the given values which can then be assigned to a variables.</doc>
<status status="PASS" start="2025-10-03T02:03:34.860404" elapsed="0.000545"/>
</kw>
<return>
<value>${unique_name}</value>
<status status="PASS" start="2025-10-03T02:03:34.861027" elapsed="0.000062"/>
</return>
<doc>Gera um nome de produto único baseado no timestamp com milissegundos e número aleatório.</doc>
<status status="PASS" start="2025-10-03T02:03:34.859140" elapsed="0.002173"/>
</kw>
<msg time="2025-10-03T02:03:34.861462" level="INFO">${nome_produto} = Produto17594678148598357314</msg>
<var>${nome_produto}</var>
<arg>'${nome}' == 'None'</arg>
<arg>Gerar Nome Produto Único</arg>
<arg>ELSE</arg>
<arg>Set Variable</arg>
<arg>${nome}</arg>
<doc>Runs the given keyword with the given arguments, if ``condition`` is true.</doc>
<status status="PASS" start="2025-10-03T02:03:34.858856" elapsed="0.002638"/>
</kw>
<kw name="Create Dictionary" owner="BuiltIn">
<msg time="2025-10-03T02:03:34.862554" level="INFO">${payload} = {'nome': 'Produto17594678148598357314', 'preco': '199', 'descricao': 'Produto de Teste', 'quantidade': '10'}</msg>
<var>${payload}</var>
<arg>nome=${nome_produto}</arg>
<arg>preco=${preco}</arg>
<arg>descricao=${descricao}</arg>
<arg>quantidade=${quantidade}</arg>
<doc>Creates and returns a dictionary based on the given ``items``.</doc>
<status status="PASS" start="2025-10-03T02:03:34.861694" elapsed="0.000917"/>
</kw>
<kw name="Create Dictionary" owner="BuiltIn">
<msg time="2025-10-03T02:03:34.863296" level="INFO">${headers} = {'Authorization': 'Bearer eyJhbGciOiJIUzI1NiIsInR5cCI6IkpXVCJ9.eyJlbWFpbCI6InFhMTc1OTQ2NzgxNDM2ODY2NjM3MThAZXhlbXBsby5jb20iLCJwYXNzd29yZCI6IjEyMzQ1IiwiaWF0IjoxNzU5NDY3ODE0LCJleHAiOjE3NTk0Njg0MTR9.RElt...</msg>
<var>${headers}</var>
<arg>Authorization=${token}</arg>
<doc>Creates and returns a dictionary based on the given ``items``.</doc>
<status status="PASS" start="2025-10-03T02:03:34.863026" elapsed="0.000302"/>
</kw>
<kw name="POST On Session" owner="RequestsLibrary">
<msg time="2025-10-03T02:03:35.018453" level="INFO">POST Request : url=http://13.218.59.237:3000/produtos 
 path_url=/produtos 
 headers={'User-Agent': 'python-requests/2.32.5', 'Accept-Encoding': 'gzip, deflate', 'Accept': '*/*', 'Connection': 'keep-alive', 'Authorization': 'Bearer eyJhbGciOiJIUzI1NiIsInR5cCI6IkpXVCJ9.eyJlbWFpbCI6InFhMTc1OTQ2NzgxNDM2ODY2NjM3MThAZXhlbXBsby5jb20iLCJwYXNzd29yZCI6IjEyMzQ1IiwiaWF0IjoxNzU5NDY3ODE0LCJleHAiOjE3NTk0Njg0MTR9.REltT3sCCJOGmtMHUvP0UpWBXB4ddpsEn73k6r2lhLY', 'Content-Length': '108', 'Content-Type': 'application/json'} 
 body=b'{"nome": "Produto17594678148598357314", "preco": "199", "descricao": "Produto de Teste", "quantidade": "10"}' 
 </msg>
<msg time="2025-10-03T02:03:35.018544" level="INFO">POST Response : url=http://13.218.59.237:3000/produtos 
 status=201, reason=Created 
 headers={'Access-Control-Allow-Origin': '*', 'x-dns-prefetch-control': 'off', 'x-frame-options': 'SAMEORIGIN', 'strict-transport-security': 'max-age=15552000; includeSubDomains', 'x-download-options': 'noopen', 'x-content-type-options': 'nosniff', 'x-xss-protection': '1; mode=block', 'Content-Type': 'application/json; charset=utf-8', 'Content-Length': '82', 'Date': 'Fri, 03 Oct 2025 05:03:34 GMT', 'Connection': 'keep-alive', 'Keep-Alive': 'timeout=5'} 
 body={
    "message": "Cadastro realizado com sucesso",
    "_id": "naxZVwDlMJFtlH2E"
} 
 </msg>
<msg time="2025-10-03T02:03:35.018681" level="INFO">${response} = &lt;Response [201]&gt;</msg>
<var>${response}</var>
<arg>serverest</arg>
<arg>/produtos</arg>
<arg>json=${payload}</arg>
<arg>headers=${headers}</arg>
<arg>expected_status=any</arg>
<doc>Sends a POST request on a previously created HTTP Session.</doc>
<status status="PASS" start="2025-10-03T02:03:34.863461" elapsed="0.155246"/>
</kw>
<kw name="Should Be Equal As Strings" owner="BuiltIn">
<msg time="2025-10-03T02:03:35.019291" level="INFO">Argument types are:
&lt;class 'int'&gt;
&lt;class 'str'&gt;</msg>
<arg>${response.status_code}</arg>
<arg>201</arg>
<doc>Fails if objects are unequal after converting them to strings.</doc>
<status status="PASS" start="2025-10-03T02:03:35.018846" elapsed="0.000496"/>
</kw>
<kw name="Dictionary Should Contain Key" owner="Collections">
<arg>${response.json()}</arg>
<arg>_id</arg>
<doc>Fails if ``key`` is not found from ``dictionary``.</doc>
<status status="PASS" start="2025-10-03T02:03:35.019445" elapsed="0.000425"/>
</kw>
<kw name="Dictionary Should Contain Key" owner="Collections">
<arg>${response.json()}</arg>
<arg>message</arg>
<doc>Fails if ``key`` is not found from ``dictionary``.</doc>
<status status="PASS" start="2025-10-03T02:03:35.019993" elapsed="0.000721"/>
</kw>
<kw name="Should Match Regexp" owner="BuiltIn">
<arg>${response.json()['message']}</arg>
<arg>(?i)cadastro.*realizado.*sucesso</arg>
<doc>Fails if ``string`` does not match ``pattern`` as a regular expression.</doc>
<status status="PASS" start="2025-10-03T02:03:35.020933" elapsed="0.001055"/>
</kw>
<return>
<value>${response}</value>
<value>${nome_produto}</value>
<status status="PASS" start="2025-10-03T02:03:35.022160" elapsed="0.000059"/>
</return>
<msg time="2025-10-03T02:03:35.022442" level="INFO">${response_produto} = &lt;Response [201]&gt;</msg>
<msg time="2025-10-03T02:03:35.022489" level="INFO">${nome_produto} = Produto17594678148598357314</msg>
<var>${response_produto}</var>
<var>${nome_produto}</var>
<arg>${token}</arg>
<doc>Cadastra um produto válido. Se o nome não for passado, gera um automaticamente.
Requer um token de autenticação como argumento.</doc>
<status status="PASS" start="2025-10-03T02:03:34.858555" elapsed="0.163958"/>
</kw>
<kw name="Set Variable" owner="BuiltIn">
<msg time="2025-10-03T02:03:35.023144" level="INFO">${produto_id} = naxZVwDlMJFtlH2E</msg>
<var>${produto_id}</var>
<arg>${response_produto.json()['_id']}</arg>
<doc>Returns the given values which can then be assigned to a variables.</doc>
<status status="PASS" start="2025-10-03T02:03:35.022647" elapsed="0.000527"/>
</kw>
<kw name="Create Dictionary" owner="BuiltIn">
<msg time="2025-10-03T02:03:35.023562" level="INFO">${produto_item} = {'idProduto': 'naxZVwDlMJFtlH2E', 'quantidade': '1'}</msg>
<var>${produto_item}</var>
<arg>idProduto=${produto_id}</arg>
<arg>quantidade=${quantidade}</arg>
<doc>Creates and returns a dictionary based on the given ``items``.</doc>
<status status="PASS" start="2025-10-03T02:03:35.023313" elapsed="0.000275"/>
</kw>
<kw name="Create List" owner="BuiltIn">
<msg time="2025-10-03T02:03:35.023826" level="INFO">${produtos_array} = [{'idProduto': 'naxZVwDlMJFtlH2E', 'quantidade': '1'}]</msg>
<var>${produtos_array}</var>
<arg>${produto_item}</arg>
<doc>Returns a list containing given items.</doc>
<status status="PASS" start="2025-10-03T02:03:35.023691" elapsed="0.000158"/>
</kw>
<kw name="Create Dictionary" owner="BuiltIn">
<msg time="2025-10-03T02:03:35.024124" level="INFO">${payload} = {'produtos': [{'idProduto': 'naxZVwDlMJFtlH2E', 'quantidade': '1'}]}</msg>
<var>${payload}</var>
<arg>produtos=${produtos_array}</arg>
<doc>Creates and returns a dictionary based on the given ``items``.</doc>
<status status="PASS" start="2025-10-03T02:03:35.023946" elapsed="0.000202"/>
</kw>
<kw name="Create Dictionary" owner="BuiltIn">
<msg time="2025-10-03T02:03:35.024441" level="INFO">${headers} = {'Authorization': 'Bearer eyJhbGciOiJIUzI1NiIsInR5cCI6IkpXVCJ9.eyJlbWFpbCI6InFhMTc1OTQ2NzgxNDM2ODY2NjM3MThAZXhlbXBsby5jb20iLCJwYXNzd29yZCI6IjEyMzQ1IiwiaWF0IjoxNzU5NDY3ODE0LCJleHAiOjE3NTk0Njg0MTR9.RElt...</msg>
<var>${headers}</var>
<arg>Authorization=${token}</arg>
<doc>Creates and returns a dictionary based on the given ``items``.</doc>
<status status="PASS" start="2025-10-03T02:03:35.024264" elapsed="0.000202"/>
</kw>
<kw name="POST On Session" owner="RequestsLibrary">
<msg time="2025-10-03T02:03:35.175667" level="INFO">POST Request : url=http://13.218.59.237:3000/carrinhos 
 path_url=/carrinhos 
 headers={'User-Agent': 'python-requests/2.32.5', 'Accept-Encoding': 'gzip, deflate', 'Accept': '*/*', 'Connection': 'keep-alive', 'Authorization': 'Bearer eyJhbGciOiJIUzI1NiIsInR5cCI6IkpXVCJ9.eyJlbWFpbCI6InFhMTc1OTQ2NzgxNDM2ODY2NjM3MThAZXhlbXBsby5jb20iLCJwYXNzd29yZCI6IjEyMzQ1IiwiaWF0IjoxNzU5NDY3ODE0LCJleHAiOjE3NTk0Njg0MTR9.REltT3sCCJOGmtMHUvP0UpWBXB4ddpsEn73k6r2lhLY', 'Content-Length': '68', 'Content-Type': 'application/json'} 
 body=b'{"produtos": [{"idProduto": "naxZVwDlMJFtlH2E", "quantidade": "1"}]}' 
 </msg>
<msg time="2025-10-03T02:03:35.175758" level="INFO">POST Response : url=http://13.218.59.237:3000/carrinhos 
 status=201, reason=Created 
 headers={'Access-Control-Allow-Origin': '*', 'x-dns-prefetch-control': 'off', 'x-frame-options': 'SAMEORIGIN', 'strict-transport-security': 'max-age=15552000; includeSubDomains', 'x-download-options': 'noopen', 'x-content-type-options': 'nosniff', 'x-xss-protection': '1; mode=block', 'Content-Type': 'application/json; charset=utf-8', 'Content-Length': '82', 'Date': 'Fri, 03 Oct 2025 05:03:35 GMT', 'Connection': 'keep-alive', 'Keep-Alive': 'timeout=5'} 
 body={
    "message": "Cadastro realizado com sucesso",
    "_id": "MuNXsxWpfmZ0gNmo"
} 
 </msg>
<msg time="2025-10-03T02:03:35.175883" level="INFO">${response} = &lt;Response [201]&gt;</msg>
<var>${response}</var>
<arg>serverest</arg>
<arg>/carrinhos</arg>
<arg>json=${payload}</arg>
<arg>headers=${headers}</arg>
<arg>expected_status=201</arg>
<doc>Sends a POST request on a previously created HTTP Session.</doc>
<status status="PASS" start="2025-10-03T02:03:35.024559" elapsed="0.151350"/>
</kw>
<kw name="Should Be Equal As Strings" owner="BuiltIn">
<msg time="2025-10-03T02:03:35.176650" level="INFO">Argument types are:
&lt;class 'int'&gt;
&lt;class 'str'&gt;</msg>
<arg>${response.status_code}</arg>
<arg>201</arg>
<doc>Fails if objects are unequal after converting them to strings.</doc>
<status status="PASS" start="2025-10-03T02:03:35.176131" elapsed="0.000586"/>
</kw>
<kw name="Dictionary Should Contain Key" owner="Collections">
<arg>${response.json()}</arg>
<arg>message</arg>
<doc>Fails if ``key`` is not found from ``dictionary``.</doc>
<status status="PASS" start="2025-10-03T02:03:35.176856" elapsed="0.000682"/>
</kw>
<kw name="Should Match Regexp" owner="BuiltIn">
<arg>${response.json()['message']}</arg>
<arg>(?i)cadastro.*realizado.*sucesso</arg>
<doc>Fails if ``string`` does not match ``pattern`` as a regular expression.</doc>
<status status="PASS" start="2025-10-03T02:03:35.177746" elapsed="0.000551"/>
</kw>
<return>
<value>${response}</value>
<value>${produto_id}</value>
<status status="PASS" start="2025-10-03T02:03:35.178384" elapsed="0.000046"/>
</return>
<arg>${AUTH_TOKEN}</arg>
<doc>Adiciona um produto ao carrinho de um usuário</doc>
<status status="PASS" start="2025-10-03T02:03:34.858143" elapsed="0.320438"/>
</kw>
<doc>Testa adicionar um produto ao carrinho de um usuário</doc>
<tag>adicionar</tag>
<tag>carrinho</tag>
<tag>positivo</tag>
<status status="PASS" start="2025-10-03T02:03:34.857508" elapsed="0.322164"/>
</test>
<test id="s1-s1-t2" name="Cenário 02: Concluir Compra" line="18">
<kw name="Concluir Compra" owner="carrinho">
<kw name="Create Dictionary" owner="BuiltIn">
<msg time="2025-10-03T02:03:35.185701" level="INFO">${headers} = {'Authorization': 'Bearer eyJhbGciOiJIUzI1NiIsInR5cCI6IkpXVCJ9.eyJlbWFpbCI6InFhMTc1OTQ2NzgxNDM2ODY2NjM3MThAZXhlbXBsby5jb20iLCJwYXNzd29yZCI6IjEyMzQ1IiwiaWF0IjoxNzU5NDY3ODE0LCJleHAiOjE3NTk0Njg0MTR9.RElt...</msg>
<var>${headers}</var>
<arg>Authorization=${token}</arg>
<doc>Creates and returns a dictionary based on the given ``items``.</doc>
<status status="PASS" start="2025-10-03T02:03:35.185459" elapsed="0.000277"/>
</kw>
<kw name="DELETE On Session" owner="RequestsLibrary">
<msg time="2025-10-03T02:03:35.335051" level="INFO">DELETE Request : url=http://13.218.59.237:3000/carrinhos/concluir-compra 
 path_url=/carrinhos/concluir-compra 
 headers={'User-Agent': 'python-requests/2.32.5', 'Accept-Encoding': 'gzip, deflate', 'Accept': '*/*', 'Connection': 'keep-alive', 'Authorization': 'Bearer eyJhbGciOiJIUzI1NiIsInR5cCI6IkpXVCJ9.eyJlbWFpbCI6InFhMTc1OTQ2NzgxNDM2ODY2NjM3MThAZXhlbXBsby5jb20iLCJwYXNzd29yZCI6IjEyMzQ1IiwiaWF0IjoxNzU5NDY3ODE0LCJleHAiOjE3NTk0Njg0MTR9.REltT3sCCJOGmtMHUvP0UpWBXB4ddpsEn73k6r2lhLY', 'Content-Length': '0'} 
 body=None 
 </msg>
<msg time="2025-10-03T02:03:35.335141" level="INFO">DELETE Response : url=http://13.218.59.237:3000/carrinhos/concluir-compra 
 status=200, reason=OK 
 headers={'Access-Control-Allow-Origin': '*', 'x-dns-prefetch-control': 'off', 'x-frame-options': 'SAMEORIGIN', 'strict-transport-security': 'max-age=15552000; includeSubDomains', 'x-download-options': 'noopen', 'x-content-type-options': 'nosniff', 'x-xss-protection': '1; mode=block', 'Content-Type': 'application/json; charset=utf-8', 'Content-Length': '51', 'Date': 'Fri, 03 Oct 2025 05:03:35 GMT', 'Connection': 'keep-alive', 'Keep-Alive': 'timeout=5'} 
 body={
    "message": "Registro excluído com sucesso"
} 
 </msg>
<msg time="2025-10-03T02:03:35.335281" level="INFO">${response} = &lt;Response [200]&gt;</msg>
<var>${response}</var>
<arg>serverest</arg>
<arg>/carrinhos/concluir-compra</arg>
<arg>headers=${headers}</arg>
<arg>expected_status=200</arg>
<doc>Sends a DELETE request on a previously created HTTP Session.</doc>
<status status="PASS" start="2025-10-03T02:03:35.185847" elapsed="0.149460"/>
</kw>
<kw name="Should Be Equal As Strings" owner="BuiltIn">
<msg time="2025-10-03T02:03:35.335989" level="INFO">Argument types are:
&lt;class 'int'&gt;
&lt;class 'str'&gt;</msg>
<arg>${response.status_code}</arg>
<arg>200</arg>
<doc>Fails if objects are unequal after converting them to strings.</doc>
<status status="PASS" start="2025-10-03T02:03:35.335477" elapsed="0.000574"/>
</kw>
<kw name="Dictionary Should Contain Key" owner="Collections">
<arg>${response.json()}</arg>
<arg>message</arg>
<doc>Fails if ``key`` is not found from ``dictionary``.</doc>
<status status="PASS" start="2025-10-03T02:03:35.336188" elapsed="0.000496"/>
</kw>
<kw name="Should Match Regexp" owner="BuiltIn">
<arg>${response.json()['message']}</arg>
<arg>(?i)registro.*excluído.*sucesso</arg>
<doc>Fails if ``string`` does not match ``pattern`` as a regular expression.</doc>
<status status="PASS" start="2025-10-03T02:03:35.336822" elapsed="0.000542"/>
</kw>
<return>
<value>${response}</value>
<status status="PASS" start="2025-10-03T02:03:35.337438" elapsed="0.000044"/>
</return>
<arg>${AUTH_TOKEN}</arg>
<doc>Conclui a compra do carrinho de um usuário</doc>
<status status="PASS" start="2025-10-03T02:03:35.185108" elapsed="0.152489"/>
</kw>
<doc>Testa concluir a compra do carrinho de um usuário</doc>
<tag>carrinho</tag>
<tag>concluir</tag>
<tag>positivo</tag>
<status status="PASS" start="2025-10-03T02:03:35.183744" elapsed="0.154616"/>
</test>
<test id="s1-s1-t3" name="Cenário 03: Cancelar Compra" line="23">
<kw name="Cancelar Compra" owner="carrinho">
<kw name="Adicionar Produto no Carrinho" owner="carrinho">
<kw name="Cadastrar Novo Produto" owner="produto">
<kw name="Run Keyword If" owner="BuiltIn">
<kw name="Gerar Nome Produto Único" owner="produto">
<kw name="Get Time" owner="BuiltIn">
<msg time="2025-10-03T02:03:35.342788" level="INFO">${timestamp} = 1759467815</msg>
<var>${timestamp}</var>
<arg>epoch</arg>
<doc>Returns the given time in the requested format.</doc>
<status status="PASS" start="2025-10-03T02:03:35.342563" elapsed="0.000256"/>
</kw>
<kw name="Evaluate" owner="BuiltIn">
<msg time="2025-10-03T02:03:35.343178" level="INFO">${microseconds} = 343115</msg>
<var>${microseconds}</var>
<arg>int(time.time() * 1000000) % 1000000</arg>
<arg>modules=time</arg>
<doc>Evaluates the given expression in Python and returns the result.</doc>
<status status="PASS" start="2025-10-03T02:03:35.342939" elapsed="0.000265"/>
</kw>
<kw name="Evaluate" owner="BuiltIn">
<msg time="2025-10-03T02:03:35.343506" level="INFO">${random} = 8903</msg>
<var>${random}</var>
<arg>random.randint(1000, 9999)</arg>
<arg>modules=random</arg>
<doc>Evaluates the given expression in Python and returns the result.</doc>
<status status="PASS" start="2025-10-03T02:03:35.343307" elapsed="0.000224"/>
</kw>
<kw name="Set Variable" owner="BuiltIn">
<msg time="2025-10-03T02:03:35.343838" level="INFO">${unique_name} = Produto17594678153431158903</msg>
<var>${unique_name}</var>
<arg>Produto${timestamp}${microseconds}${random}</arg>
<doc>Returns the given values which can then be assigned to a variables.</doc>
<status status="PASS" start="2025-10-03T02:03:35.343638" elapsed="0.000228"/>
</kw>
<return>
<value>${unique_name}</value>
<status status="PASS" start="2025-10-03T02:03:35.343913" elapsed="0.000036"/>
</return>
<doc>Gera um nome de produto único baseado no timestamp com milissegundos e número aleatório.</doc>
<status status="PASS" start="2025-10-03T02:03:35.342240" elapsed="0.001812"/>
</kw>
<msg time="2025-10-03T02:03:35.344128" level="INFO">${nome_produto} = Produto17594678153431158903</msg>
<var>${nome_produto}</var>
<arg>'${nome}' == 'None'</arg>
<arg>Gerar Nome Produto Único</arg>
<arg>ELSE</arg>
<arg>Set Variable</arg>
<arg>${nome}</arg>
<doc>Runs the given keyword with the given arguments, if ``condition`` is true.</doc>
<status status="PASS" start="2025-10-03T02:03:35.341537" elapsed="0.002612"/>
</kw>
<kw name="Create Dictionary" owner="BuiltIn">
<msg time="2025-10-03T02:03:35.344588" level="INFO">${payload} = {'nome': 'Produto17594678153431158903', 'preco': '199', 'descricao': 'Produto de Teste', 'quantidade': '10'}</msg>
<var>${payload}</var>
<arg>nome=${nome_produto}</arg>
<arg>preco=${preco}</arg>
<arg>descricao=${descricao}</arg>
<arg>quantidade=${quantidade}</arg>
<doc>Creates and returns a dictionary based on the given ``items``.</doc>
<status status="PASS" start="2025-10-03T02:03:35.344269" elapsed="0.000347"/>
</kw>
<kw name="Create Dictionary" owner="BuiltIn">
<msg time="2025-10-03T02:03:35.345071" level="INFO">${headers} = {'Authorization': 'Bearer eyJhbGciOiJIUzI1NiIsInR5cCI6IkpXVCJ9.eyJlbWFpbCI6InFhMTc1OTQ2NzgxNDM2ODY2NjM3MThAZXhlbXBsby5jb20iLCJwYXNzd29yZCI6IjEyMzQ1IiwiaWF0IjoxNzU5NDY3ODE0LCJleHAiOjE3NTk0Njg0MTR9.RElt...</msg>
<var>${headers}</var>
<arg>Authorization=${token}</arg>
<doc>Creates and returns a dictionary based on the given ``items``.</doc>
<status status="PASS" start="2025-10-03T02:03:35.344856" elapsed="0.000243"/>
</kw>
<kw name="POST On Session" owner="RequestsLibrary">
<msg time="2025-10-03T02:03:35.496000" level="INFO">POST Request : url=http://13.218.59.237:3000/produtos 
 path_url=/produtos 
 headers={'User-Agent': 'python-requests/2.32.5', 'Accept-Encoding': 'gzip, deflate', 'Accept': '*/*', 'Connection': 'keep-alive', 'Authorization': 'Bearer eyJhbGciOiJIUzI1NiIsInR5cCI6IkpXVCJ9.eyJlbWFpbCI6InFhMTc1OTQ2NzgxNDM2ODY2NjM3MThAZXhlbXBsby5jb20iLCJwYXNzd29yZCI6IjEyMzQ1IiwiaWF0IjoxNzU5NDY3ODE0LCJleHAiOjE3NTk0Njg0MTR9.REltT3sCCJOGmtMHUvP0UpWBXB4ddpsEn73k6r2lhLY', 'Content-Length': '108', 'Content-Type': 'application/json'} 
 body=b'{"nome": "Produto17594678153431158903", "preco": "199", "descricao": "Produto de Teste", "quantidade": "10"}' 
 </msg>
<msg time="2025-10-03T02:03:35.496081" level="INFO">POST Response : url=http://13.218.59.237:3000/produtos 
 status=201, reason=Created 
 headers={'Access-Control-Allow-Origin': '*', 'x-dns-prefetch-control': 'off', 'x-frame-options': 'SAMEORIGIN', 'strict-transport-security': 'max-age=15552000; includeSubDomains', 'x-download-options': 'noopen', 'x-content-type-options': 'nosniff', 'x-xss-protection': '1; mode=block', 'Content-Type': 'application/json; charset=utf-8', 'Content-Length': '82', 'Date': 'Fri, 03 Oct 2025 05:03:35 GMT', 'Connection': 'keep-alive', 'Keep-Alive': 'timeout=5'} 
 body={
    "message": "Cadastro realizado com sucesso",
    "_id": "YX7kfIvexaFueWdc"
} 
 </msg>
<msg time="2025-10-03T02:03:35.496193" level="INFO">${response} = &lt;Response [201]&gt;</msg>
<var>${response}</var>
<arg>serverest</arg>
<arg>/produtos</arg>
<arg>json=${payload}</arg>
<arg>headers=${headers}</arg>
<arg>expected_status=any</arg>
<doc>Sends a POST request on a previously created HTTP Session.</doc>
<status status="PASS" start="2025-10-03T02:03:35.345203" elapsed="0.151016"/>
</kw>
<kw name="Should Be Equal As Strings" owner="BuiltIn">
<msg time="2025-10-03T02:03:35.496804" level="INFO">Argument types are:
&lt;class 'int'&gt;
&lt;class 'str'&gt;</msg>
<arg>${response.status_code}</arg>
<arg>201</arg>
<doc>Fails if objects are unequal after converting them to strings.</doc>
<status status="PASS" start="2025-10-03T02:03:35.496365" elapsed="0.000493"/>
</kw>
<kw name="Dictionary Should Contain Key" owner="Collections">
<arg>${response.json()}</arg>
<arg>_id</arg>
<doc>Fails if ``key`` is not found from ``dictionary``.</doc>
<status status="PASS" start="2025-10-03T02:03:35.496969" elapsed="0.000429"/>
</kw>
<kw name="Dictionary Should Contain Key" owner="Collections">
<arg>${response.json()}</arg>
<arg>message</arg>
<doc>Fails if ``key`` is not found from ``dictionary``.</doc>
<status status="PASS" start="2025-10-03T02:03:35.497495" elapsed="0.000397"/>
</kw>
<kw name="Should Match Regexp" owner="BuiltIn">
<arg>${response.json()['message']}</arg>
<arg>(?i)cadastro.*realizado.*sucesso</arg>
<doc>Fails if ``string`` does not match ``pattern`` as a regular expression.</doc>
<status status="PASS" start="2025-10-03T02:03:35.497993" elapsed="0.000379"/>
</kw>
<return>
<value>${response}</value>
<value>${nome_produto}</value>
<status status="PASS" start="2025-10-03T02:03:35.498423" elapsed="0.000035"/>
</return>
<msg time="2025-10-03T02:03:35.498612" level="INFO">${response_produto} = &lt;Response [201]&gt;</msg>
<msg time="2025-10-03T02:03:35.498650" level="INFO">${nome_produto} = Produto17594678153431158903</msg>
<var>${response_produto}</var>
<var>${nome_produto}</var>
<arg>${token}</arg>
<doc>Cadastra um produto válido. Se o nome não for passado, gera um automaticamente.
Requer um token de autenticação como argumento.</doc>
<status status="PASS" start="2025-10-03T02:03:35.341003" elapsed="0.157667"/>
</kw>
<kw name="Set Variable" owner="BuiltIn">
<msg time="2025-10-03T02:03:35.499139" level="INFO">${produto_id} = YX7kfIvexaFueWdc</msg>
<var>${produto_id}</var>
<arg>${response_produto.json()['_id']}</arg>
<doc>Returns the given values which can then be assigned to a variables.</doc>
<status status="PASS" start="2025-10-03T02:03:35.498769" elapsed="0.000394"/>
</kw>
<kw name="Create Dictionary" owner="BuiltIn">
<msg time="2025-10-03T02:03:35.499499" level="INFO">${produto_item} = {'idProduto': 'YX7kfIvexaFueWdc', 'quantidade': '1'}</msg>
<var>${produto_item}</var>
<arg>idProduto=${produto_id}</arg>
<arg>quantidade=${quantidade}</arg>
<doc>Creates and returns a dictionary based on the given ``items``.</doc>
<status status="PASS" start="2025-10-03T02:03:35.499264" elapsed="0.000260"/>
</kw>
<kw name="Create List" owner="BuiltIn">
<msg time="2025-10-03T02:03:35.499744" level="INFO">${produtos_array} = [{'idProduto': 'YX7kfIvexaFueWdc', 'quantidade': '1'}]</msg>
<var>${produtos_array}</var>
<arg>${produto_item}</arg>
<doc>Returns a list containing given items.</doc>
<status status="PASS" start="2025-10-03T02:03:35.499615" elapsed="0.000152"/>
</kw>
<kw name="Create Dictionary" owner="BuiltIn">
<msg time="2025-10-03T02:03:35.500034" level="INFO">${payload} = {'produtos': [{'idProduto': 'YX7kfIvexaFueWdc', 'quantidade': '1'}]}</msg>
<var>${payload}</var>
<arg>produtos=${produtos_array}</arg>
<doc>Creates and returns a dictionary based on the given ``items``.</doc>
<status status="PASS" start="2025-10-03T02:03:35.499860" elapsed="0.000198"/>
</kw>
<kw name="Create Dictionary" owner="BuiltIn">
<msg time="2025-10-03T02:03:35.500311" level="INFO">${headers} = {'Authorization': 'Bearer eyJhbGciOiJIUzI1NiIsInR5cCI6IkpXVCJ9.eyJlbWFpbCI6InFhMTc1OTQ2NzgxNDM2ODY2NjM3MThAZXhlbXBsby5jb20iLCJwYXNzd29yZCI6IjEyMzQ1IiwiaWF0IjoxNzU5NDY3ODE0LCJleHAiOjE3NTk0Njg0MTR9.RElt...</msg>
<var>${headers}</var>
<arg>Authorization=${token}</arg>
<doc>Creates and returns a dictionary based on the given ``items``.</doc>
<status status="PASS" start="2025-10-03T02:03:35.500148" elapsed="0.000186"/>
</kw>
<kw name="POST On Session" owner="RequestsLibrary">
<msg time="2025-10-03T02:03:35.653322" level="INFO">POST Request : url=http://13.218.59.237:3000/carrinhos 
 path_url=/carrinhos 
 headers={'User-Agent': 'python-requests/2.32.5', 'Accept-Encoding': 'gzip, deflate', 'Accept': '*/*', 'Connection': 'keep-alive', 'Authorization': 'Bearer eyJhbGciOiJIUzI1NiIsInR5cCI6IkpXVCJ9.eyJlbWFpbCI6InFhMTc1OTQ2NzgxNDM2ODY2NjM3MThAZXhlbXBsby5jb20iLCJwYXNzd29yZCI6IjEyMzQ1IiwiaWF0IjoxNzU5NDY3ODE0LCJleHAiOjE3NTk0Njg0MTR9.REltT3sCCJOGmtMHUvP0UpWBXB4ddpsEn73k6r2lhLY', 'Content-Length': '68', 'Content-Type': 'application/json'} 
 body=b'{"produtos": [{"idProduto": "YX7kfIvexaFueWdc", "quantidade": "1"}]}' 
 </msg>
<msg time="2025-10-03T02:03:35.653403" level="INFO">POST Response : url=http://13.218.59.237:3000/carrinhos 
 status=201, reason=Created 
 headers={'Access-Control-Allow-Origin': '*', 'x-dns-prefetch-control': 'off', 'x-frame-options': 'SAMEORIGIN', 'strict-transport-security': 'max-age=15552000; includeSubDomains', 'x-download-options': 'noopen', 'x-content-type-options': 'nosniff', 'x-xss-protection': '1; mode=block', 'Content-Type': 'application/json; charset=utf-8', 'Content-Length': '82', 'Date': 'Fri, 03 Oct 2025 05:03:35 GMT', 'Connection': 'keep-alive', 'Keep-Alive': 'timeout=5'} 
 body={
    "message": "Cadastro realizado com sucesso",
    "_id": "1bXeEnRfXiaHAUkv"
} 
 </msg>
<msg time="2025-10-03T02:03:35.653513" level="INFO">${response} = &lt;Response [201]&gt;</msg>
<var>${response}</var>
<arg>serverest</arg>
<arg>/carrinhos</arg>
<arg>json=${payload}</arg>
<arg>headers=${headers}</arg>
<arg>expected_status=201</arg>
<doc>Sends a POST request on a previously created HTTP Session.</doc>
<status status="PASS" start="2025-10-03T02:03:35.500423" elapsed="0.153171"/>
</kw>
<kw name="Should Be Equal As Strings" owner="BuiltIn">
<msg time="2025-10-03T02:03:35.654179" level="INFO">Argument types are:
&lt;class 'int'&gt;
&lt;class 'str'&gt;</msg>
<arg>${response.status_code}</arg>
<arg>201</arg>
<doc>Fails if objects are unequal after converting them to strings.</doc>
<status status="PASS" start="2025-10-03T02:03:35.653736" elapsed="0.000497"/>
</kw>
<kw name="Dictionary Should Contain Key" owner="Collections">
<arg>${response.json()}</arg>
<arg>message</arg>
<doc>Fails if ``key`` is not found from ``dictionary``.</doc>
<status status="PASS" start="2025-10-03T02:03:35.654342" elapsed="0.000443"/>
</kw>
<kw name="Should Match Regexp" owner="BuiltIn">
<arg>${response.json()['message']}</arg>
<arg>(?i)cadastro.*realizado.*sucesso</arg>
<doc>Fails if ``string`` does not match ``pattern`` as a regular expression.</doc>
<status status="PASS" start="2025-10-03T02:03:35.654887" elapsed="0.000373"/>
</kw>
<return>
<value>${response}</value>
<value>${produto_id}</value>
<status status="PASS" start="2025-10-03T02:03:35.655311" elapsed="0.000032"/>
</return>
<msg time="2025-10-03T02:03:35.655495" level="INFO">${response_carrinho} = &lt;Response [201]&gt;</msg>
<msg time="2025-10-03T02:03:35.655536" level="INFO">${produto_id} = YX7kfIvexaFueWdc</msg>
<var>${response_carrinho}</var>
<var>${produto_id}</var>
<arg>${token}</arg>
<doc>Adiciona um produto ao carrinho de um usuário</doc>
<status status="PASS" start="2025-10-03T02:03:35.340308" elapsed="0.315248"/>
</kw>
<kw name="Create Dictionary" owner="BuiltIn">
<msg time="2025-10-03T02:03:35.655846" level="INFO">${headers} = {'Authorization': 'Bearer eyJhbGciOiJIUzI1NiIsInR5cCI6IkpXVCJ9.eyJlbWFpbCI6InFhMTc1OTQ2NzgxNDM2ODY2NjM3MThAZXhlbXBsby5jb20iLCJwYXNzd29yZCI6IjEyMzQ1IiwiaWF0IjoxNzU5NDY3ODE0LCJleHAiOjE3NTk0Njg0MTR9.RElt...</msg>
<var>${headers}</var>
<arg>Authorization=${token}</arg>
<doc>Creates and returns a dictionary based on the given ``items``.</doc>
<status status="PASS" start="2025-10-03T02:03:35.655662" elapsed="0.000213"/>
</kw>
<kw name="DELETE On Session" owner="RequestsLibrary">
<msg time="2025-10-03T02:03:35.806318" level="INFO">DELETE Request : url=http://13.218.59.237:3000/carrinhos/cancelar-compra 
 path_url=/carrinhos/cancelar-compra 
 headers={'User-Agent': 'python-requests/2.32.5', 'Accept-Encoding': 'gzip, deflate', 'Accept': '*/*', 'Connection': 'keep-alive', 'Authorization': 'Bearer eyJhbGciOiJIUzI1NiIsInR5cCI6IkpXVCJ9.eyJlbWFpbCI6InFhMTc1OTQ2NzgxNDM2ODY2NjM3MThAZXhlbXBsby5jb20iLCJwYXNzd29yZCI6IjEyMzQ1IiwiaWF0IjoxNzU5NDY3ODE0LCJleHAiOjE3NTk0Njg0MTR9.REltT3sCCJOGmtMHUvP0UpWBXB4ddpsEn73k6r2lhLY', 'Content-Length': '0'} 
 body=None 
 </msg>
<msg time="2025-10-03T02:03:35.806398" level="INFO">DELETE Response : url=http://13.218.59.237:3000/carrinhos/cancelar-compra 
 status=200, reason=OK 
 headers={'Access-Control-Allow-Origin': '*', 'x-dns-prefetch-control': 'off', 'x-frame-options': 'SAMEORIGIN', 'strict-transport-security': 'max-age=15552000; includeSubDomains', 'x-download-options': 'noopen', 'x-content-type-options': 'nosniff', 'x-xss-protection': '1; mode=block', 'Content-Type': 'application/json; charset=utf-8', 'Content-Length': '86', 'Date': 'Fri, 03 Oct 2025 05:03:35 GMT', 'Connection': 'keep-alive', 'Keep-Alive': 'timeout=5'} 
 body={
    "message": "Registro excluído com sucesso. Estoque dos produtos reabastecido"
} 
 </msg>
<msg time="2025-10-03T02:03:35.806520" level="INFO">${response} = &lt;Response [200]&gt;</msg>
<var>${response}</var>
<arg>serverest</arg>
<arg>/carrinhos/cancelar-compra</arg>
<arg>headers=${headers}</arg>
<arg>expected_status=200</arg>
<doc>Sends a DELETE request on a previously created HTTP Session.</doc>
<status status="PASS" start="2025-10-03T02:03:35.655967" elapsed="0.150577"/>
</kw>
<kw name="Should Be Equal As Strings" owner="BuiltIn">
<msg time="2025-10-03T02:03:35.807099" level="INFO">Argument types are:
&lt;class 'int'&gt;
&lt;class 'str'&gt;</msg>
<arg>${response.status_code}</arg>
<arg>200</arg>
<doc>Fails if objects are unequal after converting them to strings.</doc>
<status status="PASS" start="2025-10-03T02:03:35.806682" elapsed="0.000468"/>
</kw>
<kw name="Dictionary Should Contain Key" owner="Collections">
<arg>${response.json()}</arg>
<arg>message</arg>
<doc>Fails if ``key`` is not found from ``dictionary``.</doc>
<status status="PASS" start="2025-10-03T02:03:35.807253" elapsed="0.000417"/>
</kw>
<kw name="Should Match Regexp" owner="BuiltIn">
<arg>${response.json()['message']}</arg>
<arg>(?i)registro.*excluído.*sucesso</arg>
<doc>Fails if ``string`` does not match ``pattern`` as a regular expression.</doc>
<status status="PASS" start="2025-10-03T02:03:35.807775" elapsed="0.000368"/>
</kw>
<return>
<value>${response}</value>
<status status="PASS" start="2025-10-03T02:03:35.808196" elapsed="0.000032"/>
</return>
<arg>${AUTH_TOKEN}</arg>
<doc>Cancela a compra do carrinho de um usuário</doc>
<status status="PASS" start="2025-10-03T02:03:35.339932" elapsed="0.468397"/>
</kw>
<doc>Testa cancelar a compra do carrinho de um usuário</doc>
<tag>cancelar</tag>
<tag>carrinho</tag>
<tag>positivo</tag>
<status status="PASS" start="2025-10-03T02:03:35.339238" elapsed="0.469377"/>
</test>
<kw name="Delete All Sessions" owner="RequestsLibrary" type="TEARDOWN">
<msg time="2025-10-03T02:03:35.809425" level="INFO">Deleting All Sessions</msg>
<doc>Removes all the session objects</doc>
<status status="PASS" start="2025-10-03T02:03:35.809343" elapsed="0.000157"/>
</kw>
<doc>Testes de ações com Carrinho.</doc>
<status status="PASS" start="2025-10-03T02:03:34.098724" elapsed="1.710811"/>
</suite>
<suite id="s1-s2" name="Login" source="D:\Documentos\COMPASS\serverest-web-robot\tests\login.robot">
<kw name="Setup e Autenticar na Suite" owner="login" type="SETUP">
<kw name="Create Session" owner="RequestsLibrary">
<msg time="2025-10-03T02:03:35.821669" level="INFO">Creating Session using : alias=serverest, url=http://13.218.59.237:3000, headers={},                     cookies={}, auth=None, timeout=None, proxies=None, verify=False,                     debug=0 </msg>
<arg>serverest</arg>
<arg>${BASE_URL}</arg>
<doc>Create Session: create a HTTP session to a server</doc>
<status status="PASS" start="2025-10-03T02:03:35.821527" elapsed="0.000320"/>
</kw>
<kw name="Cadastrar Usuário Válido" owner="usuario">
<kw name="Gerar Email Unico" owner="usuario">
<kw name="Get Time" owner="BuiltIn">
<msg time="2025-10-03T02:03:35.824667" level="INFO">${timestamp} = 1759467815</msg>
<var>${timestamp}</var>
<arg>epoch</arg>
<doc>Returns the given time in the requested format.</doc>
<status status="PASS" start="2025-10-03T02:03:35.824260" elapsed="0.000478"/>
</kw>
<kw name="Evaluate" owner="BuiltIn">
<msg time="2025-10-03T02:03:35.825205" level="INFO">${microseconds} = 825131</msg>
<var>${microseconds}</var>
<arg>int(time.time() * 1000000) % 1000000</arg>
<arg>modules=time</arg>
<doc>Evaluates the given expression in Python and returns the result.</doc>
<status status="PASS" start="2025-10-03T02:03:35.824907" elapsed="0.000327"/>
</kw>
<kw name="Evaluate" owner="BuiltIn">
<msg time="2025-10-03T02:03:35.825563" level="INFO">${random} = 2578</msg>
<var>${random}</var>
<arg>random.randint(1000, 9999)</arg>
<arg>modules=random</arg>
<doc>Evaluates the given expression in Python and returns the result.</doc>
<status status="PASS" start="2025-10-03T02:03:35.825349" elapsed="0.000239"/>
</kw>
<kw name="Set Variable" owner="BuiltIn">
<msg time="2025-10-03T02:03:35.825901" level="INFO">${unique_email} = qa17594678158251312578@exemplo.com</msg>
<var>${unique_email}</var>
<arg>qa${timestamp}${microseconds}${random}@exemplo.com</arg>
<doc>Returns the given values which can then be assigned to a variables.</doc>
<status status="PASS" start="2025-10-03T02:03:35.825700" elapsed="0.000226"/>
</kw>
<return>
<value>${unique_email}</value>
<status status="PASS" start="2025-10-03T02:03:35.826176" elapsed="0.000058"/>
</return>
<msg time="2025-10-03T02:03:35.826386" level="INFO">${email} = qa17594678158251312578@exemplo.com</msg>
<var>${email}</var>
<doc>Gera um e-mail único baseado no timestamp com milissegundos.</doc>
<status status="PASS" start="2025-10-03T02:03:35.823963" elapsed="0.002449"/>
</kw>
<kw name="Create Dictionary" owner="BuiltIn">
<msg time="2025-10-03T02:03:35.826875" level="INFO">${payload} = {'nome': 'QA User', 'email': 'qa17594678158251312578@exemplo.com', 'password': '12345', 'administrador': 'true'}</msg>
<var>${payload}</var>
<arg>nome=${nome}</arg>
<arg>email=${email}</arg>
<arg>password=${VALID_PASSWORD}</arg>
<arg>administrador=${administrador}</arg>
<doc>Creates and returns a dictionary based on the given ``items``.</doc>
<status status="PASS" start="2025-10-03T02:03:35.826550" elapsed="0.000355"/>
</kw>
<kw name="POST On Session" owner="RequestsLibrary">
<msg time="2025-10-03T02:03:36.119688" level="INFO">POST Request : url=http://13.218.59.237:3000/usuarios 
 path_url=/usuarios 
 headers={'User-Agent': 'python-requests/2.32.5', 'Accept-Encoding': 'gzip, deflate', 'Accept': '*/*', 'Connection': 'keep-alive', 'Content-Length': '112', 'Content-Type': 'application/json'} 
 body=b'{"nome": "QA User", "email": "qa17594678158251312578@exemplo.com", "password": "12345", "administrador": "true"}' 
 </msg>
<msg time="2025-10-03T02:03:36.119765" level="INFO">POST Response : url=http://13.218.59.237:3000/usuarios 
 status=201, reason=Created 
 headers={'Access-Control-Allow-Origin': '*', 'x-dns-prefetch-control': 'off', 'x-frame-options': 'SAMEORIGIN', 'strict-transport-security': 'max-age=15552000; includeSubDomains', 'x-download-options': 'noopen', 'x-content-type-options': 'nosniff', 'x-xss-protection': '1; mode=block', 'Content-Type': 'application/json; charset=utf-8', 'Content-Length': '82', 'Date': 'Fri, 03 Oct 2025 05:03:35 GMT', 'Connection': 'keep-alive', 'Keep-Alive': 'timeout=5'} 
 body={
    "message": "Cadastro realizado com sucesso",
    "_id": "ewUIPRapBJDEnLMw"
} 
 </msg>
<msg time="2025-10-03T02:03:36.119888" level="INFO">${response} = &lt;Response [201]&gt;</msg>
<var>${response}</var>
<arg>serverest</arg>
<arg>/usuarios</arg>
<arg>json=${payload}</arg>
<arg>expected_status=201</arg>
<doc>Sends a POST request on a previously created HTTP Session.</doc>
<status status="PASS" start="2025-10-03T02:03:35.827032" elapsed="0.292881"/>
</kw>
<kw name="Should Be Equal As Strings" owner="BuiltIn">
<msg time="2025-10-03T02:03:36.120442" level="INFO">Argument types are:
&lt;class 'int'&gt;
&lt;class 'str'&gt;</msg>
<arg>${response.status_code}</arg>
<arg>201</arg>
<doc>Fails if objects are unequal after converting them to strings.</doc>
<status status="PASS" start="2025-10-03T02:03:36.120047" elapsed="0.000449"/>
</kw>
<kw name="Dictionary Should Contain Key" owner="Collections">
<arg>${response.json()}</arg>
<arg>_id</arg>
<doc>Fails if ``key`` is not found from ``dictionary``.</doc>
<status status="PASS" start="2025-10-03T02:03:36.120762" elapsed="0.000577"/>
</kw>
<kw name="Dictionary Should Contain Key" owner="Collections">
<arg>${response.json()}</arg>
<arg>message</arg>
<doc>Fails if ``key`` is not found from ``dictionary``.</doc>
<status status="PASS" start="2025-10-03T02:03:36.121471" elapsed="0.000425"/>
</kw>
<kw name="Should Match Regexp" owner="BuiltIn">
<arg>${response.json()['message']}</arg>
<arg>(?i)cadastro.*sucesso</arg>
<doc>Fails if ``string`` does not match ``pattern`` as a regular expression.</doc>
<status status="PASS" start="2025-10-03T02:03:36.122007" elapsed="0.000383"/>
</kw>
<variable name="${USER_EMAIL}" scope="SUITE">
<msg time="2025-10-03T02:03:36.122573" level="INFO">${USER_EMAIL} = qa17594678158251312578@exemplo.com</msg>
<var>${email}</var>
<status status="PASS" start="2025-10-03T02:03:36.122447" elapsed="0.000152"/>
</variable>
<variable name="${USER_PASS}" scope="SUITE">
<msg time="2025-10-03T02:03:36.122746" level="INFO">${USER_PASS} = 12345</msg>
<var>${VALID_PASSWORD}</var>
<status status="PASS" start="2025-10-03T02:03:36.122639" elapsed="0.000131"/>
</variable>
<return>
<value>${response}</value>
<value>${email}</value>
<status status="PASS" start="2025-10-03T02:03:36.122809" elapsed="0.000029"/>
</return>
<msg time="2025-10-03T02:03:36.122989" level="INFO">${response_cadastro} = &lt;Response [201]&gt;</msg>
<msg time="2025-10-03T02:03:36.123041" level="INFO">${email} = qa17594678158251312578@exemplo.com</msg>
<var>${response_cadastro}</var>
<var>${email}</var>
<arg>${nome_usuario}</arg>
<arg>${isAdmin}</arg>
<doc>Cadastra usuário válido e retorna dados</doc>
<status status="PASS" start="2025-10-03T02:03:35.822147" elapsed="0.300916"/>
</kw>
<variable name="${USER_EMAIL}" scope="SUITE">
<msg time="2025-10-03T02:03:36.123195" level="INFO">${USER_EMAIL} = qa17594678158251312578@exemplo.com</msg>
<var>${email}</var>
<status status="PASS" start="2025-10-03T02:03:36.123112" elapsed="0.000104"/>
</variable>
<variable name="${USER_PASS}" scope="SUITE">
<msg time="2025-10-03T02:03:36.123330" level="INFO">${USER_PASS} = 12345</msg>
<var>${VALID_PASSWORD}</var>
<status status="PASS" start="2025-10-03T02:03:36.123250" elapsed="0.000100"/>
</variable>
<kw name="Realizar Login Com Usuário Cadastrado" owner="login">
<kw name="Create Dictionary" owner="BuiltIn">
<msg time="2025-10-03T02:03:36.123902" level="INFO">${payload} = {'email': 'qa17594678158251312578@exemplo.com', 'password': '12345'}</msg>
<var>${payload}</var>
<arg>email=${USER_EMAIL}</arg>
<arg>password=${USER_PASS}</arg>
<doc>Creates and returns a dictionary based on the given ``items``.</doc>
<status status="PASS" start="2025-10-03T02:03:36.123680" elapsed="0.000247"/>
</kw>
<kw name="POST On Session" owner="RequestsLibrary">
<msg time="2025-10-03T02:03:36.270297" level="INFO">POST Request : url=http://13.218.59.237:3000/login 
 path_url=/login 
 headers={'User-Agent': 'python-requests/2.32.5', 'Accept-Encoding': 'gzip, deflate', 'Accept': '*/*', 'Connection': 'keep-alive', 'Content-Length': '68', 'Content-Type': 'application/json'} 
 body=b'{"email": "qa17594678158251312578@exemplo.com", "password": "12345"}' 
 </msg>
<msg time="2025-10-03T02:03:36.270373" level="INFO">POST Response : url=http://13.218.59.237:3000/login 
 status=200, reason=OK 
 headers={'Access-Control-Allow-Origin': '*', 'x-dns-prefetch-control': 'off', 'x-frame-options': 'SAMEORIGIN', 'strict-transport-security': 'max-age=15552000; includeSubDomains', 'x-download-options': 'noopen', 'x-content-type-options': 'nosniff', 'x-xss-protection': '1; mode=block', 'Content-Type': 'application/json; charset=utf-8', 'Content-Length': '293', 'Date': 'Fri, 03 Oct 2025 05:03:36 GMT', 'Connection': 'keep-alive', 'Keep-Alive': 'timeout=5'} 
 body={
    "message": "Login realizado com sucesso",
    "authorization": "Bearer eyJhbGciOiJIUzI1NiIsInR5cCI6IkpXVCJ9.eyJlbWFpbCI6InFhMTc1OTQ2NzgxNTgyNTEzMTI1NzhAZXhlbXBsby5jb20iLCJwYXNzd29yZCI6IjEyMzQ1IiwiaWF0IjoxNzU5NDY3ODE2LCJleHAiOjE3NTk0Njg0MTZ9.g_-IKGrrm0_me2q_9C_wCB7W-GSzQx5OrrNGtaWw_EA"
} 
 </msg>
<msg time="2025-10-03T02:03:36.270486" level="INFO">${response} = &lt;Response [200]&gt;</msg>
<var>${response}</var>
<arg>serverest</arg>
<arg>/login</arg>
<arg>json=${payload}</arg>
<arg>expected_status=200</arg>
<doc>Sends a POST request on a previously created HTTP Session.</doc>
<status status="PASS" start="2025-10-03T02:03:36.124021" elapsed="0.146491"/>
</kw>
<kw name="Should Be Equal As Strings" owner="BuiltIn">
<msg time="2025-10-03T02:03:36.271087" level="INFO">Argument types are:
&lt;class 'int'&gt;
&lt;class 'str'&gt;</msg>
<arg>${response.status_code}</arg>
<arg>200</arg>
<doc>Fails if objects are unequal after converting them to strings.</doc>
<status status="PASS" start="2025-10-03T02:03:36.270664" elapsed="0.000478"/>
</kw>
<kw name="Dictionary Should Contain Key" owner="Collections">
<arg>${response.json()}</arg>
<arg>authorization</arg>
<doc>Fails if ``key`` is not found from ``dictionary``.</doc>
<status status="PASS" start="2025-10-03T02:03:36.271256" elapsed="0.000551"/>
</kw>
<kw name="Set Variable" owner="BuiltIn">
<msg time="2025-10-03T02:03:36.272307" level="INFO">${token} = Bearer eyJhbGciOiJIUzI1NiIsInR5cCI6IkpXVCJ9.eyJlbWFpbCI6InFhMTc1OTQ2NzgxNTgyNTEzMTI1NzhAZXhlbXBsby5jb20iLCJwYXNzd29yZCI6IjEyMzQ1IiwiaWF0IjoxNzU5NDY3ODE2LCJleHAiOjE3NTk0Njg0MTZ9.g_-IKGrrm0_me2q_9C_wCB7...</msg>
<var>${token}</var>
<arg>${response.json()['authorization']}</arg>
<doc>Returns the given values which can then be assigned to a variables.</doc>
<status status="PASS" start="2025-10-03T02:03:36.271931" elapsed="0.000403"/>
</kw>
<variable name="${AUTH_TOKEN}" scope="SUITE">
<msg time="2025-10-03T02:03:36.272488" level="INFO">${AUTH_TOKEN} = Bearer eyJhbGciOiJIUzI1NiIsInR5cCI6IkpXVCJ9.eyJlbWFpbCI6InFhMTc1OTQ2NzgxNTgyNTEzMTI1NzhAZXhlbXBsby5jb20iLCJwYXNzd29yZCI6IjEyMzQ1IiwiaWF0IjoxNzU5NDY3ODE2LCJleHAiOjE3NTk0Njg0MTZ9.g_-IKGrrm0_me2q_9C_wCB7...</msg>
<var>${token}</var>
<status status="PASS" start="2025-10-03T02:03:36.272381" elapsed="0.000131"/>
</variable>
<return>
<value>${response}</value>
<status status="PASS" start="2025-10-03T02:03:36.272551" elapsed="0.000029"/>
</return>
<msg time="2025-10-03T02:03:36.272689" level="INFO">${response_login} = &lt;Response [200]&gt;</msg>
<var>${response_login}</var>
<doc>Realiza login com um usuário válido.</doc>
<status status="PASS" start="2025-10-03T02:03:36.123519" elapsed="0.149193"/>
</kw>
<kw name="Set Variable" owner="BuiltIn">
<msg time="2025-10-03T02:03:36.273179" level="INFO">${token} = Bearer eyJhbGciOiJIUzI1NiIsInR5cCI6IkpXVCJ9.eyJlbWFpbCI6InFhMTc1OTQ2NzgxNTgyNTEzMTI1NzhAZXhlbXBsby5jb20iLCJwYXNzd29yZCI6IjEyMzQ1IiwiaWF0IjoxNzU5NDY3ODE2LCJleHAiOjE3NTk0Njg0MTZ9.g_-IKGrrm0_me2q_9C_wCB7...</msg>
<var>${token}</var>
<arg>${response_login.json()['authorization']}</arg>
<doc>Returns the given values which can then be assigned to a variables.</doc>
<status status="PASS" start="2025-10-03T02:03:36.272810" elapsed="0.000394"/>
</kw>
<variable name="${AUTH_TOKEN}" scope="SUITE">
<msg time="2025-10-03T02:03:36.273339" level="INFO">${AUTH_TOKEN} = Bearer eyJhbGciOiJIUzI1NiIsInR5cCI6IkpXVCJ9.eyJlbWFpbCI6InFhMTc1OTQ2NzgxNTgyNTEzMTI1NzhAZXhlbXBsby5jb20iLCJwYXNzd29yZCI6IjEyMzQ1IiwiaWF0IjoxNzU5NDY3ODE2LCJleHAiOjE3NTk0Njg0MTZ9.g_-IKGrrm0_me2q_9C_wCB7...</msg>
<var>${token}</var>
<status status="PASS" start="2025-10-03T02:03:36.273250" elapsed="0.000112"/>
</variable>
<doc>Cria sessão, cadastra usuário, faz login e salva credenciais/token no escopo da suíte.</doc>
<status status="PASS" start="2025-10-03T02:03:35.821250" elapsed="0.452163"/>
</kw>
<test id="s1-s2-t1" name="Cenário 01: Login com Usuário Válido" line="12">
<kw name="Cadastrar Usuário Válido" owner="usuario">
<kw name="Gerar Email Unico" owner="usuario">
<kw name="Get Time" owner="BuiltIn">
<msg time="2025-10-03T02:03:36.274699" level="INFO">${timestamp} = 1759467816</msg>
<var>${timestamp}</var>
<arg>epoch</arg>
<doc>Returns the given time in the requested format.</doc>
<status status="PASS" start="2025-10-03T02:03:36.274531" elapsed="0.000193"/>
</kw>
<kw name="Evaluate" owner="BuiltIn">
<msg time="2025-10-03T02:03:36.275017" level="INFO">${microseconds} = 274965</msg>
<var>${microseconds}</var>
<arg>int(time.time() * 1000000) % 1000000</arg>
<arg>modules=time</arg>
<doc>Evaluates the given expression in Python and returns the result.</doc>
<status status="PASS" start="2025-10-03T02:03:36.274817" elapsed="0.000224"/>
</kw>
<kw name="Evaluate" owner="BuiltIn">
<msg time="2025-10-03T02:03:36.275310" level="INFO">${random} = 7450</msg>
<var>${random}</var>
<arg>random.randint(1000, 9999)</arg>
<arg>modules=random</arg>
<doc>Evaluates the given expression in Python and returns the result.</doc>
<status status="PASS" start="2025-10-03T02:03:36.275133" elapsed="0.000199"/>
</kw>
<kw name="Set Variable" owner="BuiltIn">
<msg time="2025-10-03T02:03:36.275605" level="INFO">${unique_email} = qa17594678162749657450@exemplo.com</msg>
<var>${unique_email}</var>
<arg>qa${timestamp}${microseconds}${random}@exemplo.com</arg>
<doc>Returns the given values which can then be assigned to a variables.</doc>
<status status="PASS" start="2025-10-03T02:03:36.275422" elapsed="0.000206"/>
</kw>
<return>
<value>${unique_email}</value>
<status status="PASS" start="2025-10-03T02:03:36.275670" elapsed="0.000032"/>
</return>
<msg time="2025-10-03T02:03:36.275807" level="INFO">${email} = qa17594678162749657450@exemplo.com</msg>
<var>${email}</var>
<doc>Gera um e-mail único baseado no timestamp com milissegundos.</doc>
<status status="PASS" start="2025-10-03T02:03:36.274333" elapsed="0.001495"/>
</kw>
<kw name="Create Dictionary" owner="BuiltIn">
<msg time="2025-10-03T02:03:36.276188" level="INFO">${payload} = {'nome': 'QA User Automated', 'email': 'qa17594678162749657450@exemplo.com', 'password': '12345', 'administrador': 'true'}</msg>
<var>${payload}</var>
<arg>nome=${nome}</arg>
<arg>email=${email}</arg>
<arg>password=${VALID_PASSWORD}</arg>
<arg>administrador=${administrador}</arg>
<doc>Creates and returns a dictionary based on the given ``items``.</doc>
<status status="PASS" start="2025-10-03T02:03:36.275923" elapsed="0.000289"/>
</kw>
<kw name="POST On Session" owner="RequestsLibrary">
<msg time="2025-10-03T02:03:36.426676" level="INFO">POST Request : url=http://13.218.59.237:3000/usuarios 
 path_url=/usuarios 
 headers={'User-Agent': 'python-requests/2.32.5', 'Accept-Encoding': 'gzip, deflate', 'Accept': '*/*', 'Connection': 'keep-alive', 'Content-Length': '122', 'Content-Type': 'application/json'} 
 body=b'{"nome": "QA User Automated", "email": "qa17594678162749657450@exemplo.com", "password": "12345", "administrador": "true"}' 
 </msg>
<msg time="2025-10-03T02:03:36.426764" level="INFO">POST Response : url=http://13.218.59.237:3000/usuarios 
 status=201, reason=Created 
 headers={'Access-Control-Allow-Origin': '*', 'x-dns-prefetch-control': 'off', 'x-frame-options': 'SAMEORIGIN', 'strict-transport-security': 'max-age=15552000; includeSubDomains', 'x-download-options': 'noopen', 'x-content-type-options': 'nosniff', 'x-xss-protection': '1; mode=block', 'Content-Type': 'application/json; charset=utf-8', 'Content-Length': '82', 'Date': 'Fri, 03 Oct 2025 05:03:36 GMT', 'Connection': 'keep-alive', 'Keep-Alive': 'timeout=5'} 
 body={
    "message": "Cadastro realizado com sucesso",
    "_id": "bBzgo944cqxAbBee"
} 
 </msg>
<msg time="2025-10-03T02:03:36.426887" level="INFO">${response} = &lt;Response [201]&gt;</msg>
<var>${response}</var>
<arg>serverest</arg>
<arg>/usuarios</arg>
<arg>json=${payload}</arg>
<arg>expected_status=201</arg>
<doc>Sends a POST request on a previously created HTTP Session.</doc>
<status status="PASS" start="2025-10-03T02:03:36.276309" elapsed="0.150602"/>
</kw>
<kw name="Should Be Equal As Strings" owner="BuiltIn">
<msg time="2025-10-03T02:03:36.427505" level="INFO">Argument types are:
&lt;class 'int'&gt;
&lt;class 'str'&gt;</msg>
<arg>${response.status_code}</arg>
<arg>201</arg>
<doc>Fails if objects are unequal after converting them to strings.</doc>
<status status="PASS" start="2025-10-03T02:03:36.427061" elapsed="0.000500"/>
</kw>
<kw name="Dictionary Should Contain Key" owner="Collections">
<arg>${response.json()}</arg>
<arg>_id</arg>
<doc>Fails if ``key`` is not found from ``dictionary``.</doc>
<status status="PASS" start="2025-10-03T02:03:36.427672" elapsed="0.000416"/>
</kw>
<kw name="Dictionary Should Contain Key" owner="Collections">
<arg>${response.json()}</arg>
<arg>message</arg>
<doc>Fails if ``key`` is not found from ``dictionary``.</doc>
<status status="PASS" start="2025-10-03T02:03:36.428189" elapsed="0.000398"/>
</kw>
<kw name="Should Match Regexp" owner="BuiltIn">
<arg>${response.json()['message']}</arg>
<arg>(?i)cadastro.*sucesso</arg>
<doc>Fails if ``string`` does not match ``pattern`` as a regular expression.</doc>
<status status="PASS" start="2025-10-03T02:03:36.428687" elapsed="0.000355"/>
</kw>
<variable name="${USER_EMAIL}" scope="SUITE">
<msg time="2025-10-03T02:03:36.429272" level="INFO">${USER_EMAIL} = qa17594678162749657450@exemplo.com</msg>
<var>${email}</var>
<status status="PASS" start="2025-10-03T02:03:36.429156" elapsed="0.000141"/>
</variable>
<variable name="${USER_PASS}" scope="SUITE">
<msg time="2025-10-03T02:03:36.429437" level="INFO">${USER_PASS} = 12345</msg>
<var>${VALID_PASSWORD}</var>
<status status="PASS" start="2025-10-03T02:03:36.429345" elapsed="0.000114"/>
</variable>
<return>
<value>${response}</value>
<value>${email}</value>
<status status="PASS" start="2025-10-03T02:03:36.429496" elapsed="0.000028"/>
</return>
<doc>Cadastra usuário válido e retorna dados</doc>
<status status="PASS" start="2025-10-03T02:03:36.274049" elapsed="0.155580"/>
</kw>
<kw name="Realizar Login Com Usuário Cadastrado" owner="login">
<kw name="Create Dictionary" owner="BuiltIn">
<msg time="2025-10-03T02:03:36.430461" level="INFO">${payload} = {'email': 'qa17594678162749657450@exemplo.com', 'password': '12345'}</msg>
<var>${payload}</var>
<arg>email=${USER_EMAIL}</arg>
<arg>password=${USER_PASS}</arg>
<doc>Creates and returns a dictionary based on the given ``items``.</doc>
<status status="PASS" start="2025-10-03T02:03:36.430220" elapsed="0.000271"/>
</kw>
<kw name="POST On Session" owner="RequestsLibrary">
<msg time="2025-10-03T02:03:36.576497" level="INFO">POST Request : url=http://13.218.59.237:3000/login 
 path_url=/login 
 headers={'User-Agent': 'python-requests/2.32.5', 'Accept-Encoding': 'gzip, deflate', 'Accept': '*/*', 'Connection': 'keep-alive', 'Content-Length': '68', 'Content-Type': 'application/json'} 
 body=b'{"email": "qa17594678162749657450@exemplo.com", "password": "12345"}' 
 </msg>
<msg time="2025-10-03T02:03:36.576575" level="INFO">POST Response : url=http://13.218.59.237:3000/login 
 status=200, reason=OK 
 headers={'Access-Control-Allow-Origin': '*', 'x-dns-prefetch-control': 'off', 'x-frame-options': 'SAMEORIGIN', 'strict-transport-security': 'max-age=15552000; includeSubDomains', 'x-download-options': 'noopen', 'x-content-type-options': 'nosniff', 'x-xss-protection': '1; mode=block', 'Content-Type': 'application/json; charset=utf-8', 'Content-Length': '293', 'Date': 'Fri, 03 Oct 2025 05:03:36 GMT', 'Connection': 'keep-alive', 'Keep-Alive': 'timeout=5'} 
 body={
    "message": "Login realizado com sucesso",
    "authorization": "Bearer eyJhbGciOiJIUzI1NiIsInR5cCI6IkpXVCJ9.eyJlbWFpbCI6InFhMTc1OTQ2NzgxNjI3NDk2NTc0NTBAZXhlbXBsby5jb20iLCJwYXNzd29yZCI6IjEyMzQ1IiwiaWF0IjoxNzU5NDY3ODE2LCJleHAiOjE3NTk0Njg0MTZ9.ZZ6k73Ilt8zMu0bdhMY12fQdwpRKL1Q2no65RUlFkT0"
} 
 </msg>
<msg time="2025-10-03T02:03:36.576684" level="INFO">${response} = &lt;Response [200]&gt;</msg>
<var>${response}</var>
<arg>serverest</arg>
<arg>/login</arg>
<arg>json=${payload}</arg>
<arg>expected_status=200</arg>
<doc>Sends a POST request on a previously created HTTP Session.</doc>
<status status="PASS" start="2025-10-03T02:03:36.430596" elapsed="0.146114"/>
</kw>
<kw name="Should Be Equal As Strings" owner="BuiltIn">
<msg time="2025-10-03T02:03:36.577241" level="INFO">Argument types are:
&lt;class 'int'&gt;
&lt;class 'str'&gt;</msg>
<arg>${response.status_code}</arg>
<arg>200</arg>
<doc>Fails if objects are unequal after converting them to strings.</doc>
<status status="PASS" start="2025-10-03T02:03:36.576842" elapsed="0.000451"/>
</kw>
<kw name="Dictionary Should Contain Key" owner="Collections">
<arg>${response.json()}</arg>
<arg>authorization</arg>
<doc>Fails if ``key`` is not found from ``dictionary``.</doc>
<status status="PASS" start="2025-10-03T02:03:36.577399" elapsed="0.000436"/>
</kw>
<kw name="Set Variable" owner="BuiltIn">
<msg time="2025-10-03T02:03:36.578332" level="INFO">${token} = Bearer eyJhbGciOiJIUzI1NiIsInR5cCI6IkpXVCJ9.eyJlbWFpbCI6InFhMTc1OTQ2NzgxNjI3NDk2NTc0NTBAZXhlbXBsby5jb20iLCJwYXNzd29yZCI6IjEyMzQ1IiwiaWF0IjoxNzU5NDY3ODE2LCJleHAiOjE3NTk0Njg0MTZ9.ZZ6k73Ilt8zMu0bdhMY12fQ...</msg>
<var>${token}</var>
<arg>${response.json()['authorization']}</arg>
<doc>Returns the given values which can then be assigned to a variables.</doc>
<status status="PASS" start="2025-10-03T02:03:36.577950" elapsed="0.000409"/>
</kw>
<variable name="${AUTH_TOKEN}" scope="SUITE">
<msg time="2025-10-03T02:03:36.578517" level="INFO">${AUTH_TOKEN} = Bearer eyJhbGciOiJIUzI1NiIsInR5cCI6IkpXVCJ9.eyJlbWFpbCI6InFhMTc1OTQ2NzgxNjI3NDk2NTc0NTBAZXhlbXBsby5jb20iLCJwYXNzd29yZCI6IjEyMzQ1IiwiaWF0IjoxNzU5NDY3ODE2LCJleHAiOjE3NTk0Njg0MTZ9.ZZ6k73Ilt8zMu0bdhMY12fQ...</msg>
<var>${token}</var>
<status status="PASS" start="2025-10-03T02:03:36.578408" elapsed="0.000132"/>
</variable>
<return>
<value>${response}</value>
<status status="PASS" start="2025-10-03T02:03:36.578578" elapsed="0.000030"/>
</return>
<doc>Realiza login com um usuário válido.</doc>
<status status="PASS" start="2025-10-03T02:03:36.429996" elapsed="0.148698"/>
</kw>
<doc>Testa login com usuário cadastrado válido</doc>
<tag>critico</tag>
<tag>login</tag>
<tag>positivo</tag>
<status status="PASS" start="2025-10-03T02:03:36.273464" elapsed="0.305550"/>
</test>
<test id="s1-s2-t2" name="Cenário 02: Login com Senha Inválida" line="18">
<kw name="Realizar Login Com Credenciais Inválidas" owner="login">
<kw name="Create Dictionary" owner="BuiltIn">
<msg time="2025-10-03T02:03:36.581008" level="INFO">${data} = {'email': 'qa17594678162749657450@exemplo.com', 'password': 'senha_errada'}</msg>
<var>${data}</var>
<arg>email=${email}</arg>
<arg>password=${password}</arg>
<doc>Creates and returns a dictionary based on the given ``items``.</doc>
<status status="PASS" start="2025-10-03T02:03:36.580771" elapsed="0.000274"/>
</kw>
<kw name="POST On Session" owner="RequestsLibrary">
<msg time="2025-10-03T02:03:36.727169" level="INFO">POST Request : url=http://13.218.59.237:3000/login 
 path_url=/login 
 headers={'User-Agent': 'python-requests/2.32.5', 'Accept-Encoding': 'gzip, deflate', 'Accept': '*/*', 'Connection': 'keep-alive', 'Content-Length': '75', 'Content-Type': 'application/json'} 
 body=b'{"email": "qa17594678162749657450@exemplo.com", "password": "senha_errada"}' 
 </msg>
<msg time="2025-10-03T02:03:36.727249" level="INFO">POST Response : url=http://13.218.59.237:3000/login 
 status=401, reason=Unauthorized 
 headers={'Access-Control-Allow-Origin': '*', 'x-dns-prefetch-control': 'off', 'x-frame-options': 'SAMEORIGIN', 'strict-transport-security': 'max-age=15552000; includeSubDomains', 'x-download-options': 'noopen', 'x-content-type-options': 'nosniff', 'x-xss-protection': '1; mode=block', 'Content-Type': 'application/json; charset=utf-8', 'Content-Length': '48', 'Date': 'Fri, 03 Oct 2025 05:03:36 GMT', 'Connection': 'keep-alive', 'Keep-Alive': 'timeout=5'} 
 body={
    "message": "Email e/ou senha inválidos"
} 
 </msg>
<msg time="2025-10-03T02:03:36.727363" level="INFO">${response} = &lt;Response [401]&gt;</msg>
<var>${response}</var>
<arg>serverest</arg>
<arg>/login</arg>
<arg>json=${data}</arg>
<arg>expected_status=401</arg>
<doc>Sends a POST request on a previously created HTTP Session.</doc>
<status status="PASS" start="2025-10-03T02:03:36.581150" elapsed="0.146237"/>
</kw>
<kw name="Should Be Equal As Strings" owner="BuiltIn">
<msg time="2025-10-03T02:03:36.727930" level="INFO">Argument types are:
&lt;class 'int'&gt;
&lt;class 'str'&gt;</msg>
<arg>${response.status_code}</arg>
<arg>401</arg>
<doc>Fails if objects are unequal after converting them to strings.</doc>
<status status="PASS" start="2025-10-03T02:03:36.727521" elapsed="0.000460"/>
</kw>
<kw name="Dictionary Should Contain Key" owner="Collections">
<arg>${response.json()}</arg>
<arg>message</arg>
<doc>Fails if ``key`` is not found from ``dictionary``.</doc>
<status status="PASS" start="2025-10-03T02:03:36.728094" elapsed="0.000431"/>
</kw>
<kw name="Should Match Regexp" owner="BuiltIn">
<arg>${response.json()['message']}</arg>
<arg>(?i)email.*ou.*senha.*inválido</arg>
<doc>Fails if ``string`` does not match ``pattern`` as a regular expression.</doc>
<status status="PASS" start="2025-10-03T02:03:36.728652" elapsed="0.000467"/>
</kw>
<return>
<value>${response}</value>
<status status="PASS" start="2025-10-03T02:03:36.729238" elapsed="0.000036"/>
</return>
<arg>${USER_EMAIL}</arg>
<arg>senha_errada</arg>
<doc>Tenta realizar login com credenciais inválidas.</doc>
<status status="PASS" start="2025-10-03T02:03:36.580468" elapsed="0.148909"/>
</kw>
<doc>Testa login com senha incorreta</doc>
<tag>alto</tag>
<tag>login</tag>
<tag>negativo</tag>
<status status="PASS" start="2025-10-03T02:03:36.579929" elapsed="0.149734"/>
</test>
<test id="s1-s2-t3" name="Cenário 03: Login com E-mail Inexistente" line="23">
<kw name="Realizar Login Com Credenciais Inválidas" owner="login">
<kw name="Create Dictionary" owner="BuiltIn">
<msg time="2025-10-03T02:03:36.731423" level="INFO">${data} = {'email': 'usuario_inexistente@teste.com', 'password': '12345'}</msg>
<var>${data}</var>
<arg>email=${email}</arg>
<arg>password=${password}</arg>
<doc>Creates and returns a dictionary based on the given ``items``.</doc>
<status status="PASS" start="2025-10-03T02:03:36.731196" elapsed="0.000256"/>
</kw>
<kw name="POST On Session" owner="RequestsLibrary">
<msg time="2025-10-03T02:03:36.877042" level="INFO">POST Request : url=http://13.218.59.237:3000/login 
 path_url=/login 
 headers={'User-Agent': 'python-requests/2.32.5', 'Accept-Encoding': 'gzip, deflate', 'Accept': '*/*', 'Connection': 'keep-alive', 'Content-Length': '63', 'Content-Type': 'application/json'} 
 body=b'{"email": "usuario_inexistente@teste.com", "password": "12345"}' 
 </msg>
<msg time="2025-10-03T02:03:36.877122" level="INFO">POST Response : url=http://13.218.59.237:3000/login 
 status=401, reason=Unauthorized 
 headers={'Access-Control-Allow-Origin': '*', 'x-dns-prefetch-control': 'off', 'x-frame-options': 'SAMEORIGIN', 'strict-transport-security': 'max-age=15552000; includeSubDomains', 'x-download-options': 'noopen', 'x-content-type-options': 'nosniff', 'x-xss-protection': '1; mode=block', 'Content-Type': 'application/json; charset=utf-8', 'Content-Length': '48', 'Date': 'Fri, 03 Oct 2025 05:03:36 GMT', 'Connection': 'keep-alive', 'Keep-Alive': 'timeout=5'} 
 body={
    "message": "Email e/ou senha inválidos"
} 
 </msg>
<msg time="2025-10-03T02:03:36.877246" level="INFO">${response} = &lt;Response [401]&gt;</msg>
<var>${response}</var>
<arg>serverest</arg>
<arg>/login</arg>
<arg>json=${data}</arg>
<arg>expected_status=401</arg>
<doc>Sends a POST request on a previously created HTTP Session.</doc>
<status status="PASS" start="2025-10-03T02:03:36.731557" elapsed="0.145715"/>
</kw>
<kw name="Should Be Equal As Strings" owner="BuiltIn">
<msg time="2025-10-03T02:03:36.877812" level="INFO">Argument types are:
&lt;class 'int'&gt;
&lt;class 'str'&gt;</msg>
<arg>${response.status_code}</arg>
<arg>401</arg>
<doc>Fails if objects are unequal after converting them to strings.</doc>
<status status="PASS" start="2025-10-03T02:03:36.877407" elapsed="0.000456"/>
</kw>
<kw name="Dictionary Should Contain Key" owner="Collections">
<arg>${response.json()}</arg>
<arg>message</arg>
<doc>Fails if ``key`` is not found from ``dictionary``.</doc>
<status status="PASS" start="2025-10-03T02:03:36.877963" elapsed="0.000452"/>
</kw>
<kw name="Should Match Regexp" owner="BuiltIn">
<arg>${response.json()['message']}</arg>
<arg>(?i)email.*ou.*senha.*inválido</arg>
<doc>Fails if ``string`` does not match ``pattern`` as a regular expression.</doc>
<status status="PASS" start="2025-10-03T02:03:36.878545" elapsed="0.000390"/>
</kw>
<return>
<value>${response}</value>
<status status="PASS" start="2025-10-03T02:03:36.878990" elapsed="0.000033"/>
</return>
<arg>usuario_inexistente@teste.com</arg>
<arg>${VALID_PASSWORD}</arg>
<doc>Tenta realizar login com credenciais inválidas.</doc>
<status status="PASS" start="2025-10-03T02:03:36.730885" elapsed="0.148237"/>
</kw>
<doc>Testa login com email não cadastrado</doc>
<tag>alto</tag>
<tag>login</tag>
<tag>negativo</tag>
<status status="PASS" start="2025-10-03T02:03:36.730336" elapsed="0.149067"/>
</test>
<kw name="Delete All Sessions" owner="RequestsLibrary" type="TEARDOWN">
<msg time="2025-10-03T02:03:36.880190" level="INFO">Deleting All Sessions</msg>
<doc>Removes all the session objects</doc>
<status status="PASS" start="2025-10-03T02:03:36.880103" elapsed="0.000156"/>
</kw>
<doc>Testes de ações com Auth.</doc>
<status status="PASS" start="2025-10-03T02:03:35.810436" elapsed="1.069872"/>
</suite>
<suite id="s1-s3" name="Produtos" source="D:\Documentos\COMPASS\serverest-web-robot\tests\produtos.robot">
<kw name="Setup e Autenticar na Suite" owner="login" type="SETUP">
<kw name="Create Session" owner="RequestsLibrary">
<msg time="2025-10-03T02:03:36.893524" level="INFO">Creating Session using : alias=serverest, url=http://13.218.59.237:3000, headers={},                     cookies={}, auth=None, timeout=None, proxies=None, verify=False,                     debug=0 </msg>
<arg>serverest</arg>
<arg>${BASE_URL}</arg>
<doc>Create Session: create a HTTP session to a server</doc>
<status status="PASS" start="2025-10-03T02:03:36.893368" elapsed="0.000360"/>
</kw>
<kw name="Cadastrar Usuário Válido" owner="usuario">
<kw name="Gerar Email Unico" owner="usuario">
<kw name="Get Time" owner="BuiltIn">
<msg time="2025-10-03T02:03:36.894704" level="INFO">${timestamp} = 1759467816</msg>
<var>${timestamp}</var>
<arg>epoch</arg>
<doc>Returns the given time in the requested format.</doc>
<status status="PASS" start="2025-10-03T02:03:36.894478" elapsed="0.000266"/>
</kw>
<kw name="Evaluate" owner="BuiltIn">
<msg time="2025-10-03T02:03:36.895264" level="INFO">${microseconds} = 895168</msg>
<var>${microseconds}</var>
<arg>int(time.time() * 1000000) % 1000000</arg>
<arg>modules=time</arg>
<doc>Evaluates the given expression in Python and returns the result.</doc>
<status status="PASS" start="2025-10-03T02:03:36.894888" elapsed="0.000439"/>
</kw>
<kw name="Evaluate" owner="BuiltIn">
<msg time="2025-10-03T02:03:36.895705" level="INFO">${random} = 6134</msg>
<var>${random}</var>
<arg>random.randint(1000, 9999)</arg>
<arg>modules=random</arg>
<doc>Evaluates the given expression in Python and returns the result.</doc>
<status status="PASS" start="2025-10-03T02:03:36.895473" elapsed="0.000259"/>
</kw>
<kw name="Set Variable" owner="BuiltIn">
<msg time="2025-10-03T02:03:36.896065" level="INFO">${unique_email} = qa17594678168951686134@exemplo.com</msg>
<var>${unique_email}</var>
<arg>qa${timestamp}${microseconds}${random}@exemplo.com</arg>
<doc>Returns the given values which can then be assigned to a variables.</doc>
<status status="PASS" start="2025-10-03T02:03:36.895859" elapsed="0.000230"/>
</kw>
<return>
<value>${unique_email}</value>
<status status="PASS" start="2025-10-03T02:03:36.896138" elapsed="0.000038"/>
</return>
<msg time="2025-10-03T02:03:36.896297" level="INFO">${email} = qa17594678168951686134@exemplo.com</msg>
<var>${email}</var>
<doc>Gera um e-mail único baseado no timestamp com milissegundos.</doc>
<status status="PASS" start="2025-10-03T02:03:36.894308" elapsed="0.002011"/>
</kw>
<kw name="Create Dictionary" owner="BuiltIn">
<msg time="2025-10-03T02:03:36.896744" level="INFO">${payload} = {'nome': 'QA User', 'email': 'qa17594678168951686134@exemplo.com', 'password': '12345', 'administrador': 'true'}</msg>
<var>${payload}</var>
<arg>nome=${nome}</arg>
<arg>email=${email}</arg>
<arg>password=${VALID_PASSWORD}</arg>
<arg>administrador=${administrador}</arg>
[...]
<status status="PASS" start="2025-10-03T02:03:41.026344" elapsed="0.000480"/>
</kw>
<kw name="Dictionary Should Contain Key" owner="Collections">
<arg>${response.json()}</arg>
<arg>_id</arg>
<doc>Fails if ``key`` is not found from ``dictionary``.</doc>
<status status="PASS" start="2025-10-03T02:03:41.026932" elapsed="0.000438"/>
</kw>
<kw name="Dictionary Should Contain Key" owner="Collections">
<arg>${response.json()}</arg>
<arg>message</arg>
<doc>Fails if ``key`` is not found from ``dictionary``.</doc>
<status status="PASS" start="2025-10-03T02:03:41.027475" elapsed="0.000390"/>
</kw>
<kw name="Should Match Regexp" owner="BuiltIn">
<arg>${response.json()['message']}</arg>
<arg>(?i)cadastro.*sucesso</arg>
<doc>Fails if ``string`` does not match ``pattern`` as a regular expression.</doc>
<status status="PASS" start="2025-10-03T02:03:41.027963" elapsed="0.000358"/>
</kw>
<variable name="${USER_EMAIL}" scope="SUITE">
<msg time="2025-10-03T02:03:41.028489" level="INFO">${USER_EMAIL} = qa17594678208772921018@exemplo.com</msg>
<var>${email}</var>
<status status="PASS" start="2025-10-03T02:03:41.028375" elapsed="0.000137"/>
</variable>
<variable name="${USER_PASS}" scope="SUITE">
<msg time="2025-10-03T02:03:41.028645" level="INFO">${USER_PASS} = 12345</msg>
<var>${VALID_PASSWORD}</var>
<status status="PASS" start="2025-10-03T02:03:41.028550" elapsed="0.000117"/>
</variable>
<return>
<value>${response}</value>
<value>${email}</value>
<status status="PASS" start="2025-10-03T02:03:41.028704" elapsed="0.000029"/>
</return>
<arg>Usuario Limite Min</arg>
<arg>false</arg>
<doc>Cadastra usuário válido e retorna dados</doc>
<status status="PASS" start="2025-10-03T02:03:40.876282" elapsed="0.152563"/>
</kw>
<doc>Testa cadastro com senha de exatamente 5 caracteres (limite mínimo válido)</doc>
<tag>bva</tag>
<tag>positivo</tag>
<status status="PASS" start="2025-10-03T02:03:40.875644" elapsed="0.153491"/>
</test>
<test id="s1-s4-t10" name="Cenário 10: Cadastro com Senha no Limite Máximo Válido" line="58">
<kw name="Cadastrar Usuário Válido" owner="usuario">
<kw name="Gerar Email Unico" owner="usuario">
<kw name="Get Time" owner="BuiltIn">
<msg time="2025-10-03T02:03:41.031148" level="INFO">${timestamp} = 1759467821</msg>
<var>${timestamp}</var>
<arg>epoch</arg>
<doc>Returns the given time in the requested format.</doc>
<status status="PASS" start="2025-10-03T02:03:41.030977" elapsed="0.000199"/>
</kw>
<kw name="Evaluate" owner="BuiltIn">
<msg time="2025-10-03T02:03:41.031489" level="INFO">${microseconds} = 31424</msg>
<var>${microseconds}</var>
<arg>int(time.time() * 1000000) % 1000000</arg>
<arg>modules=time</arg>
<doc>Evaluates the given expression in Python and returns the result.</doc>
<status status="PASS" start="2025-10-03T02:03:41.031272" elapsed="0.000241"/>
</kw>
<kw name="Evaluate" owner="BuiltIn">
<msg time="2025-10-03T02:03:41.031788" level="INFO">${random} = 5461</msg>
<var>${random}</var>
<arg>random.randint(1000, 9999)</arg>
<arg>modules=random</arg>
<doc>Evaluates the given expression in Python and returns the result.</doc>
<status status="PASS" start="2025-10-03T02:03:41.031609" elapsed="0.000202"/>
</kw>
<kw name="Set Variable" owner="BuiltIn">
<msg time="2025-10-03T02:03:41.032069" level="INFO">${unique_email} = qa1759467821314245461@exemplo.com</msg>
<var>${unique_email}</var>
<arg>qa${timestamp}${microseconds}${random}@exemplo.com</arg>
<doc>Returns the given values which can then be assigned to a variables.</doc>
<status status="PASS" start="2025-10-03T02:03:41.031900" elapsed="0.000191"/>
</kw>
<return>
<value>${unique_email}</value>
<status status="PASS" start="2025-10-03T02:03:41.032133" elapsed="0.000031"/>
</return>
<msg time="2025-10-03T02:03:41.032267" level="INFO">${email} = qa1759467821314245461@exemplo.com</msg>
<var>${email}</var>
<doc>Gera um e-mail único baseado no timestamp com milissegundos.</doc>
<status status="PASS" start="2025-10-03T02:03:41.030762" elapsed="0.001525"/>
</kw>
<kw name="Create Dictionary" owner="BuiltIn">
<msg time="2025-10-03T02:03:41.032651" level="INFO">${payload} = {'nome': 'Usuario Limite Max', 'email': 'qa1759467821314245461@exemplo.com', 'password': '12345', 'administrador': 'false'}</msg>
<var>${payload}</var>
<arg>nome=${nome}</arg>
<arg>email=${email}</arg>
<arg>password=${VALID_PASSWORD}</arg>
<arg>administrador=${administrador}</arg>
<doc>Creates and returns a dictionary based on the given ``items``.</doc>
<status status="PASS" start="2025-10-03T02:03:41.032379" elapsed="0.000297"/>
</kw>
<kw name="POST On Session" owner="RequestsLibrary">
<msg time="2025-10-03T02:03:41.179927" level="INFO">POST Request : url=http://13.218.59.237:3000/usuarios 
 path_url=/usuarios 
 headers={'User-Agent': 'python-requests/2.32.5', 'Accept-Encoding': 'gzip, deflate', 'Accept': '*/*', 'Connection': 'keep-alive', 'Content-Length': '123', 'Content-Type': 'application/json'} 
 body=b'{"nome": "Usuario Limite Max", "email": "qa1759467821314245461@exemplo.com", "password": "12345", "administrador": "false"}' 
 </msg>
<msg time="2025-10-03T02:03:41.180004" level="INFO">POST Response : url=http://13.218.59.237:3000/usuarios 
 status=201, reason=Created 
 headers={'Access-Control-Allow-Origin': '*', 'x-dns-prefetch-control': 'off', 'x-frame-options': 'SAMEORIGIN', 'strict-transport-security': 'max-age=15552000; includeSubDomains', 'x-download-options': 'noopen', 'x-content-type-options': 'nosniff', 'x-xss-protection': '1; mode=block', 'Content-Type': 'application/json; charset=utf-8', 'Content-Length': '82', 'Date': 'Fri, 03 Oct 2025 05:03:41 GMT', 'Connection': 'keep-alive', 'Keep-Alive': 'timeout=5'} 
 body={
    "message": "Cadastro realizado com sucesso",
    "_id": "HYqIOfmrZy1t04Fk"
} 
 </msg>
<msg time="2025-10-03T02:03:41.180117" level="INFO">${response} = &lt;Response [201]&gt;</msg>
<var>${response}</var>
<arg>serverest</arg>
<arg>/usuarios</arg>
<arg>json=${payload}</arg>
<arg>expected_status=201</arg>
<doc>Sends a POST request on a previously created HTTP Session.</doc>
<status status="PASS" start="2025-10-03T02:03:41.032772" elapsed="0.147368"/>
</kw>
<kw name="Should Be Equal As Strings" owner="BuiltIn">
<msg time="2025-10-03T02:03:41.181426" level="INFO">Argument types are:
&lt;class 'int'&gt;
&lt;class 'str'&gt;</msg>
<arg>${response.status_code}</arg>
<arg>201</arg>
<doc>Fails if objects are unequal after converting them to strings.</doc>
<status status="PASS" start="2025-10-03T02:03:41.180273" elapsed="0.001218"/>
</kw>
<kw name="Dictionary Should Contain Key" owner="Collections">
<arg>${response.json()}</arg>
<arg>_id</arg>
<doc>Fails if ``key`` is not found from ``dictionary``.</doc>
<status status="PASS" start="2025-10-03T02:03:41.181617" elapsed="0.000420"/>
</kw>
<kw name="Dictionary Should Contain Key" owner="Collections">
<arg>${response.json()}</arg>
<arg>message</arg>
<doc>Fails if ``key`` is not found from ``dictionary``.</doc>
<status status="PASS" start="2025-10-03T02:03:41.182138" elapsed="0.000386"/>
</kw>
<kw name="Should Match Regexp" owner="BuiltIn">
<arg>${response.json()['message']}</arg>
<arg>(?i)cadastro.*sucesso</arg>
<doc>Fails if ``string`` does not match ``pattern`` as a regular expression.</doc>
<status status="PASS" start="2025-10-03T02:03:41.182621" elapsed="0.000358"/>
</kw>
<variable name="${USER_EMAIL}" scope="SUITE">
<msg time="2025-10-03T02:03:41.183147" level="INFO">${USER_EMAIL} = qa1759467821314245461@exemplo.com</msg>
<var>${email}</var>
<status status="PASS" start="2025-10-03T02:03:41.183032" elapsed="0.000205"/>
</variable>
<variable name="${USER_PASS}" scope="SUITE">
<msg time="2025-10-03T02:03:41.183392" level="INFO">${USER_PASS} = 12345</msg>
<var>${VALID_PASSWORD}</var>
<status status="PASS" start="2025-10-03T02:03:41.183292" elapsed="0.000122"/>
</variable>
<return>
<value>${response}</value>
<value>${email}</value>
<status status="PASS" start="2025-10-03T02:03:41.183451" elapsed="0.000030"/>
</return>
<arg>Usuario Limite Max</arg>
<arg>false</arg>
<doc>Cadastra usuário válido e retorna dados</doc>
<status status="PASS" start="2025-10-03T02:03:41.030385" elapsed="0.153206"/>
</kw>
<doc>Testa cadastro com senha de exatamente 10 caracteres (limite máximo válido)</doc>
<tag>bva</tag>
<tag>positivo</tag>
<status status="PASS" start="2025-10-03T02:03:41.029706" elapsed="0.154316"/>
</test>
<test id="s1-s4-t11" name="Cenário 11: Buscar Usuário Inexistente" line="63">
<kw name="Buscar Usuário Inexistente" owner="usuario">
<kw name="GET On Session" owner="RequestsLibrary">
<msg time="2025-10-03T02:03:41.331739" level="INFO">GET Request : url=http://13.218.59.237:3000/usuarios/0000000000000000 
 path_url=/usuarios/0000000000000000 
 headers={'User-Agent': 'python-requests/2.32.5', 'Accept-Encoding': 'gzip, deflate', 'Accept': '*/*', 'Connection': 'keep-alive'} 
 body=None 
 </msg>
<msg time="2025-10-03T02:03:41.331821" level="INFO">GET Response : url=http://13.218.59.237:3000/usuarios/0000000000000000 
 status=400, reason=Bad Request 
 headers={'Access-Control-Allow-Origin': '*', 'x-dns-prefetch-control': 'off', 'x-frame-options': 'SAMEORIGIN', 'strict-transport-security': 'max-age=15552000; includeSubDomains', 'x-download-options': 'noopen', 'x-content-type-options': 'nosniff', 'x-xss-protection': '1; mode=block', 'Content-Type': 'application/json; charset=utf-8', 'Content-Length': '45', 'Date': 'Fri, 03 Oct 2025 05:03:41 GMT', 'Connection': 'keep-alive', 'Keep-Alive': 'timeout=5'} 
 body={
    "message": "Usuário não encontrado"
} 
 </msg>
<msg time="2025-10-03T02:03:41.331937" level="INFO">${response} = &lt;Response [400]&gt;</msg>
<var>${response}</var>
<arg>serverest</arg>
<arg>/usuarios/${user_id_inexistente}</arg>
<arg>expected_status=400</arg>
<doc>Sends a GET request on a previously created HTTP Session.</doc>
<status status="PASS" start="2025-10-03T02:03:41.185343" elapsed="0.146629"/>
</kw>
<kw name="Should Be Equal As Strings" owner="BuiltIn">
<msg time="2025-10-03T02:03:41.332514" level="INFO">Argument types are:
&lt;class 'int'&gt;
&lt;class 'str'&gt;</msg>
<arg>${response.status_code}</arg>
<arg>400</arg>
<doc>Fails if objects are unequal after converting them to strings.</doc>
<status status="PASS" start="2025-10-03T02:03:41.332108" elapsed="0.000458"/>
</kw>
<kw name="Dictionary Should Contain Key" owner="Collections">
<arg>${response.json()}</arg>
<arg>message</arg>
<doc>Fails if ``key`` is not found from ``dictionary``.</doc>
<status status="PASS" start="2025-10-03T02:03:41.332675" elapsed="0.000428"/>
</kw>
<kw name="Should Match Regexp" owner="BuiltIn">
<arg>${response.json()['message']}</arg>
<arg>(?i)usuário.*não.*encontrad</arg>
<doc>Fails if ``string`` does not match ``pattern`` as a regular expression.</doc>
<status status="PASS" start="2025-10-03T02:03:41.333213" elapsed="0.000447"/>
</kw>
<return>
<value>${response}</value>
<status status="PASS" start="2025-10-03T02:03:41.333715" elapsed="0.000034"/>
</return>
<arg>0000000000000000</arg>
<doc>Tenta buscar usuário inexistente</doc>
<status status="PASS" start="2025-10-03T02:03:41.185044" elapsed="0.148802"/>
</kw>
<doc>Testa que não é possível buscar um usuário inexistente (16 caracteres alfanuméricos)</doc>
<tag>medio</tag>
<tag>negativo</tag>
<status status="PASS" start="2025-10-03T02:03:41.184467" elapsed="0.149666"/>
</test>
<test id="s1-s4-t12" name="Cenário 12: Deletar Usuário" line="68">
<kw name="Deletar Usuário" owner="usuario">
<kw name="DELETE On Session" owner="RequestsLibrary">
<msg time="2025-10-03T02:03:41.487874" level="INFO">DELETE Request : url=http://13.218.59.237:3000/usuarios/0ciYhYV4XgZCMKUt 
 path_url=/usuarios/0ciYhYV4XgZCMKUt 
 headers={'User-Agent': 'python-requests/2.32.5', 'Accept-Encoding': 'gzip, deflate', 'Accept': '*/*', 'Connection': 'keep-alive', 'Content-Length': '0'} 
 body=None 
 </msg>
<msg time="2025-10-03T02:03:41.487954" level="INFO">DELETE Response : url=http://13.218.59.237:3000/usuarios/0ciYhYV4XgZCMKUt 
 status=200, reason=OK 
 headers={'Access-Control-Allow-Origin': '*', 'x-dns-prefetch-control': 'off', 'x-frame-options': 'SAMEORIGIN', 'strict-transport-security': 'max-age=15552000; includeSubDomains', 'x-download-options': 'noopen', 'x-content-type-options': 'nosniff', 'x-xss-protection': '1; mode=block', 'Content-Type': 'application/json; charset=utf-8', 'Content-Length': '51', 'Date': 'Fri, 03 Oct 2025 05:03:41 GMT', 'Connection': 'keep-alive', 'Keep-Alive': 'timeout=5'} 
 body={
    "message": "Registro excluído com sucesso"
} 
 </msg>
<msg time="2025-10-03T02:03:41.488071" level="INFO">${response} = &lt;Response [200]&gt;</msg>
<var>${response}</var>
<arg>serverest</arg>
<arg>/usuarios/${user_id}</arg>
<arg>expected_status=200</arg>
<doc>Sends a DELETE request on a previously created HTTP Session.</doc>
<status status="PASS" start="2025-10-03T02:03:41.335286" elapsed="0.152809"/>
</kw>
<kw name="Should Be Equal As Strings" owner="BuiltIn">
<msg time="2025-10-03T02:03:41.488659" level="INFO">Argument types are:
&lt;class 'int'&gt;
&lt;class 'str'&gt;</msg>
<arg>${response.status_code}</arg>
<arg>200</arg>
<doc>Fails if objects are unequal after converting them to strings.</doc>
<status status="PASS" start="2025-10-03T02:03:41.488228" elapsed="0.000484"/>
</kw>
<kw name="Dictionary Should Contain Key" owner="Collections">
<arg>${response.json()}</arg>
<arg>message</arg>
<doc>Fails if ``key`` is not found from ``dictionary``.</doc>
<status status="PASS" start="2025-10-03T02:03:41.488829" elapsed="0.000454"/>
</kw>
<kw name="Should Match Regexp" owner="BuiltIn">
<arg>${response.json()['message']}</arg>
<arg>(?i)registro.*excluído.*sucesso</arg>
<doc>Fails if ``string`` does not match ``pattern`` as a regular expression.</doc>
<status status="PASS" start="2025-10-03T02:03:41.489404" elapsed="0.000416"/>
</kw>
<return>
<value>${response}</value>
<status status="PASS" start="2025-10-03T02:03:41.489885" elapsed="0.000039"/>
</return>
<arg>${USER_ID}</arg>
<doc>Deleta um usuário existente</doc>
<status status="PASS" start="2025-10-03T02:03:41.335035" elapsed="0.155002"/>
</kw>
<doc>Testa a deleção do usuário criado no primeiro cenário</doc>
<tag>critico</tag>
<tag>positivo</tag>
<status status="PASS" start="2025-10-03T02:03:41.334564" elapsed="0.155699"/>
</test>
<test id="s1-s4-t13" name="Cenário 13: Atualizar Usuário Inexistente" line="72">
<kw name="Atualizar Usuário com ID Inexistente" owner="usuario">
<kw name="Create Dictionary" owner="BuiltIn">
<msg time="2025-10-03T02:03:41.492276" level="INFO">${payload} = {'nome': 'Nome Atualizado', 'email': 'qa17594678194869568097@exemplo.com', 'password': '12345', 'administrador': 'false'}</msg>
<var>${payload}</var>
<arg>nome=${novo_nome}</arg>
<arg>email=${VALID_EMAIL}</arg>
<arg>password=${VALID_PASSWORD}</arg>
<arg>administrador=false</arg>
<doc>Creates and returns a dictionary based on the given ``items``.</doc>
<status status="PASS" start="2025-10-03T02:03:41.492002" elapsed="0.000304"/>
</kw>
<kw name="PUT On Session" owner="RequestsLibrary">
<msg time="2025-10-03T02:03:41.640578" level="INFO">PUT Request : url=http://13.218.59.237:3000/usuarios/0000000000000000 
 path_url=/usuarios/0000000000000000 
 headers={'User-Agent': 'python-requests/2.32.5', 'Accept-Encoding': 'gzip, deflate', 'Accept': '*/*', 'Connection': 'keep-alive', 'Content-Length': '121', 'Content-Type': 'application/json'} 
 body=b'{"nome": "Nome Atualizado", "email": "qa17594678194869568097@exemplo.com", "password": "12345", "administrador": "false"}' 
 </msg>
<msg time="2025-10-03T02:03:41.640805" level="INFO">PUT Response : url=http://13.218.59.237:3000/usuarios/0000000000000000 
 status=201, reason=Created 
 headers={'Access-Control-Allow-Origin': '*', 'x-dns-prefetch-control': 'off', 'x-frame-options': 'SAMEORIGIN', 'strict-transport-security': 'max-age=15552000; includeSubDomains', 'x-download-options': 'noopen', 'x-content-type-options': 'nosniff', 'x-xss-protection': '1; mode=block', 'Content-Type': 'application/json; charset=utf-8', 'Content-Length': '82', 'Date': 'Fri, 03 Oct 2025 05:03:41 GMT', 'Connection': 'keep-alive', 'Keep-Alive': 'timeout=5'} 
 body={
    "message": "Cadastro realizado com sucesso",
    "_id": "3QilH3y9RW4Co6T0"
} 
 </msg>
<msg time="2025-10-03T02:03:41.640954" level="INFO">${response} = &lt;Response [201]&gt;</msg>
<var>${response}</var>
<arg>serverest</arg>
<arg>/usuarios/${user_id_inexistente}</arg>
<arg>json=${payload}</arg>
<arg>expected_status=201</arg>
<doc>Sends a PUT request on a previously created HTTP Session.</doc>
<status status="PASS" start="2025-10-03T02:03:41.492412" elapsed="0.148568"/>
</kw>
<kw name="Should Be Equal As Strings" owner="BuiltIn">
<msg time="2025-10-03T02:03:41.641641" level="INFO">Argument types are:
&lt;class 'int'&gt;
&lt;class 'str'&gt;</msg>
<arg>${response.status_code}</arg>
<arg>201</arg>
<doc>Fails if objects are unequal after converting them to strings.</doc>
<status status="PASS" start="2025-10-03T02:03:41.641143" elapsed="0.000578"/>
</kw>
<kw name="Dictionary Should Contain Key" owner="Collections">
<arg>${response.json()}</arg>
<arg>message</arg>
<doc>Fails if ``key`` is not found from ``dictionary``.</doc>
<status status="PASS" start="2025-10-03T02:03:41.641865" elapsed="0.000453"/>
</kw>
<kw name="Should Match Regexp" owner="BuiltIn">
<arg>${response.json()['message']}</arg>
<arg>(?i)cadastro.*sucesso</arg>
<doc>Fails if ``string`` does not match ``pattern`` as a regular expression.</doc>
<status status="PASS" start="2025-10-03T02:03:41.642430" elapsed="0.000389"/>
</kw>
<return>
<value>${response}</value>
<status status="PASS" start="2025-10-03T02:03:41.642878" elapsed="0.000036"/>
</return>
<arg>0000000000000000</arg>
<doc>Testa atualizar um usuário inexistente e cria novo usuário</doc>
<status status="PASS" start="2025-10-03T02:03:41.491737" elapsed="0.151274"/>
</kw>
<doc>Testa que não é possível atualizar um usuário inexistente (16 caracteres alfanuméricos) e cria novo usuário</doc>
<tag>medio</tag>
<tag>negativo</tag>
<status status="PASS" start="2025-10-03T02:03:41.491132" elapsed="0.152165"/>
</test>
<kw name="Delete All Sessions" owner="RequestsLibrary" type="TEARDOWN">
<msg time="2025-10-03T02:03:41.644033" level="INFO">Deleting All Sessions</msg>
<doc>Removes all the session objects</doc>
<status status="PASS" start="2025-10-03T02:03:41.643911" elapsed="0.000190"/>
</kw>
<doc>Testes de ações com Usuários.</doc>
<status status="FAIL" start="2025-10-03T02:03:39.480397" elapsed="2.163740"/>
</suite>
<status status="FAIL" start="2025-10-03T02:03:34.060392" elapsed="7.584681"/>
</suite>
<statistics>
<total>
<stat pass="21" fail="4" skip="0">All Tests</stat>
</total>
<tag>
<stat pass="1" fail="0" skip="0">adicionar</stat>
<stat pass="3" fail="2" skip="0">alto</stat>
<stat pass="1" fail="0" skip="0">autenticação</stat>
<stat pass="2" fail="2" skip="0">bva</stat>
<stat pass="1" fail="0" skip="0">cadastro</stat>
<stat pass="1" fail="0" skip="0">cancelar</stat>
<stat pass="3" fail="0" skip="0">carrinho</stat>
<stat pass="1" fail="0" skip="0">concluir</stat>
<stat pass="4" fail="0" skip="0">critico</stat>
<stat pass="1" fail="0" skip="0">duplicidade</stat>
<stat pass="1" fail="0" skip="0">exclusão</stat>
<stat pass="1" fail="0" skip="0">listagem</stat>
<stat pass="3" fail="0" skip="0">login</stat>
<stat pass="3" fail="2" skip="0">medio</stat>
<stat pass="11" fail="4" skip="0">negativo</stat>
<stat pass="1" fail="0" skip="0">permissão</stat>
<stat pass="10" fail="0" skip="0">positivo</stat>
<stat pass="6" fail="0" skip="0">produto</stat>
</tag>
<suite>
<stat name="Tests" id="s1" pass="21" fail="4" skip="0">Tests</stat>
<stat name="Carrinho" id="s1-s1" pass="3" fail="0" skip="0">Tests.Carrinho</stat>
<stat name="Login" id="s1-s2" pass="3" fail="0" skip="0">Tests.Login</stat>
<stat name="Produtos" id="s1-s3" pass="6" fail="0" skip="0">Tests.Produtos</stat>
<stat name="Usuarios" id="s1-s4" pass="9" fail="4" skip="0">Tests.Usuarios</stat>
</suite>
</statistics>
<errors>
</errors>
</robot>
