<?xml version="1.0" encoding="UTF-8"?>
<robot generator="Robot 7.3.2 (Python 3.13.7 on win32)" generated="2025-10-03T00:09:01.037444" rpa="false" schemaversion="5">
<suite id="s1" name="Tests" source="D:\Documentos\COMPASS\serverest-web-robot\tests">
<suite id="s1-s1" name="Carrinho" source="D:\Documentos\COMPASS\serverest-web-robot\tests\carrinho.robot">
<kw name="Setup e Autenticar na Suite" owner="login" type="SETUP">
<kw name="Create Session" owner="RequestsLibrary">
<msg time="2025-10-03T00:09:01.421070" level="INFO">Creating Session using : alias=serverest, url=http://13.218.59.237:3000, headers={},                     cookies={}, auth=None, timeout=None, proxies=None, verify=False,                     debug=0 </msg>
<arg>serverest</arg>
<arg>${BASE_URL}</arg>
<doc>Create Session: create a HTTP session to a server</doc>
<status status="PASS" start="2025-10-03T00:09:01.420859" elapsed="0.001185"/>
</kw>
<kw name="Cadastrar Usuário Válido" owner="usuario">
<kw name="Gerar Email Unico" owner="usuario">
<kw name="Get Time" owner="BuiltIn">
<msg time="2025-10-03T00:09:01.425467" level="INFO">${timestamp} = 1759460941</msg>
<var>${timestamp}</var>
<arg>epoch</arg>
<doc>Returns the given time in the requested format.</doc>
<status status="PASS" start="2025-10-03T00:09:01.423899" elapsed="0.001689"/>
</kw>
<kw name="Evaluate" owner="BuiltIn">
<msg time="2025-10-03T00:09:01.426353" level="INFO">${microseconds} = 426248</msg>
<var>${microseconds}</var>
<arg>int(time.time() * 1000000) % 1000000</arg>
<arg>modules=time</arg>
<doc>Evaluates the given expression in Python and returns the result.</doc>
<status status="PASS" start="2025-10-03T00:09:01.425885" elapsed="0.000506"/>
</kw>
<kw name="Evaluate" owner="BuiltIn">
<msg time="2025-10-03T00:09:01.426836" level="INFO">${random} = 3408</msg>
<var>${random}</var>
<arg>random.randint(1000, 9999)</arg>
<arg>modules=random</arg>
<doc>Evaluates the given expression in Python and returns the result.</doc>
<status status="PASS" start="2025-10-03T00:09:01.426557" elapsed="0.000307"/>
</kw>
<kw name="Set Variable" owner="BuiltIn">
<msg time="2025-10-03T00:09:01.427206" level="INFO">${unique_email} = qa17594609414262483408@exemplo.com</msg>
<var>${unique_email}</var>
<arg>qa${timestamp}${microseconds}${random}@exemplo.com</arg>
<doc>Returns the given values which can then be assigned to a variables.</doc>
<status status="PASS" start="2025-10-03T00:09:01.426998" elapsed="0.000233"/>
</kw>
<return>
<value>${unique_email}</value>
<status status="PASS" start="2025-10-03T00:09:01.427283" elapsed="0.000050"/>
</return>
<msg time="2025-10-03T00:09:01.427460" level="INFO">${email} = qa17594609414262483408@exemplo.com</msg>
<var>${email}</var>
<doc>Gera um e-mail único baseado no timestamp com milissegundos.</doc>
<status status="PASS" start="2025-10-03T00:09:01.423711" elapsed="0.003771"/>
</kw>
<kw name="Create Dictionary" owner="BuiltIn">
<msg time="2025-10-03T00:09:01.428052" level="INFO">${payload} = {'nome': 'QA User', 'email': 'qa17594609414262483408@exemplo.com', 'password': '12345', 'administrador': 'true'}</msg>
<var>${payload}</var>
<arg>nome=${nome}</arg>
<arg>email=${email}</arg>
<arg>password=${VALID_PASSWORD}</arg>
<arg>administrador=${administrador}</arg>
<doc>Creates and returns a dictionary based on the given ``items``.</doc>
<status status="PASS" start="2025-10-03T00:09:01.427601" elapsed="0.000481"/>
</kw>
<kw name="POST On Session" owner="RequestsLibrary">
<msg time="2025-10-03T00:09:01.739995" level="INFO">POST Request : url=http://13.218.59.237:3000/usuarios 
 path_url=/usuarios 
 headers={'User-Agent': 'python-requests/2.32.5', 'Accept-Encoding': 'gzip, deflate', 'Accept': '*/*', 'Connection': 'keep-alive', 'Content-Length': '112', 'Content-Type': 'application/json'} 
 body=b'{"nome": "QA User", "email": "qa17594609414262483408@exemplo.com", "password": "12345", "administrador": "true"}' 
 </msg>
<msg time="2025-10-03T00:09:01.740112" level="INFO">POST Response : url=http://13.218.59.237:3000/usuarios 
 status=201, reason=Created 
 headers={'Access-Control-Allow-Origin': '*', 'x-dns-prefetch-control': 'off', 'x-frame-options': 'SAMEORIGIN', 'strict-transport-security': 'max-age=15552000; includeSubDomains', 'x-download-options': 'noopen', 'x-content-type-options': 'nosniff', 'x-xss-protection': '1; mode=block', 'Content-Type': 'application/json; charset=utf-8', 'Content-Length': '82', 'Date': 'Fri, 03 Oct 2025 03:09:01 GMT', 'Connection': 'keep-alive', 'Keep-Alive': 'timeout=5'} 
 body={
    "message": "Cadastro realizado com sucesso",
    "_id": "aSJjX6WBqdyfftP5"
} 
 </msg>
<msg time="2025-10-03T00:09:01.740237" level="INFO">${response} = &lt;Response [201]&gt;</msg>
<var>${response}</var>
<arg>serverest</arg>
<arg>/usuarios</arg>
<arg>json=${payload}</arg>
<arg>expected_status=201</arg>
<doc>Sends a POST request on a previously created HTTP Session.</doc>
<status status="PASS" start="2025-10-03T00:09:01.428217" elapsed="0.312046"/>
</kw>
<kw name="Should Be Equal As Strings" owner="BuiltIn">
<msg time="2025-10-03T00:09:01.740811" level="INFO">Argument types are:
&lt;class 'int'&gt;
&lt;class 'str'&gt;</msg>
<arg>${response.status_code}</arg>
<arg>201</arg>
<doc>Fails if objects are unequal after converting them to strings.</doc>
<status status="PASS" start="2025-10-03T00:09:01.740400" elapsed="0.000463"/>
</kw>
<kw name="Dictionary Should Contain Key" owner="Collections">
<arg>${response.json()}</arg>
<arg>_id</arg>
<doc>Fails if ``key`` is not found from ``dictionary``.</doc>
<status status="PASS" start="2025-10-03T00:09:01.740966" elapsed="0.000405"/>
</kw>
<kw name="Dictionary Should Contain Key" owner="Collections">
<arg>${response.json()}</arg>
<arg>message</arg>
<doc>Fails if ``key`` is not found from ``dictionary``.</doc>
<status status="PASS" start="2025-10-03T00:09:01.741471" elapsed="0.000403"/>
</kw>
<kw name="Should Match Regexp" owner="BuiltIn">
<arg>${response.json()['message']}</arg>
<arg>(?i)cadastro.*sucesso</arg>
<doc>Fails if ``string`` does not match ``pattern`` as a regular expression.</doc>
<status status="PASS" start="2025-10-03T00:09:01.741974" elapsed="0.000428"/>
</kw>
<variable name="${USER_EMAIL}" scope="SUITE">
<msg time="2025-10-03T00:09:01.742601" level="INFO">${USER_EMAIL} = qa17594609414262483408@exemplo.com</msg>
<var>${email}</var>
<status status="PASS" start="2025-10-03T00:09:01.742458" elapsed="0.000168"/>
</variable>
<variable name="${USER_PASS}" scope="SUITE">
<msg time="2025-10-03T00:09:01.742773" level="INFO">${USER_PASS} = 12345</msg>
<var>${VALID_PASSWORD}</var>
<status status="PASS" start="2025-10-03T00:09:01.742673" elapsed="0.000122"/>
</variable>
<return>
<value>${response}</value>
<value>${email}</value>
<status status="PASS" start="2025-10-03T00:09:01.742835" elapsed="0.000034"/>
</return>
<msg time="2025-10-03T00:09:01.743030" level="INFO">${response_cadastro} = &lt;Response [201]&gt;</msg>
<msg time="2025-10-03T00:09:01.743068" level="INFO">${email} = qa17594609414262483408@exemplo.com</msg>
<var>${response_cadastro}</var>
<var>${email}</var>
<arg>${nome_usuario}</arg>
<arg>${isAdmin}</arg>
<doc>Cadastra usuário válido e retorna dados</doc>
<status status="PASS" start="2025-10-03T00:09:01.423254" elapsed="0.319834"/>
</kw>
<variable name="${USER_EMAIL}" scope="SUITE">
<msg time="2025-10-03T00:09:01.743219" level="INFO">${USER_EMAIL} = qa17594609414262483408@exemplo.com</msg>
<var>${email}</var>
<status status="PASS" start="2025-10-03T00:09:01.743136" elapsed="0.000104"/>
</variable>
<variable name="${USER_PASS}" scope="SUITE">
<msg time="2025-10-03T00:09:01.743352" level="INFO">${USER_PASS} = 12345</msg>
<var>${VALID_PASSWORD}</var>
<status status="PASS" start="2025-10-03T00:09:01.743273" elapsed="0.000101"/>
</variable>
<kw name="Realizar Login Com Usuário Cadastrado" owner="login">
<kw name="Create Dictionary" owner="BuiltIn">
<msg time="2025-10-03T00:09:01.743949" level="INFO">${payload} = {'email': 'qa17594609414262483408@exemplo.com', 'password': '12345'}</msg>
<var>${payload}</var>
<arg>email=${USER_EMAIL}</arg>
<arg>password=${USER_PASS}</arg>
<doc>Creates and returns a dictionary based on the given ``items``.</doc>
<status status="PASS" start="2025-10-03T00:09:01.743712" elapsed="0.000263"/>
</kw>
<kw name="POST On Session" owner="RequestsLibrary">
<msg time="2025-10-03T00:09:01.893318" level="INFO">POST Request : url=http://13.218.59.237:3000/login 
 path_url=/login 
 headers={'User-Agent': 'python-requests/2.32.5', 'Accept-Encoding': 'gzip, deflate', 'Accept': '*/*', 'Connection': 'keep-alive', 'Content-Length': '68', 'Content-Type': 'application/json'} 
 body=b'{"email": "qa17594609414262483408@exemplo.com", "password": "12345"}' 
 </msg>
<msg time="2025-10-03T00:09:01.893399" level="INFO">POST Response : url=http://13.218.59.237:3000/login 
 status=200, reason=OK 
 headers={'Access-Control-Allow-Origin': '*', 'x-dns-prefetch-control': 'off', 'x-frame-options': 'SAMEORIGIN', 'strict-transport-security': 'max-age=15552000; includeSubDomains', 'x-download-options': 'noopen', 'x-content-type-options': 'nosniff', 'x-xss-protection': '1; mode=block', 'Content-Type': 'application/json; charset=utf-8', 'Content-Length': '293', 'Date': 'Fri, 03 Oct 2025 03:09:01 GMT', 'Connection': 'keep-alive', 'Keep-Alive': 'timeout=5'} 
 body={
    "message": "Login realizado com sucesso",
    "authorization": "Bearer eyJhbGciOiJIUzI1NiIsInR5cCI6IkpXVCJ9.eyJlbWFpbCI6InFhMTc1OTQ2MDk0MTQyNjI0ODM0MDhAZXhlbXBsby5jb20iLCJwYXNzd29yZCI6IjEyMzQ1IiwiaWF0IjoxNzU5NDYwOTQxLCJleHAiOjE3NTk0NjE1NDF9.DeV0dgFLS_MYP7LzsUIv7Ge-XcVvMr3ac4yJ3c2DJ5U"
} 
 </msg>
<msg time="2025-10-03T00:09:01.893516" level="INFO">${response} = &lt;Response [200]&gt;</msg>
<var>${response}</var>
<arg>serverest</arg>
<arg>/login</arg>
<arg>json=${payload}</arg>
<arg>expected_status=200</arg>
<doc>Sends a POST request on a previously created HTTP Session.</doc>
<status status="PASS" start="2025-10-03T00:09:01.744671" elapsed="0.148876"/>
</kw>
<kw name="Should Be Equal As Strings" owner="BuiltIn">
<msg time="2025-10-03T00:09:01.894428" level="INFO">Argument types are:
&lt;class 'int'&gt;
&lt;class 'str'&gt;</msg>
<arg>${response.status_code}</arg>
<arg>200</arg>
<doc>Fails if objects are unequal after converting them to strings.</doc>
<status status="PASS" start="2025-10-03T00:09:01.893685" elapsed="0.000865"/>
</kw>
<kw name="Dictionary Should Contain Key" owner="Collections">
<arg>${response.json()}</arg>
<arg>authorization</arg>
<doc>Fails if ``key`` is not found from ``dictionary``.</doc>
<status status="PASS" start="2025-10-03T00:09:01.894773" elapsed="0.001150"/>
</kw>
<kw name="Set Variable" owner="BuiltIn">
<msg time="2025-10-03T00:09:01.896824" level="INFO">${token} = Bearer eyJhbGciOiJIUzI1NiIsInR5cCI6IkpXVCJ9.eyJlbWFpbCI6InFhMTc1OTQ2MDk0MTQyNjI0ODM0MDhAZXhlbXBsby5jb20iLCJwYXNzd29yZCI6IjEyMzQ1IiwiaWF0IjoxNzU5NDYwOTQxLCJleHAiOjE3NTk0NjE1NDF9.DeV0dgFLS_MYP7LzsUIv7Ge...</msg>
<var>${token}</var>
<arg>${response.json()['authorization']}</arg>
<doc>Returns the given values which can then be assigned to a variables.</doc>
<status status="PASS" start="2025-10-03T00:09:01.896118" elapsed="0.000752"/>
</kw>
<variable name="${AUTH_TOKEN}" scope="SUITE">
<msg time="2025-10-03T00:09:01.897094" level="INFO">${AUTH_TOKEN} = Bearer eyJhbGciOiJIUzI1NiIsInR5cCI6IkpXVCJ9.eyJlbWFpbCI6InFhMTc1OTQ2MDk0MTQyNjI0ODM0MDhAZXhlbXBsby5jb20iLCJwYXNzd29yZCI6IjEyMzQ1IiwiaWF0IjoxNzU5NDYwOTQxLCJleHAiOjE3NTk0NjE1NDF9.DeV0dgFLS_MYP7LzsUIv7Ge...</msg>
<var>${token}</var>
<status status="PASS" start="2025-10-03T00:09:01.896959" elapsed="0.000167"/>
</variable>
<return>
<value>${response}</value>
<status status="PASS" start="2025-10-03T00:09:01.897269" elapsed="0.000050"/>
</return>
<msg time="2025-10-03T00:09:01.897492" level="INFO">${response_login} = &lt;Response [200]&gt;</msg>
<var>${response_login}</var>
<doc>Realiza login com um usuário válido.</doc>
<status status="PASS" start="2025-10-03T00:09:01.743549" elapsed="0.153974"/>
</kw>
<kw name="Set Variable" owner="BuiltIn">
<msg time="2025-10-03T00:09:01.898178" level="INFO">${token} = Bearer eyJhbGciOiJIUzI1NiIsInR5cCI6IkpXVCJ9.eyJlbWFpbCI6InFhMTc1OTQ2MDk0MTQyNjI0ODM0MDhAZXhlbXBsby5jb20iLCJwYXNzd29yZCI6IjEyMzQ1IiwiaWF0IjoxNzU5NDYwOTQxLCJleHAiOjE3NTk0NjE1NDF9.DeV0dgFLS_MYP7LzsUIv7Ge...</msg>
<var>${token}</var>
<arg>${response_login.json()['authorization']}</arg>
<doc>Returns the given values which can then be assigned to a variables.</doc>
<status status="PASS" start="2025-10-03T00:09:01.897669" elapsed="0.000538"/>
</kw>
<variable name="${AUTH_TOKEN}" scope="SUITE">
<msg time="2025-10-03T00:09:01.898367" level="INFO">${AUTH_TOKEN} = Bearer eyJhbGciOiJIUzI1NiIsInR5cCI6IkpXVCJ9.eyJlbWFpbCI6InFhMTc1OTQ2MDk0MTQyNjI0ODM0MDhAZXhlbXBsby5jb20iLCJwYXNzd29yZCI6IjEyMzQ1IiwiaWF0IjoxNzU5NDYwOTQxLCJleHAiOjE3NTk0NjE1NDF9.DeV0dgFLS_MYP7LzsUIv7Ge...</msg>
<var>${token}</var>
<status status="PASS" start="2025-10-03T00:09:01.898262" elapsed="0.000129"/>
</variable>
<doc>Cria sessão, cadastra usuário, faz login e salva credenciais/token no escopo da suíte.</doc>
<status status="PASS" start="2025-10-03T00:09:01.420196" elapsed="0.478252"/>
</kw>
<test id="s1-s1-t1" name="Cenário 01: Cadastrar Produto ao Carrinho" line="13">
<kw name="Adicionar Produto no Carrinho" owner="carrinho">
<kw name="Cadastrar Novo Produto" owner="produto">
<kw name="Run Keyword If" owner="BuiltIn">
<kw name="Gerar Nome Produto Único" owner="produto">
<kw name="Get Time" owner="BuiltIn">
<msg time="2025-10-03T00:09:01.900540" level="INFO">${timestamp} = 1759460941</msg>
<var>${timestamp}</var>
<arg>epoch</arg>
<doc>Returns the given time in the requested format.</doc>
<status status="PASS" start="2025-10-03T00:09:01.900363" elapsed="0.000204"/>
</kw>
<kw name="Evaluate" owner="BuiltIn">
<msg time="2025-10-03T00:09:01.900950" level="INFO">${microseconds} = 900880</msg>
<var>${microseconds}</var>
<arg>int(time.time() * 1000000) % 1000000</arg>
<arg>modules=time</arg>
<doc>Evaluates the given expression in Python and returns the result.</doc>
<status status="PASS" start="2025-10-03T00:09:01.900704" elapsed="0.000275"/>
</kw>
<kw name="Evaluate" owner="BuiltIn">
<msg time="2025-10-03T00:09:01.901330" level="INFO">${random} = 1403</msg>
<var>${random}</var>
<arg>random.randint(1000, 9999)</arg>
<arg>modules=random</arg>
<doc>Evaluates the given expression in Python and returns the result.</doc>
<status status="PASS" start="2025-10-03T00:09:01.901091" elapsed="0.000268"/>
</kw>
<kw name="Set Variable" owner="BuiltIn">
<msg time="2025-10-03T00:09:01.901678" level="INFO">${unique_name} = Produto17594609419008801403</msg>
<var>${unique_name}</var>
<arg>Produto${timestamp}${microseconds}${random}</arg>
<doc>Returns the given values which can then be assigned to a variables.</doc>
<status status="PASS" start="2025-10-03T00:09:01.901480" elapsed="0.000224"/>
</kw>
<return>
<value>${unique_name}</value>
<status status="PASS" start="2025-10-03T00:09:01.901755" elapsed="0.000037"/>
</return>
<doc>Gera um nome de produto único baseado no timestamp com milissegundos e número aleatório.</doc>
<status status="PASS" start="2025-10-03T00:09:01.900163" elapsed="0.001731"/>
</kw>
<msg time="2025-10-03T00:09:01.901970" level="INFO">${nome_produto} = Produto17594609419008801403</msg>
<var>${nome_produto}</var>
<arg>'${nome}' == 'None'</arg>
<arg>Gerar Nome Produto Único</arg>
<arg>ELSE</arg>
<arg>Set Variable</arg>
<arg>${nome}</arg>
<doc>Runs the given keyword with the given arguments, if ``condition`` is true.</doc>
<status status="PASS" start="2025-10-03T00:09:01.899872" elapsed="0.002121"/>
</kw>
<kw name="Create Dictionary" owner="BuiltIn">
<msg time="2025-10-03T00:09:01.902429" level="INFO">${payload} = {'nome': 'Produto17594609419008801403', 'preco': '199', 'descricao': 'Produto de Teste', 'quantidade': '10'}</msg>
<var>${payload}</var>
<arg>nome=${nome_produto}</arg>
<arg>preco=${preco}</arg>
<arg>descricao=${descricao}</arg>
<arg>quantidade=${quantidade}</arg>
<doc>Creates and returns a dictionary based on the given ``items``.</doc>
<status status="PASS" start="2025-10-03T00:09:01.902136" elapsed="0.000318"/>
</kw>
<kw name="Create Dictionary" owner="BuiltIn">
<msg time="2025-10-03T00:09:01.902882" level="INFO">${headers} = {'Authorization': 'Bearer eyJhbGciOiJIUzI1NiIsInR5cCI6IkpXVCJ9.eyJlbWFpbCI6InFhMTc1OTQ2MDk0MTQyNjI0ODM0MDhAZXhlbXBsby5jb20iLCJwYXNzd29yZCI6IjEyMzQ1IiwiaWF0IjoxNzU5NDYwOTQxLCJleHAiOjE3NTk0NjE1NDF9.DeV0...</msg>
<var>${headers}</var>
<arg>Authorization=${token}</arg>
<doc>Creates and returns a dictionary based on the given ``items``.</doc>
<status status="PASS" start="2025-10-03T00:09:01.902698" elapsed="0.000210"/>
</kw>
<kw name="POST On Session" owner="RequestsLibrary">
<msg time="2025-10-03T00:09:02.053699" level="INFO">POST Request : url=http://13.218.59.237:3000/produtos 
 path_url=/produtos 
 headers={'User-Agent': 'python-requests/2.32.5', 'Accept-Encoding': 'gzip, deflate', 'Accept': '*/*', 'Connection': 'keep-alive', 'Authorization': 'Bearer eyJhbGciOiJIUzI1NiIsInR5cCI6IkpXVCJ9.eyJlbWFpbCI6InFhMTc1OTQ2MDk0MTQyNjI0ODM0MDhAZXhlbXBsby5jb20iLCJwYXNzd29yZCI6IjEyMzQ1IiwiaWF0IjoxNzU5NDYwOTQxLCJleHAiOjE3NTk0NjE1NDF9.DeV0dgFLS_MYP7LzsUIv7Ge-XcVvMr3ac4yJ3c2DJ5U', 'Content-Length': '108', 'Content-Type': 'application/json'} 
 body=b'{"nome": "Produto17594609419008801403", "preco": "199", "descricao": "Produto de Teste", "quantidade": "10"}' 
 </msg>
<msg time="2025-10-03T00:09:02.053782" level="INFO">POST Response : url=http://13.218.59.237:3000/produtos 
 status=201, reason=Created 
 headers={'Access-Control-Allow-Origin': '*', 'x-dns-prefetch-control': 'off', 'x-frame-options': 'SAMEORIGIN', 'strict-transport-security': 'max-age=15552000; includeSubDomains', 'x-download-options': 'noopen', 'x-content-type-options': 'nosniff', 'x-xss-protection': '1; mode=block', 'Content-Type': 'application/json; charset=utf-8', 'Content-Length': '82', 'Date': 'Fri, 03 Oct 2025 03:09:01 GMT', 'Connection': 'keep-alive', 'Keep-Alive': 'timeout=5'} 
 body={
    "message": "Cadastro realizado com sucesso",
    "_id": "Ks3wSkGAknYfMl6x"
} 
 </msg>
<msg time="2025-10-03T00:09:02.053897" level="INFO">${response} = &lt;Response [201]&gt;</msg>
<var>${response}</var>
<arg>serverest</arg>
<arg>/produtos</arg>
<arg>json=${payload}</arg>
<arg>headers=${headers}</arg>
<arg>expected_status=201</arg>
<doc>Sends a POST request on a previously created HTTP Session.</doc>
<status status="PASS" start="2025-10-03T00:09:01.903001" elapsed="0.150921"/>
</kw>
<kw name="Should Be Equal As Strings" owner="BuiltIn">
<msg time="2025-10-03T00:09:02.055832" level="INFO">Argument types are:
&lt;class 'int'&gt;
&lt;class 'str'&gt;</msg>
<arg>${response.status_code}</arg>
<arg>201</arg>
<doc>Fails if objects are unequal after converting them to strings.</doc>
<status status="PASS" start="2025-10-03T00:09:02.054338" elapsed="0.001601"/>
</kw>
<kw name="Dictionary Should Contain Key" owner="Collections">
<arg>${response.json()}</arg>
<arg>_id</arg>
<doc>Fails if ``key`` is not found from ``dictionary``.</doc>
<status status="PASS" start="2025-10-03T00:09:02.056104" elapsed="0.000588"/>
</kw>
<kw name="Dictionary Should Contain Key" owner="Collections">
<arg>${response.json()}</arg>
<arg>message</arg>
<doc>Fails if ``key`` is not found from ``dictionary``.</doc>
<status status="PASS" start="2025-10-03T00:09:02.056931" elapsed="0.000698"/>
</kw>
<kw name="Should Match Regexp" owner="BuiltIn">
<arg>${response.json()['message']}</arg>
<arg>(?i)cadastro.*realizado.*sucesso</arg>
<doc>Fails if ``string`` does not match ``pattern`` as a regular expression.</doc>
<status status="PASS" start="2025-10-03T00:09:02.057753" elapsed="0.000491"/>
</kw>
<return>
<value>${response}</value>
<value>${nome_produto}</value>
<status status="PASS" start="2025-10-03T00:09:02.058296" elapsed="0.000034"/>
</return>
<msg time="2025-10-03T00:09:02.058490" level="INFO">${response_produto} = &lt;Response [201]&gt;</msg>
<msg time="2025-10-03T00:09:02.058530" level="INFO">${nome_produto} = Produto17594609419008801403</msg>
<var>${response_produto}</var>
<var>${nome_produto}</var>
<arg>${token}</arg>
<doc>Cadastra um produto válido. Se o nome não for passado, gera um automaticamente.
Requer um token de autenticação como argumento.</doc>
<status status="PASS" start="2025-10-03T00:09:01.899541" elapsed="0.159009"/>
</kw>
<kw name="Set Variable" owner="BuiltIn">
<msg time="2025-10-03T00:09:02.059046" level="INFO">${produto_id} = Ks3wSkGAknYfMl6x</msg>
<var>${produto_id}</var>
<arg>${response_produto.json()['_id']}</arg>
<doc>Returns the given values which can then be assigned to a variables.</doc>
<status status="PASS" start="2025-10-03T00:09:02.058663" elapsed="0.000408"/>
</kw>
<kw name="Create Dictionary" owner="BuiltIn">
<msg time="2025-10-03T00:09:02.059402" level="INFO">${produto_item} = {'idProduto': 'Ks3wSkGAknYfMl6x', 'quantidade': '1'}</msg>
<var>${produto_item}</var>
<arg>idProduto=${produto_id}</arg>
<arg>quantidade=${quantidade}</arg>
<doc>Creates and returns a dictionary based on the given ``items``.</doc>
<status status="PASS" start="2025-10-03T00:09:02.059178" elapsed="0.000248"/>
</kw>
<kw name="Create List" owner="BuiltIn">
<msg time="2025-10-03T00:09:02.059658" level="INFO">${produtos_array} = [{'idProduto': 'Ks3wSkGAknYfMl6x', 'quantidade': '1'}]</msg>
<var>${produtos_array}</var>
<arg>${produto_item}</arg>
<doc>Returns a list containing given items.</doc>
<status status="PASS" start="2025-10-03T00:09:02.059518" elapsed="0.000163"/>
</kw>
<kw name="Create Dictionary" owner="BuiltIn">
<msg time="2025-10-03T00:09:02.059953" level="INFO">${payload} = {'produtos': [{'idProduto': 'Ks3wSkGAknYfMl6x', 'quantidade': '1'}]}</msg>
<var>${payload}</var>
<arg>produtos=${produtos_array}</arg>
<doc>Creates and returns a dictionary based on the given ``items``.</doc>
<status status="PASS" start="2025-10-03T00:09:02.059778" elapsed="0.000199"/>
</kw>
<kw name="Create Dictionary" owner="BuiltIn">
<msg time="2025-10-03T00:09:02.060236" level="INFO">${headers} = {'Authorization': 'Bearer eyJhbGciOiJIUzI1NiIsInR5cCI6IkpXVCJ9.eyJlbWFpbCI6InFhMTc1OTQ2MDk0MTQyNjI0ODM0MDhAZXhlbXBsby5jb20iLCJwYXNzd29yZCI6IjEyMzQ1IiwiaWF0IjoxNzU5NDYwOTQxLCJleHAiOjE3NTk0NjE1NDF9.DeV0...</msg>
<var>${headers}</var>
<arg>Authorization=${token}</arg>
<doc>Creates and returns a dictionary based on the given ``items``.</doc>
<status status="PASS" start="2025-10-03T00:09:02.060071" elapsed="0.000189"/>
</kw>
<kw name="POST On Session" owner="RequestsLibrary">
<msg time="2025-10-03T00:09:02.212526" level="INFO">POST Request : url=http://13.218.59.237:3000/carrinhos 
 path_url=/carrinhos 
 headers={'User-Agent': 'python-requests/2.32.5', 'Accept-Encoding': 'gzip, deflate', 'Accept': '*/*', 'Connection': 'keep-alive', 'Authorization': 'Bearer eyJhbGciOiJIUzI1NiIsInR5cCI6IkpXVCJ9.eyJlbWFpbCI6InFhMTc1OTQ2MDk0MTQyNjI0ODM0MDhAZXhlbXBsby5jb20iLCJwYXNzd29yZCI6IjEyMzQ1IiwiaWF0IjoxNzU5NDYwOTQxLCJleHAiOjE3NTk0NjE1NDF9.DeV0dgFLS_MYP7LzsUIv7Ge-XcVvMr3ac4yJ3c2DJ5U', 'Content-Length': '68', 'Content-Type': 'application/json'} 
 body=b'{"produtos": [{"idProduto": "Ks3wSkGAknYfMl6x", "quantidade": "1"}]}' 
 </msg>
<msg time="2025-10-03T00:09:02.212619" level="INFO">POST Response : url=http://13.218.59.237:3000/carrinhos 
 status=201, reason=Created 
 headers={'Access-Control-Allow-Origin': '*', 'x-dns-prefetch-control': 'off', 'x-frame-options': 'SAMEORIGIN', 'strict-transport-security': 'max-age=15552000; includeSubDomains', 'x-download-options': 'noopen', 'x-content-type-options': 'nosniff', 'x-xss-protection': '1; mode=block', 'Content-Type': 'application/json; charset=utf-8', 'Content-Length': '82', 'Date': 'Fri, 03 Oct 2025 03:09:02 GMT', 'Connection': 'keep-alive', 'Keep-Alive': 'timeout=5'} 
 body={
    "message": "Cadastro realizado com sucesso",
    "_id": "N5x6Sx7GKU3jSkML"
} 
 </msg>
<msg time="2025-10-03T00:09:02.212736" level="INFO">${response} = &lt;Response [201]&gt;</msg>
<var>${response}</var>
<arg>serverest</arg>
<arg>/carrinhos</arg>
<arg>json=${payload}</arg>
<arg>headers=${headers}</arg>
<arg>expected_status=201</arg>
<doc>Sends a POST request on a previously created HTTP Session.</doc>
<status status="PASS" start="2025-10-03T00:09:02.060349" elapsed="0.152411"/>
</kw>
<kw name="Should Be Equal As Strings" owner="BuiltIn">
<msg time="2025-10-03T00:09:02.213441" level="INFO">Argument types are:
&lt;class 'int'&gt;
&lt;class 'str'&gt;</msg>
<arg>${response.status_code}</arg>
<arg>201</arg>
<doc>Fails if objects are unequal after converting them to strings.</doc>
<status status="PASS" start="2025-10-03T00:09:02.212972" elapsed="0.000524"/>
</kw>
<kw name="Dictionary Should Contain Key" owner="Collections">
<arg>${response.json()}</arg>
<arg>message</arg>
<doc>Fails if ``key`` is not found from ``dictionary``.</doc>
<status status="PASS" start="2025-10-03T00:09:02.213618" elapsed="0.001103"/>
</kw>
<kw name="Should Match Regexp" owner="BuiltIn">
<arg>${response.json()['message']}</arg>
<arg>(?i)cadastro.*realizado.*sucesso</arg>
<doc>Fails if ``string`` does not match ``pattern`` as a regular expression.</doc>
<status status="PASS" start="2025-10-03T00:09:02.215002" elapsed="0.000694"/>
</kw>
<return>
<value>${response}</value>
<value>${produto_id}</value>
<status status="PASS" start="2025-10-03T00:09:02.215771" elapsed="0.000039"/>
</return>
<arg>${AUTH_TOKEN}</arg>
<doc>Adiciona um produto ao carrinho de um usuário</doc>
<status status="PASS" start="2025-10-03T00:09:01.899155" elapsed="0.316839"/>
</kw>
<doc>Testa adicionar um produto ao carrinho de um usuário</doc>
<tag>adicionar</tag>
<tag>carrinho</tag>
<tag>positivo</tag>
<status status="PASS" start="2025-10-03T00:09:01.898516" elapsed="0.318079"/>
</test>
<test id="s1-s1-t2" name="Cenário 02: Concluir Compra" line="18">
<kw name="Concluir Compra" owner="carrinho">
<kw name="Create Dictionary" owner="BuiltIn">
<msg time="2025-10-03T00:09:02.218973" level="INFO">${headers} = {'Authorization': 'Bearer eyJhbGciOiJIUzI1NiIsInR5cCI6IkpXVCJ9.eyJlbWFpbCI6InFhMTc1OTQ2MDk0MTQyNjI0ODM0MDhAZXhlbXBsby5jb20iLCJwYXNzd29yZCI6IjEyMzQ1IiwiaWF0IjoxNzU5NDYwOTQxLCJleHAiOjE3NTk0NjE1NDF9.DeV0...</msg>
<var>${headers}</var>
<arg>Authorization=${token}</arg>
<doc>Creates and returns a dictionary based on the given ``items``.</doc>
<status status="PASS" start="2025-10-03T00:09:02.218140" elapsed="0.000869"/>
</kw>
<kw name="DELETE On Session" owner="RequestsLibrary">
<msg time="2025-10-03T00:09:02.367609" level="INFO">DELETE Request : url=http://13.218.59.237:3000/carrinhos/concluir-compra 
 path_url=/carrinhos/concluir-compra 
 headers={'User-Agent': 'python-requests/2.32.5', 'Accept-Encoding': 'gzip, deflate', 'Accept': '*/*', 'Connection': 'keep-alive', 'Authorization': 'Bearer eyJhbGciOiJIUzI1NiIsInR5cCI6IkpXVCJ9.eyJlbWFpbCI6InFhMTc1OTQ2MDk0MTQyNjI0ODM0MDhAZXhlbXBsby5jb20iLCJwYXNzd29yZCI6IjEyMzQ1IiwiaWF0IjoxNzU5NDYwOTQxLCJleHAiOjE3NTk0NjE1NDF9.DeV0dgFLS_MYP7LzsUIv7Ge-XcVvMr3ac4yJ3c2DJ5U', 'Content-Length': '0'} 
 body=None 
 </msg>
<msg time="2025-10-03T00:09:02.367694" level="INFO">DELETE Response : url=http://13.218.59.237:3000/carrinhos/concluir-compra 
 status=200, reason=OK 
 headers={'Access-Control-Allow-Origin': '*', 'x-dns-prefetch-control': 'off', 'x-frame-options': 'SAMEORIGIN', 'strict-transport-security': 'max-age=15552000; includeSubDomains', 'x-download-options': 'noopen', 'x-content-type-options': 'nosniff', 'x-xss-protection': '1; mode=block', 'Content-Type': 'application/json; charset=utf-8', 'Content-Length': '51', 'Date': 'Fri, 03 Oct 2025 03:09:02 GMT', 'Connection': 'keep-alive', 'Keep-Alive': 'timeout=5'} 
 body={
    "message": "Registro excluído com sucesso"
} 
 </msg>
<msg time="2025-10-03T00:09:02.367824" level="INFO">${response} = &lt;Response [200]&gt;</msg>
<var>${response}</var>
<arg>serverest</arg>
<arg>/carrinhos/concluir-compra</arg>
<arg>headers=${headers}</arg>
<arg>expected_status=200</arg>
<doc>Sends a DELETE request on a previously created HTTP Session.</doc>
<status status="PASS" start="2025-10-03T00:09:02.219134" elapsed="0.148716"/>
</kw>
<kw name="Should Be Equal As Strings" owner="BuiltIn">
<msg time="2025-10-03T00:09:02.368422" level="INFO">Argument types are:
&lt;class 'int'&gt;
&lt;class 'str'&gt;</msg>
<arg>${response.status_code}</arg>
<arg>200</arg>
<doc>Fails if objects are unequal after converting them to strings.</doc>
<status status="PASS" start="2025-10-03T00:09:02.368016" elapsed="0.000457"/>
</kw>
<kw name="Dictionary Should Contain Key" owner="Collections">
<arg>${response.json()}</arg>
<arg>message</arg>
<doc>Fails if ``key`` is not found from ``dictionary``.</doc>
<status status="PASS" start="2025-10-03T00:09:02.368581" elapsed="0.000414"/>
</kw>
<kw name="Should Match Regexp" owner="BuiltIn">
<arg>${response.json()['message']}</arg>
<arg>(?i)registro.*excluído.*sucesso</arg>
<doc>Fails if ``string`` does not match ``pattern`` as a regular expression.</doc>
<status status="PASS" start="2025-10-03T00:09:02.369097" elapsed="0.000445"/>
</kw>
<return>
<value>${response}</value>
<status status="PASS" start="2025-10-03T00:09:02.369594" elapsed="0.000032"/>
</return>
<arg>${AUTH_TOKEN}</arg>
<doc>Conclui a compra do carrinho de um usuário</doc>
<status status="PASS" start="2025-10-03T00:09:02.217851" elapsed="0.151868"/>
</kw>
<doc>Testa concluir a compra do carrinho de um usuário</doc>
<tag>carrinho</tag>
<tag>concluir</tag>
<tag>positivo</tag>
<status status="PASS" start="2025-10-03T00:09:02.217355" elapsed="0.152584"/>
</test>
<test id="s1-s1-t3" name="Cenário 03: Cancelar Compra" line="23">
<kw name="Cancelar Compra" owner="carrinho">
<kw name="Adicionar Produto no Carrinho" owner="carrinho">
<kw name="Cadastrar Novo Produto" owner="produto">
<kw name="Run Keyword If" owner="BuiltIn">
<kw name="Gerar Nome Produto Único" owner="produto">
<kw name="Get Time" owner="BuiltIn">
<msg time="2025-10-03T00:09:02.372285" level="INFO">${timestamp} = 1759460942</msg>
<var>${timestamp}</var>
<arg>epoch</arg>
<doc>Returns the given time in the requested format.</doc>
<status status="PASS" start="2025-10-03T00:09:02.372122" elapsed="0.000189"/>
</kw>
<kw name="Evaluate" owner="BuiltIn">
<msg time="2025-10-03T00:09:02.372603" level="INFO">${microseconds} = 372551</msg>
<var>${microseconds}</var>
<arg>int(time.time() * 1000000) % 1000000</arg>
<arg>modules=time</arg>
<doc>Evaluates the given expression in Python and returns the result.</doc>
<status status="PASS" start="2025-10-03T00:09:02.372408" elapsed="0.000219"/>
</kw>
<kw name="Evaluate" owner="BuiltIn">
<msg time="2025-10-03T00:09:02.372896" level="INFO">${random} = 9087</msg>
<var>${random}</var>
<arg>random.randint(1000, 9999)</arg>
<arg>modules=random</arg>
<doc>Evaluates the given expression in Python and returns the result.</doc>
<status status="PASS" start="2025-10-03T00:09:02.372719" elapsed="0.000200"/>
</kw>
<kw name="Set Variable" owner="BuiltIn">
<msg time="2025-10-03T00:09:02.373204" level="INFO">${unique_name} = Produto17594609423725519087</msg>
<var>${unique_name}</var>
<arg>Produto${timestamp}${microseconds}${random}</arg>
<doc>Returns the given values which can then be assigned to a variables.</doc>
<status status="PASS" start="2025-10-03T00:09:02.373032" elapsed="0.000195"/>
</kw>
<return>
<value>${unique_name}</value>
<status status="PASS" start="2025-10-03T00:09:02.373272" elapsed="0.000033"/>
</return>
<doc>Gera um nome de produto único baseado no timestamp com milissegundos e número aleatório.</doc>
<status status="PASS" start="2025-10-03T00:09:02.371933" elapsed="0.001460"/>
</kw>
<msg time="2025-10-03T00:09:02.373463" level="INFO">${nome_produto} = Produto17594609423725519087</msg>
<var>${nome_produto}</var>
<arg>'${nome}' == 'None'</arg>
<arg>Gerar Nome Produto Único</arg>
<arg>ELSE</arg>
<arg>Set Variable</arg>
<arg>${nome}</arg>
<doc>Runs the given keyword with the given arguments, if ``condition`` is true.</doc>
<status status="PASS" start="2025-10-03T00:09:02.371665" elapsed="0.001819"/>
</kw>
<kw name="Create Dictionary" owner="BuiltIn">
<msg time="2025-10-03T00:09:02.374384" level="INFO">${payload} = {'nome': 'Produto17594609423725519087', 'preco': '199', 'descricao': 'Produto de Teste', 'quantidade': '10'}</msg>
<var>${payload}</var>
<arg>nome=${nome_produto}</arg>
<arg>preco=${preco}</arg>
<arg>descricao=${descricao}</arg>
<arg>quantidade=${quantidade}</arg>
<doc>Creates and returns a dictionary based on the given ``items``.</doc>
<status status="PASS" start="2025-10-03T00:09:02.373593" elapsed="0.000849"/>
</kw>
<kw name="Create Dictionary" owner="BuiltIn">
<msg time="2025-10-03T00:09:02.375459" level="INFO">${headers} = {'Authorization': 'Bearer eyJhbGciOiJIUzI1NiIsInR5cCI6IkpXVCJ9.eyJlbWFpbCI6InFhMTc1OTQ2MDk0MTQyNjI0ODM0MDhAZXhlbXBsby5jb20iLCJwYXNzd29yZCI6IjEyMzQ1IiwiaWF0IjoxNzU5NDYwOTQxLCJleHAiOjE3NTk0NjE1NDF9.DeV0...</msg>
<var>${headers}</var>
<arg>Authorization=${token}</arg>
<doc>Creates and returns a dictionary based on the given ``items``.</doc>
<status status="PASS" start="2025-10-03T00:09:02.374905" elapsed="0.000594"/>
</kw>
<kw name="POST On Session" owner="RequestsLibrary">
<msg time="2025-10-03T00:09:02.526164" level="INFO">POST Request : url=http://13.218.59.237:3000/produtos 
 path_url=/produtos 
 headers={'User-Agent': 'python-requests/2.32.5', 'Accept-Encoding': 'gzip, deflate', 'Accept': '*/*', 'Connection': 'keep-alive', 'Authorization': 'Bearer eyJhbGciOiJIUzI1NiIsInR5cCI6IkpXVCJ9.eyJlbWFpbCI6InFhMTc1OTQ2MDk0MTQyNjI0ODM0MDhAZXhlbXBsby5jb20iLCJwYXNzd29yZCI6IjEyMzQ1IiwiaWF0IjoxNzU5NDYwOTQxLCJleHAiOjE3NTk0NjE1NDF9.DeV0dgFLS_MYP7LzsUIv7Ge-XcVvMr3ac4yJ3c2DJ5U', 'Content-Length': '108', 'Content-Type': 'application/json'} 
 body=b'{"nome": "Produto17594609423725519087", "preco": "199", "descricao": "Produto de Teste", "quantidade": "10"}' 
 </msg>
<msg time="2025-10-03T00:09:02.526245" level="INFO">POST Response : url=http://13.218.59.237:3000/produtos 
 status=201, reason=Created 
 headers={'Access-Control-Allow-Origin': '*', 'x-dns-prefetch-control': 'off', 'x-frame-options': 'SAMEORIGIN', 'strict-transport-security': 'max-age=15552000; includeSubDomains', 'x-download-options': 'noopen', 'x-content-type-options': 'nosniff', 'x-xss-protection': '1; mode=block', 'Content-Type': 'application/json; charset=utf-8', 'Content-Length': '82', 'Date': 'Fri, 03 Oct 2025 03:09:02 GMT', 'Connection': 'keep-alive', 'Keep-Alive': 'timeout=5'} 
 body={
    "message": "Cadastro realizado com sucesso",
    "_id": "Dz3PAcOBhn3XvTpI"
} 
 </msg>
<msg time="2025-10-03T00:09:02.526358" level="INFO">${response} = &lt;Response [201]&gt;</msg>
<var>${response}</var>
<arg>serverest</arg>
<arg>/produtos</arg>
<arg>json=${payload}</arg>
<arg>headers=${headers}</arg>
<arg>expected_status=201</arg>
<doc>Sends a POST request on a previously created HTTP Session.</doc>
<status status="PASS" start="2025-10-03T00:09:02.375653" elapsed="0.150730"/>
</kw>
<kw name="Should Be Equal As Strings" owner="BuiltIn">
<msg time="2025-10-03T00:09:02.526943" level="INFO">Argument types are:
&lt;class 'int'&gt;
&lt;class 'str'&gt;</msg>
<arg>${response.status_code}</arg>
<arg>201</arg>
<doc>Fails if objects are unequal after converting them to strings.</doc>
<status status="PASS" start="2025-10-03T00:09:02.526522" elapsed="0.000471"/>
</kw>
<kw name="Dictionary Should Contain Key" owner="Collections">
<arg>${response.json()}</arg>
<arg>_id</arg>
<doc>Fails if ``key`` is not found from ``dictionary``.</doc>
<status status="PASS" start="2025-10-03T00:09:02.527095" elapsed="0.000435"/>
</kw>
<kw name="Dictionary Should Contain Key" owner="Collections">
<arg>${response.json()}</arg>
<arg>message</arg>
<doc>Fails if ``key`` is not found from ``dictionary``.</doc>
<status status="PASS" start="2025-10-03T00:09:02.527631" elapsed="0.000398"/>
</kw>
<kw name="Should Match Regexp" owner="BuiltIn">
<arg>${response.json()['message']}</arg>
<arg>(?i)cadastro.*realizado.*sucesso</arg>
<doc>Fails if ``string`` does not match ``pattern`` as a regular expression.</doc>
<status status="PASS" start="2025-10-03T00:09:02.528129" elapsed="0.000373"/>
</kw>
<return>
<value>${response}</value>
<value>${nome_produto}</value>
<status status="PASS" start="2025-10-03T00:09:02.528553" elapsed="0.000031"/>
</return>
<msg time="2025-10-03T00:09:02.528736" level="INFO">${response_produto} = &lt;Response [201]&gt;</msg>
<msg time="2025-10-03T00:09:02.528775" level="INFO">${nome_produto} = Produto17594609423725519087</msg>
<var>${response_produto}</var>
<var>${nome_produto}</var>
<arg>${token}</arg>
<doc>Cadastra um produto válido. Se o nome não for passado, gera um automaticamente.
Requer um token de autenticação como argumento.</doc>
<status status="PASS" start="2025-10-03T00:09:02.371389" elapsed="0.157407"/>
</kw>
<kw name="Set Variable" owner="BuiltIn">
<msg time="2025-10-03T00:09:02.529269" level="INFO">${produto_id} = Dz3PAcOBhn3XvTpI</msg>
<var>${produto_id}</var>
<arg>${response_produto.json()['_id']}</arg>
<doc>Returns the given values which can then be assigned to a variables.</doc>
<status status="PASS" start="2025-10-03T00:09:02.528897" elapsed="0.000397"/>
</kw>
<kw name="Create Dictionary" owner="BuiltIn">
<msg time="2025-10-03T00:09:02.529635" level="INFO">${produto_item} = {'idProduto': 'Dz3PAcOBhn3XvTpI', 'quantidade': '1'}</msg>
<var>${produto_item}</var>
<arg>idProduto=${produto_id}</arg>
<arg>quantidade=${quantidade}</arg>
<doc>Creates and returns a dictionary based on the given ``items``.</doc>
<status status="PASS" start="2025-10-03T00:09:02.529397" elapsed="0.000263"/>
</kw>
<kw name="Create List" owner="BuiltIn">
<msg time="2025-10-03T00:09:02.529881" level="INFO">${produtos_array} = [{'idProduto': 'Dz3PAcOBhn3XvTpI', 'quantidade': '1'}]</msg>
<var>${produtos_array}</var>
<arg>${produto_item}</arg>
<doc>Returns a list containing given items.</doc>
<status status="PASS" start="2025-10-03T00:09:02.529751" elapsed="0.000153"/>
</kw>
<kw name="Create Dictionary" owner="BuiltIn">
<msg time="2025-10-03T00:09:02.530169" level="INFO">${payload} = {'produtos': [{'idProduto': 'Dz3PAcOBhn3XvTpI', 'quantidade': '1'}]}</msg>
<var>${payload}</var>
<arg>produtos=${produtos_array}</arg>
<doc>Creates and returns a dictionary based on the given ``items``.</doc>
<status status="PASS" start="2025-10-03T00:09:02.529995" elapsed="0.000198"/>
</kw>
<kw name="Create Dictionary" owner="BuiltIn">
<msg time="2025-10-03T00:09:02.530447" level="INFO">${headers} = {'Authorization': 'Bearer eyJhbGciOiJIUzI1NiIsInR5cCI6IkpXVCJ9.eyJlbWFpbCI6InFhMTc1OTQ2MDk0MTQyNjI0ODM0MDhAZXhlbXBsby5jb20iLCJwYXNzd29yZCI6IjEyMzQ1IiwiaWF0IjoxNzU5NDYwOTQxLCJleHAiOjE3NTk0NjE1NDF9.DeV0...</msg>
<var>${headers}</var>
<arg>Authorization=${token}</arg>
<doc>Creates and returns a dictionary based on the given ``items``.</doc>
<status status="PASS" start="2025-10-03T00:09:02.530283" elapsed="0.000187"/>
</kw>
<kw name="POST On Session" owner="RequestsLibrary">
<msg time="2025-10-03T00:09:02.679371" level="INFO">POST Request : url=http://13.218.59.237:3000/carrinhos 
 path_url=/carrinhos 
 headers={'User-Agent': 'python-requests/2.32.5', 'Accept-Encoding': 'gzip, deflate', 'Accept': '*/*', 'Connection': 'keep-alive', 'Authorization': 'Bearer eyJhbGciOiJIUzI1NiIsInR5cCI6IkpXVCJ9.eyJlbWFpbCI6InFhMTc1OTQ2MDk0MTQyNjI0ODM0MDhAZXhlbXBsby5jb20iLCJwYXNzd29yZCI6IjEyMzQ1IiwiaWF0IjoxNzU5NDYwOTQxLCJleHAiOjE3NTk0NjE1NDF9.DeV0dgFLS_MYP7LzsUIv7Ge-XcVvMr3ac4yJ3c2DJ5U', 'Content-Length': '68', 'Content-Type': 'application/json'} 
 body=b'{"produtos": [{"idProduto": "Dz3PAcOBhn3XvTpI", "quantidade": "1"}]}' 
 </msg>
<msg time="2025-10-03T00:09:02.679453" level="INFO">POST Response : url=http://13.218.59.237:3000/carrinhos 
 status=201, reason=Created 
 headers={'Access-Control-Allow-Origin': '*', 'x-dns-prefetch-control': 'off', 'x-frame-options': 'SAMEORIGIN', 'strict-transport-security': 'max-age=15552000; includeSubDomains', 'x-download-options': 'noopen', 'x-content-type-options': 'nosniff', 'x-xss-protection': '1; mode=block', 'Content-Type': 'application/json; charset=utf-8', 'Content-Length': '82', 'Date': 'Fri, 03 Oct 2025 03:09:02 GMT', 'Connection': 'keep-alive', 'Keep-Alive': 'timeout=5'} 
 body={
    "message": "Cadastro realizado com sucesso",
    "_id": "M0jT0CAfK6vOP8bk"
} 
 </msg>
<msg time="2025-10-03T00:09:02.679565" level="INFO">${response} = &lt;Response [201]&gt;</msg>
<var>${response}</var>
<arg>serverest</arg>
<arg>/carrinhos</arg>
<arg>json=${payload}</arg>
<arg>headers=${headers}</arg>
<arg>expected_status=201</arg>
<doc>Sends a POST request on a previously created HTTP Session.</doc>
<status status="PASS" start="2025-10-03T00:09:02.530560" elapsed="0.149086"/>
</kw>
<kw name="Should Be Equal As Strings" owner="BuiltIn">
<msg time="2025-10-03T00:09:02.680215" level="INFO">Argument types are:
&lt;class 'int'&gt;
&lt;class 'str'&gt;</msg>
<arg>${response.status_code}</arg>
<arg>201</arg>
<doc>Fails if objects are unequal after converting them to strings.</doc>
<status status="PASS" start="2025-10-03T00:09:02.679787" elapsed="0.000482"/>
</kw>
<kw name="Dictionary Should Contain Key" owner="Collections">
<arg>${response.json()}</arg>
<arg>message</arg>
<doc>Fails if ``key`` is not found from ``dictionary``.</doc>
<status status="PASS" start="2025-10-03T00:09:02.680378" elapsed="0.000446"/>
</kw>
<kw name="Should Match Regexp" owner="BuiltIn">
<arg>${response.json()['message']}</arg>
<arg>(?i)cadastro.*realizado.*sucesso</arg>
<doc>Fails if ``string`` does not match ``pattern`` as a regular expression.</doc>
<status status="PASS" start="2025-10-03T00:09:02.680926" elapsed="0.000379"/>
</kw>
<return>
<value>${response}</value>
<value>${produto_id}</value>
<status status="PASS" start="2025-10-03T00:09:02.681356" elapsed="0.000031"/>
</return>
<msg time="2025-10-03T00:09:02.681540" level="INFO">${response_carrinho} = &lt;Response [201]&gt;</msg>
<msg time="2025-10-03T00:09:02.681579" level="INFO">${produto_id} = Dz3PAcOBhn3XvTpI</msg>
<var>${response_carrinho}</var>
<var>${produto_id}</var>
<arg>${token}</arg>
<doc>Adiciona um produto ao carrinho de um usuário</doc>
<status status="PASS" start="2025-10-03T00:09:02.371086" elapsed="0.310513"/>
</kw>
<kw name="Create Dictionary" owner="BuiltIn">
<msg time="2025-10-03T00:09:02.681888" level="INFO">${headers} = {'Authorization': 'Bearer eyJhbGciOiJIUzI1NiIsInR5cCI6IkpXVCJ9.eyJlbWFpbCI6InFhMTc1OTQ2MDk0MTQyNjI0ODM0MDhAZXhlbXBsby5jb20iLCJwYXNzd29yZCI6IjEyMzQ1IiwiaWF0IjoxNzU5NDYwOTQxLCJleHAiOjE3NTk0NjE1NDF9.DeV0...</msg>
<var>${headers}</var>
<arg>Authorization=${token}</arg>
<doc>Creates and returns a dictionary based on the given ``items``.</doc>
<status status="PASS" start="2025-10-03T00:09:02.681704" elapsed="0.000209"/>
</kw>
<kw name="DELETE On Session" owner="RequestsLibrary">
<msg time="2025-10-03T00:09:02.834198" level="INFO">DELETE Request : url=http://13.218.59.237:3000/carrinhos/cancelar-compra 
 path_url=/carrinhos/cancelar-compra 
 headers={'User-Agent': 'python-requests/2.32.5', 'Accept-Encoding': 'gzip, deflate', 'Accept': '*/*', 'Connection': 'keep-alive', 'Authorization': 'Bearer eyJhbGciOiJIUzI1NiIsInR5cCI6IkpXVCJ9.eyJlbWFpbCI6InFhMTc1OTQ2MDk0MTQyNjI0ODM0MDhAZXhlbXBsby5jb20iLCJwYXNzd29yZCI6IjEyMzQ1IiwiaWF0IjoxNzU5NDYwOTQxLCJleHAiOjE3NTk0NjE1NDF9.DeV0dgFLS_MYP7LzsUIv7Ge-XcVvMr3ac4yJ3c2DJ5U', 'Content-Length': '0'} 
 body=None 
 </msg>
<msg time="2025-10-03T00:09:02.834285" level="INFO">DELETE Response : url=http://13.218.59.237:3000/carrinhos/cancelar-compra 
 status=200, reason=OK 
 headers={'Access-Control-Allow-Origin': '*', 'x-dns-prefetch-control': 'off', 'x-frame-options': 'SAMEORIGIN', 'strict-transport-security': 'max-age=15552000; includeSubDomains', 'x-download-options': 'noopen', 'x-content-type-options': 'nosniff', 'x-xss-protection': '1; mode=block', 'Content-Type': 'application/json; charset=utf-8', 'Content-Length': '86', 'Date': 'Fri, 03 Oct 2025 03:09:02 GMT', 'Connection': 'keep-alive', 'Keep-Alive': 'timeout=5'} 
 body={
    "message": "Registro excluído com sucesso. Estoque dos produtos reabastecido"
} 
 </msg>
<msg time="2025-10-03T00:09:02.834405" level="INFO">${response} = &lt;Response [200]&gt;</msg>
<var>${response}</var>
<arg>serverest</arg>
<arg>/carrinhos/cancelar-compra</arg>
<arg>headers=${headers}</arg>
<arg>expected_status=200</arg>
<doc>Sends a DELETE request on a previously created HTTP Session.</doc>
<status status="PASS" start="2025-10-03T00:09:02.682006" elapsed="0.152423"/>
</kw>
<kw name="Should Be Equal As Strings" owner="BuiltIn">
<msg time="2025-10-03T00:09:02.835015" level="INFO">Argument types are:
&lt;class 'int'&gt;
&lt;class 'str'&gt;</msg>
<arg>${response.status_code}</arg>
<arg>200</arg>
<doc>Fails if objects are unequal after converting them to strings.</doc>
<status status="PASS" start="2025-10-03T00:09:02.834569" elapsed="0.000499"/>
</kw>
<kw name="Dictionary Should Contain Key" owner="Collections">
<arg>${response.json()}</arg>
<arg>message</arg>
<doc>Fails if ``key`` is not found from ``dictionary``.</doc>
<status status="PASS" start="2025-10-03T00:09:02.835179" elapsed="0.000432"/>
</kw>
<kw name="Should Match Regexp" owner="BuiltIn">
<arg>${response.json()['message']}</arg>
<arg>(?i)registro.*excluído.*sucesso</arg>
<doc>Fails if ``string`` does not match ``pattern`` as a regular expression.</doc>
<status status="PASS" start="2025-10-03T00:09:02.835716" elapsed="0.000368"/>
</kw>
<return>
<value>${response}</value>
<status status="PASS" start="2025-10-03T00:09:02.836137" elapsed="0.000037"/>
</return>
<arg>${AUTH_TOKEN}</arg>
<doc>Cancela a compra do carrinho de um usuário</doc>
<status status="PASS" start="2025-10-03T00:09:02.370770" elapsed="0.465499"/>
</kw>
<doc>Testa cancelar a compra do carrinho de um usuário</doc>
<tag>cancelar</tag>
<tag>carrinho</tag>
<tag>positivo</tag>
<status status="PASS" start="2025-10-03T00:09:02.370332" elapsed="0.466188"/>
</test>
<kw name="Delete All Sessions" owner="RequestsLibrary" type="TEARDOWN">
<msg time="2025-10-03T00:09:02.837250" level="INFO">Deleting All Sessions</msg>
<doc>Removes all the session objects</doc>
<status status="PASS" start="2025-10-03T00:09:02.837165" elapsed="0.000169"/>
</kw>
<doc>Testes de ações com Carrinho.</doc>
<status status="PASS" start="2025-10-03T00:09:01.077256" elapsed="1.760114"/>
</suite>
<suite id="s1-s2" name="Login" source="D:\Documentos\COMPASS\serverest-web-robot\tests\login.robot">
<kw name="Setup e Autenticar na Suite" owner="login" type="SETUP">
<kw name="Create Session" owner="RequestsLibrary">
<msg time="2025-10-03T00:09:02.850531" level="INFO">Creating Session using : alias=serverest, url=http://13.218.59.237:3000, headers={},                     cookies={}, auth=None, timeout=None, proxies=None, verify=False,                     debug=0 </msg>
<arg>serverest</arg>
<arg>${BASE_URL}</arg>
<doc>Create Session: create a HTTP session to a server</doc>
<status status="PASS" start="2025-10-03T00:09:02.850384" elapsed="0.000335"/>
</kw>
<kw name="Cadastrar Usuário Válido" owner="usuario">
<kw name="Gerar Email Unico" owner="usuario">
<kw name="Get Time" owner="BuiltIn">
<msg time="2025-10-03T00:09:02.852311" level="INFO">${timestamp} = 1759460942</msg>
<var>${timestamp}</var>
<arg>epoch</arg>
<doc>Returns the given time in the requested format.</doc>
<status status="PASS" start="2025-10-03T00:09:02.851899" elapsed="0.000450"/>
</kw>
<kw name="Evaluate" owner="BuiltIn">
<msg time="2025-10-03T00:09:02.852708" level="INFO">${microseconds} = 852649</msg>
<var>${microseconds}</var>
<arg>int(time.time() * 1000000) % 1000000</arg>
<arg>modules=time</arg>
<doc>Evaluates the given expression in Python and returns the result.</doc>
<status status="PASS" start="2025-10-03T00:09:02.852471" elapsed="0.000262"/>
</kw>
<kw name="Evaluate" owner="BuiltIn">
<msg time="2025-10-03T00:09:02.853029" level="INFO">${random} = 3452</msg>
<var>${random}</var>
<arg>random.randint(1000, 9999)</arg>
<arg>modules=random</arg>
<doc>Evaluates the given expression in Python and returns the result.</doc>
<status status="PASS" start="2025-10-03T00:09:02.852835" elapsed="0.000230"/>
</kw>
<kw name="Set Variable" owner="BuiltIn">
<msg time="2025-10-03T00:09:02.853346" level="INFO">${unique_email} = qa17594609428526493452@exemplo.com</msg>
<var>${unique_email}</var>
<arg>qa${timestamp}${microseconds}${random}@exemplo.com</arg>
<doc>Returns the given values which can then be assigned to a variables.</doc>
<status status="PASS" start="2025-10-03T00:09:02.853166" elapsed="0.000204"/>
</kw>
<return>
<value>${unique_email}</value>
<status status="PASS" start="2025-10-03T00:09:02.853594" elapsed="0.000066"/>
</return>
<msg time="2025-10-03T00:09:02.853937" level="INFO">${email} = qa17594609428526493452@exemplo.com</msg>
<var>${email}</var>
<doc>Gera um e-mail único baseado no timestamp com milissegundos.</doc>
<status status="PASS" start="2025-10-03T00:09:02.851566" elapsed="0.002740"/>
</kw>
<kw name="Create Dictionary" owner="BuiltIn">
<msg time="2025-10-03T00:09:02.854991" level="INFO">${payload} = {'nome': 'QA User', 'email': 'qa17594609428526493452@exemplo.com', 'password': '12345', 'administrador': 'true'}</msg>
<var>${payload}</var>
<arg>nome=${nome}</arg>
<arg>email=${email}</arg>
<arg>password=${VALID_PASSWORD}</arg>
<arg>administrador=${administrador}</arg>
<doc>Creates and returns a dictionary based on the given ``items``.</doc>
<status status="PASS" start="2025-10-03T00:09:02.854504" elapsed="0.000603"/>
</kw>
<kw name="POST On Session" owner="RequestsLibrary">
<msg time="2025-10-03T00:09:03.149012" level="INFO">POST Request : url=http://13.218.59.237:3000/usuarios 
 path_url=/usuarios 
 headers={'User-Agent': 'python-requests/2.32.5', 'Accept-Encoding': 'gzip, deflate', 'Accept': '*/*', 'Connection': 'keep-alive', 'Content-Length': '112', 'Content-Type': 'application/json'} 
 body=b'{"nome": "QA User", "email": "qa17594609428526493452@exemplo.com", "password": "12345", "administrador": "true"}' 
 </msg>
<msg time="2025-10-03T00:09:03.149090" level="INFO">POST Response : url=http://13.218.59.237:3000/usuarios 
 status=201, reason=Created 
 headers={'Access-Control-Allow-Origin': '*', 'x-dns-prefetch-control': 'off', 'x-frame-options': 'SAMEORIGIN', 'strict-transport-security': 'max-age=15552000; includeSubDomains', 'x-download-options': 'noopen', 'x-content-type-options': 'nosniff', 'x-xss-protection': '1; mode=block', 'Content-Type': 'application/json; charset=utf-8', 'Content-Length': '82', 'Date': 'Fri, 03 Oct 2025 03:09:02 GMT', 'Connection': 'keep-alive', 'Keep-Alive': 'timeout=5'} 
 body={
    "message": "Cadastro realizado com sucesso",
    "_id": "Wg9tOw9zqSPDS10O"
} 
 </msg>
<msg time="2025-10-03T00:09:03.149206" level="INFO">${response} = &lt;Response [201]&gt;</msg>
<var>${response}</var>
<arg>serverest</arg>
<arg>/usuarios</arg>
<arg>json=${payload}</arg>
<arg>expected_status=201</arg>
<doc>Sends a POST request on a previously created HTTP Session.</doc>
<status status="PASS" start="2025-10-03T00:09:02.855348" elapsed="0.293883"/>
</kw>
<kw name="Should Be Equal As Strings" owner="BuiltIn">
<msg time="2025-10-03T00:09:03.149776" level="INFO">Argument types are:
&lt;class 'int'&gt;
&lt;class 'str'&gt;</msg>
<arg>${response.status_code}</arg>
<arg>201</arg>
<doc>Fails if objects are unequal after converting them to strings.</doc>
<status status="PASS" start="2025-10-03T00:09:03.149364" elapsed="0.000467"/>
</kw>
<kw name="Dictionary Should Contain Key" owner="Collections">
<arg>${response.json()}</arg>
<arg>_id</arg>
<doc>Fails if ``key`` is not found from ``dictionary``.</doc>
<status status="PASS" start="2025-10-03T00:09:03.149944" elapsed="0.000415"/>
</kw>
<kw name="Dictionary Should Contain Key" owner="Collections">
<arg>${response.json()}</arg>
<arg>message</arg>
<doc>Fails if ``key`` is not found from ``dictionary``.</doc>
<status status="PASS" start="2025-10-03T00:09:03.150456" elapsed="0.000374"/>
</kw>
<kw name="Should Match Regexp" owner="BuiltIn">
<arg>${response.json()['message']}</arg>
<arg>(?i)cadastro.*sucesso</arg>
<doc>Fails if ``string`` does not match ``pattern`` as a regular expression.</doc>
<status status="PASS" start="2025-10-03T00:09:03.150926" elapsed="0.000350"/>
</kw>
<variable name="${USER_EMAIL}" scope="SUITE">
<msg time="2025-10-03T00:09:03.151441" level="INFO">${USER_EMAIL} = qa17594609428526493452@exemplo.com</msg>
<var>${email}</var>
<status status="PASS" start="2025-10-03T00:09:03.151329" elapsed="0.000136"/>
</variable>
<variable name="${USER_PASS}" scope="SUITE">
<msg time="2025-10-03T00:09:03.151602" level="INFO">${USER_PASS} = 12345</msg>
<var>${VALID_PASSWORD}</var>
<status status="PASS" start="2025-10-03T00:09:03.151504" elapsed="0.000121"/>
</variable>
<return>
<value>${response}</value>
<value>${email}</value>
<status status="PASS" start="2025-10-03T00:09:03.151662" elapsed="0.000027"/>
</return>
<msg time="2025-10-03T00:09:03.151830" level="INFO">${response_cadastro} = &lt;Response [201]&gt;</msg>
<msg time="2025-10-03T00:09:03.151866" level="INFO">${email} = qa17594609428526493452@exemplo.com</msg>
<var>${response_cadastro}</var>
<var>${email}</var>
<arg>${nome_usuario}</arg>
<arg>${isAdmin}</arg>
<doc>Cadastra usuário válido e retorna dados</doc>
<status status="PASS" start="2025-10-03T00:09:02.850999" elapsed="0.300887"/>
</kw>
<variable name="${USER_EMAIL}" scope="SUITE">
<msg time="2025-10-03T00:09:03.152014" level="INFO">${USER_EMAIL} = qa17594609428526493452@exemplo.com</msg>
<var>${email}</var>
<status status="PASS" start="2025-10-03T00:09:03.151933" elapsed="0.000101"/>
</variable>
<variable name="${USER_PASS}" scope="SUITE">
<msg time="2025-10-03T00:09:03.152148" level="INFO">${USER_PASS} = 12345</msg>
<var>${VALID_PASSWORD}</var>
<status status="PASS" start="2025-10-03T00:09:03.152069" elapsed="0.000098"/>
</variable>
<kw name="Realizar Login Com Usuário Cadastrado" owner="login">
<kw name="Create Dictionary" owner="BuiltIn">
<msg time="2025-10-03T00:09:03.152735" level="INFO">${payload} = {'email': 'qa17594609428526493452@exemplo.com', 'password': '12345'}</msg>
<var>${payload}</var>
<arg>email=${USER_EMAIL}</arg>
<arg>password=${USER_PASS}</arg>
<doc>Creates and returns a dictionary based on the given ``items``.</doc>
<status status="PASS" start="2025-10-03T00:09:03.152511" elapsed="0.000248"/>
</kw>
<kw name="POST On Session" owner="RequestsLibrary">
<msg time="2025-10-03T00:09:03.304815" level="INFO">POST Request : url=http://13.218.59.237:3000/login 
 path_url=/login 
 headers={'User-Agent': 'python-requests/2.32.5', 'Accept-Encoding': 'gzip, deflate', 'Accept': '*/*', 'Connection': 'keep-alive', 'Content-Length': '68', 'Content-Type': 'application/json'} 
 body=b'{"email": "qa17594609428526493452@exemplo.com", "password": "12345"}' 
 </msg>
<msg time="2025-10-03T00:09:03.304918" level="INFO">POST Response : url=http://13.218.59.237:3000/login 
 status=200, reason=OK 
 headers={'Access-Control-Allow-Origin': '*', 'x-dns-prefetch-control': 'off', 'x-frame-options': 'SAMEORIGIN', 'strict-transport-security': 'max-age=15552000; includeSubDomains', 'x-download-options': 'noopen', 'x-content-type-options': 'nosniff', 'x-xss-protection': '1; mode=block', 'Content-Type': 'application/json; charset=utf-8', 'Content-Length': '293', 'Date': 'Fri, 03 Oct 2025 03:09:03 GMT', 'Connection': 'keep-alive', 'Keep-Alive': 'timeout=5'} 
 body={
    "message": "Login realizado com sucesso",
    "authorization": "Bearer eyJhbGciOiJIUzI1NiIsInR5cCI6IkpXVCJ9.eyJlbWFpbCI6InFhMTc1OTQ2MDk0Mjg1MjY0OTM0NTJAZXhlbXBsby5jb20iLCJwYXNzd29yZCI6IjEyMzQ1IiwiaWF0IjoxNzU5NDYwOTQzLCJleHAiOjE3NTk0NjE1NDN9.T3jRMla7FZa50aqx222TRSCF0C1zi8_CalrnMjDnBvw"
} 
 </msg>
<msg time="2025-10-03T00:09:03.305060" level="INFO">${response} = &lt;Response [200]&gt;</msg>
<var>${response}</var>
<arg>serverest</arg>
<arg>/login</arg>
<arg>json=${payload}</arg>
<arg>expected_status=200</arg>
<doc>Sends a POST request on a previously created HTTP Session.</doc>
<status status="PASS" start="2025-10-03T00:09:03.152860" elapsed="0.152228"/>
</kw>
<kw name="Should Be Equal As Strings" owner="BuiltIn">
<msg time="2025-10-03T00:09:03.305720" level="INFO">Argument types are:
&lt;class 'int'&gt;
&lt;class 'str'&gt;</msg>
<arg>${response.status_code}</arg>
<arg>200</arg>
<doc>Fails if objects are unequal after converting them to strings.</doc>
<status status="PASS" start="2025-10-03T00:09:03.305243" elapsed="0.000536"/>
</kw>
<kw name="Dictionary Should Contain Key" owner="Collections">
<arg>${response.json()}</arg>
<arg>authorization</arg>
<doc>Fails if ``key`` is not found from ``dictionary``.</doc>
<status status="PASS" start="2025-10-03T00:09:03.305902" elapsed="0.000525"/>
</kw>
<kw name="Set Variable" owner="BuiltIn">
<msg time="2025-10-03T00:09:03.306990" level="INFO">${token} = Bearer eyJhbGciOiJIUzI1NiIsInR5cCI6IkpXVCJ9.eyJlbWFpbCI6InFhMTc1OTQ2MDk0Mjg1MjY0OTM0NTJAZXhlbXBsby5jb20iLCJwYXNzd29yZCI6IjEyMzQ1IiwiaWF0IjoxNzU5NDYwOTQzLCJleHAiOjE3NTk0NjE1NDN9.T3jRMla7FZa50aqx222TRSC...</msg>
<var>${token}</var>
<arg>${response.json()['authorization']}</arg>
<doc>Returns the given values which can then be assigned to a variables.</doc>
<status status="PASS" start="2025-10-03T00:09:03.306556" elapsed="0.000468"/>
</kw>
<variable name="${AUTH_TOKEN}" scope="SUITE">
<msg time="2025-10-03T00:09:03.307205" level="INFO">${AUTH_TOKEN} = Bearer eyJhbGciOiJIUzI1NiIsInR5cCI6IkpXVCJ9.eyJlbWFpbCI6InFhMTc1OTQ2MDk0Mjg1MjY0OTM0NTJAZXhlbXBsby5jb20iLCJwYXNzd29yZCI6IjEyMzQ1IiwiaWF0IjoxNzU5NDYwOTQzLCJleHAiOjE3NTk0NjE1NDN9.T3jRMla7FZa50aqx222TRSC...</msg>
<var>${token}</var>
<status status="PASS" start="2025-10-03T00:09:03.307083" elapsed="0.000150"/>
</variable>
<return>
<value>${response}</value>
<status status="PASS" start="2025-10-03T00:09:03.307279" elapsed="0.000037"/>
</return>
<msg time="2025-10-03T00:09:03.307441" level="INFO">${response_login} = &lt;Response [200]&gt;</msg>
<var>${response_login}</var>
<doc>Realiza login com um usuário válido.</doc>
<status status="PASS" start="2025-10-03T00:09:03.152349" elapsed="0.155131"/>
</kw>
<kw name="Set Variable" owner="BuiltIn">
<msg time="2025-10-03T00:09:03.308070" level="INFO">${token} = Bearer eyJhbGciOiJIUzI1NiIsInR5cCI6IkpXVCJ9.eyJlbWFpbCI6InFhMTc1OTQ2MDk0Mjg1MjY0OTM0NTJAZXhlbXBsby5jb20iLCJwYXNzd29yZCI6IjEyMzQ1IiwiaWF0IjoxNzU5NDYwOTQzLCJleHAiOjE3NTk0NjE1NDN9.T3jRMla7FZa50aqx222TRSC...</msg>
<var>${token}</var>
<arg>${response_login.json()['authorization']}</arg>
<doc>Returns the given values which can then be assigned to a variables.</doc>
<status status="PASS" start="2025-10-03T00:09:03.307607" elapsed="0.000493"/>
</kw>
<variable name="${AUTH_TOKEN}" scope="SUITE">
<msg time="2025-10-03T00:09:03.308253" level="INFO">${AUTH_TOKEN} = Bearer eyJhbGciOiJIUzI1NiIsInR5cCI6IkpXVCJ9.eyJlbWFpbCI6InFhMTc1OTQ2MDk0Mjg1MjY0OTM0NTJAZXhlbXBsby5jb20iLCJwYXNzd29yZCI6IjEyMzQ1IiwiaWF0IjoxNzU5NDYwOTQzLCJleHAiOjE3NTk0NjE1NDN9.T3jRMla7FZa50aqx222TRSC...</msg>
<var>${token}</var>
<status status="PASS" start="2025-10-03T00:09:03.308153" elapsed="0.000124"/>
</variable>
<doc>Cria sessão, cadastra usuário, faz login e salva credenciais/token no escopo da suíte.</doc>
<status status="PASS" start="2025-10-03T00:09:02.850061" elapsed="0.458272"/>
</kw>
<test id="s1-s2-t1" name="Cenário 01: Login com Usuário Válido" line="12">
<kw name="Cadastrar Usuário Válido" owner="usuario">
<kw name="Gerar Email Unico" owner="usuario">
<kw name="Get Time" owner="BuiltIn">
<msg time="2025-10-03T00:09:03.309820" level="INFO">${timestamp} = 1759460943</msg>
<var>${timestamp}</var>
<arg>epoch</arg>
<doc>Returns the given time in the requested format.</doc>
<status status="PASS" start="2025-10-03T00:09:03.309614" elapsed="0.000236"/>
</kw>
<kw name="Evaluate" owner="BuiltIn">
<msg time="2025-10-03T00:09:03.310218" level="INFO">${microseconds} = 310160</msg>
<var>${microseconds}</var>
<arg>int(time.time() * 1000000) % 1000000</arg>
<arg>modules=time</arg>
<doc>Evaluates the given expression in Python and returns the result.</doc>
<status status="PASS" start="2025-10-03T00:09:03.309981" elapsed="0.000263"/>
</kw>
<kw name="Evaluate" owner="BuiltIn">
<msg time="2025-10-03T00:09:03.310576" level="INFO">${random} = 7147</msg>
<var>${random}</var>
<arg>random.randint(1000, 9999)</arg>
<arg>modules=random</arg>
<doc>Evaluates the given expression in Python and returns the result.</doc>
<status status="PASS" start="2025-10-03T00:09:03.310351" elapsed="0.000250"/>
</kw>
<kw name="Set Variable" owner="BuiltIn">
<msg time="2025-10-03T00:09:03.310921" level="INFO">${unique_email} = qa17594609433101607147@exemplo.com</msg>
<var>${unique_email}</var>
<arg>qa${timestamp}${microseconds}${random}@exemplo.com</arg>
<doc>Returns the given values which can then be assigned to a variables.</doc>
<status status="PASS" start="2025-10-03T00:09:03.310714" elapsed="0.000233"/>
</kw>
<return>
<value>${unique_email}</value>
<status status="PASS" start="2025-10-03T00:09:03.310995" elapsed="0.000036"/>
</return>
<msg time="2025-10-03T00:09:03.311148" level="INFO">${email} = qa17594609433101607147@exemplo.com</msg>
<var>${email}</var>
<doc>Gera um e-mail único baseado no timestamp com milissegundos.</doc>
<status status="PASS" start="2025-10-03T00:09:03.309379" elapsed="0.001792"/>
</kw>
<kw name="Create Dictionary" owner="BuiltIn">
<msg time="2025-10-03T00:09:03.311570" level="INFO">${payload} = {'nome': 'QA User Automated', 'email': 'qa17594609433101607147@exemplo.com', 'password': '12345', 'administrador': 'true'}</msg>
<var>${payload}</var>
<arg>nome=${nome}</arg>
<arg>email=${email}</arg>
<arg>password=${VALID_PASSWORD}</arg>
<arg>administrador=${administrador}</arg>
<doc>Creates and returns a dictionary based on the given ``items``.</doc>
<status status="PASS" start="2025-10-03T00:09:03.311285" elapsed="0.000311"/>
</kw>
<kw name="POST On Session" owner="RequestsLibrary">
<msg time="2025-10-03T00:09:03.459168" level="INFO">POST Request : url=http://13.218.59.237:3000/usuarios 
 path_url=/usuarios 
 headers={'User-Agent': 'python-requests/2.32.5', 'Accept-Encoding': 'gzip, deflate', 'Accept': '*/*', 'Connection': 'keep-alive', 'Content-Length': '122', 'Content-Type': 'application/json'} 
 body=b'{"nome": "QA User Automated", "email": "qa17594609433101607147@exemplo.com", "password": "12345", "administrador": "true"}' 
 </msg>
<msg time="2025-10-03T00:09:03.459251" level="INFO">POST Response : url=http://13.218.59.237:3000/usuarios 
 status=201, reason=Created 
 headers={'Access-Control-Allow-Origin': '*', 'x-dns-prefetch-control': 'off', 'x-frame-options': 'SAMEORIGIN', 'strict-transport-security': 'max-age=15552000; includeSubDomains', 'x-download-options': 'noopen', 'x-content-type-options': 'nosniff', 'x-xss-protection': '1; mode=block', 'Content-Type': 'application/json; charset=utf-8', 'Content-Length': '82', 'Date': 'Fri, 03 Oct 2025 03:09:03 GMT', 'Connection': 'keep-alive', 'Keep-Alive': 'timeout=5'} 
 body={
    "message": "Cadastro realizado com sucesso",
    "_id": "89SSF6AQ329PQrKr"
} 
 </msg>
<msg time="2025-10-03T00:09:03.459368" level="INFO">${response} = &lt;Response [201]&gt;</msg>
<var>${response}</var>
<arg>serverest</arg>
<arg>/usuarios</arg>
<arg>json=${payload}</arg>
<arg>expected_status=201</arg>
<doc>Sends a POST request on a previously created HTTP Session.</doc>
<status status="PASS" start="2025-10-03T00:09:03.311703" elapsed="0.147690"/>
</kw>
<kw name="Should Be Equal As Strings" owner="BuiltIn">
<msg time="2025-10-03T00:09:03.459953" level="INFO">Argument types are:
&lt;class 'int'&gt;
&lt;class 'str'&gt;</msg>
<arg>${response.status_code}</arg>
<arg>201</arg>
<doc>Fails if objects are unequal after converting them to strings.</doc>
<status status="PASS" start="2025-10-03T00:09:03.459530" elapsed="0.000476"/>
</kw>
<kw name="Dictionary Should Contain Key" owner="Collections">
<arg>${response.json()}</arg>
<arg>_id</arg>
<doc>Fails if ``key`` is not found from ``dictionary``.</doc>
<status status="PASS" start="2025-10-03T00:09:03.460126" elapsed="0.000444"/>
</kw>
<kw name="Dictionary Should Contain Key" owner="Collections">
<arg>${response.json()}</arg>
<arg>message</arg>
<doc>Fails if ``key`` is not found from ``dictionary``.</doc>
<status status="PASS" start="2025-10-03T00:09:03.460676" elapsed="0.000400"/>
</kw>
<kw name="Should Match Regexp" owner="BuiltIn">
<arg>${response.json()['message']}</arg>
<arg>(?i)cadastro.*sucesso</arg>
<doc>Fails if ``string`` does not match ``pattern`` as a regular expression.</doc>
<status status="PASS" start="2025-10-03T00:09:03.461180" elapsed="0.000364"/>
</kw>
<variable name="${USER_EMAIL}" scope="SUITE">
<msg time="2025-10-03T00:09:03.461783" level="INFO">${USER_EMAIL} = qa17594609433101607147@exemplo.com</msg>
<var>${email}</var>
<status status="PASS" start="2025-10-03T00:09:03.461662" elapsed="0.000146"/>
</variable>
<variable name="${USER_PASS}" scope="SUITE">
<msg time="2025-10-03T00:09:03.461943" level="INFO">${USER_PASS} = 12345</msg>
<var>${VALID_PASSWORD}</var>
<status status="PASS" start="2025-10-03T00:09:03.461849" elapsed="0.000116"/>
</variable>
<return>
<value>${response}</value>
<value>${email}</value>
<status status="PASS" start="2025-10-03T00:09:03.462002" elapsed="0.000030"/>
</return>
<doc>Cadastra usuário válido e retorna dados</doc>
<status status="PASS" start="2025-10-03T00:09:03.309019" elapsed="0.153120"/>
</kw>
<kw name="Realizar Login Com Usuário Cadastrado" owner="login">
<kw name="Create Dictionary" owner="BuiltIn">
<msg time="2025-10-03T00:09:03.462954" level="INFO">${payload} = {'email': 'qa17594609433101607147@exemplo.com', 'password': '12345'}</msg>
<var>${payload}</var>
<arg>email=${USER_EMAIL}</arg>
<arg>password=${USER_PASS}</arg>
<doc>Creates and returns a dictionary based on the given ``items``.</doc>
<status status="PASS" start="2025-10-03T00:09:03.462716" elapsed="0.000267"/>
</kw>
<kw name="POST On Session" owner="RequestsLibrary">
<msg time="2025-10-03T00:09:03.610039" level="INFO">POST Request : url=http://13.218.59.237:3000/login 
 path_url=/login 
 headers={'User-Agent': 'python-requests/2.32.5', 'Accept-Encoding': 'gzip, deflate', 'Accept': '*/*', 'Connection': 'keep-alive', 'Content-Length': '68', 'Content-Type': 'application/json'} 
 body=b'{"email": "qa17594609433101607147@exemplo.com", "password": "12345"}' 
 </msg>
<msg time="2025-10-03T00:09:03.610124" level="INFO">POST Response : url=http://13.218.59.237:3000/login 
 status=200, reason=OK 
 headers={'Access-Control-Allow-Origin': '*', 'x-dns-prefetch-control': 'off', 'x-frame-options': 'SAMEORIGIN', 'strict-transport-security': 'max-age=15552000; includeSubDomains', 'x-download-options': 'noopen', 'x-content-type-options': 'nosniff', 'x-xss-protection': '1; mode=block', 'Content-Type': 'application/json; charset=utf-8', 'Content-Length': '293', 'Date': 'Fri, 03 Oct 2025 03:09:03 GMT', 'Connection': 'keep-alive', 'Keep-Alive': 'timeout=5'} 
 body={
    "message": "Login realizado com sucesso",
    "authorization": "Bearer eyJhbGciOiJIUzI1NiIsInR5cCI6IkpXVCJ9.eyJlbWFpbCI6InFhMTc1OTQ2MDk0MzMxMDE2MDcxNDdAZXhlbXBsby5jb20iLCJwYXNzd29yZCI6IjEyMzQ1IiwiaWF0IjoxNzU5NDYwOTQzLCJleHAiOjE3NTk0NjE1NDN9.zIqiI75aXcKxnzW7DLtwt8dbJpGB_UilwC3LQbiGh3o"
} 
 </msg>
<msg time="2025-10-03T00:09:03.610240" level="INFO">${response} = &lt;Response [200]&gt;</msg>
<var>${response}</var>
<arg>serverest</arg>
<arg>/login</arg>
<arg>json=${payload}</arg>
<arg>expected_status=200</arg>
<doc>Sends a POST request on a previously created HTTP Session.</doc>
<status status="PASS" start="2025-10-03T00:09:03.463090" elapsed="0.147176"/>
</kw>
<kw name="Should Be Equal As Strings" owner="BuiltIn">
<msg time="2025-10-03T00:09:03.610846" level="INFO">Argument types are:
&lt;class 'int'&gt;
&lt;class 'str'&gt;</msg>
<arg>${response.status_code}</arg>
<arg>200</arg>
<doc>Fails if objects are unequal after converting them to strings.</doc>
<status status="PASS" start="2025-10-03T00:09:03.610402" elapsed="0.000496"/>
</kw>
<kw name="Dictionary Should Contain Key" owner="Collections">
<arg>${response.json()}</arg>
<arg>authorization</arg>
<doc>Fails if ``key`` is not found from ``dictionary``.</doc>
<status status="PASS" start="2025-10-03T00:09:03.611011" elapsed="0.000419"/>
</kw>
<kw name="Set Variable" owner="BuiltIn">
<msg time="2025-10-03T00:09:03.611935" level="INFO">${token} = Bearer eyJhbGciOiJIUzI1NiIsInR5cCI6IkpXVCJ9.eyJlbWFpbCI6InFhMTc1OTQ2MDk0MzMxMDE2MDcxNDdAZXhlbXBsby5jb20iLCJwYXNzd29yZCI6IjEyMzQ1IiwiaWF0IjoxNzU5NDYwOTQzLCJleHAiOjE3NTk0NjE1NDN9.zIqiI75aXcKxnzW7DLtwt8d...</msg>
<var>${token}</var>
<arg>${response.json()['authorization']}</arg>
<doc>Returns the given values which can then be assigned to a variables.</doc>
<status status="PASS" start="2025-10-03T00:09:03.611539" elapsed="0.000424"/>
</kw>
<variable name="${AUTH_TOKEN}" scope="SUITE">
<msg time="2025-10-03T00:09:03.612121" level="INFO">${AUTH_TOKEN} = Bearer eyJhbGciOiJIUzI1NiIsInR5cCI6IkpXVCJ9.eyJlbWFpbCI6InFhMTc1OTQ2MDk0MzMxMDE2MDcxNDdAZXhlbXBsby5jb20iLCJwYXNzd29yZCI6IjEyMzQ1IiwiaWF0IjoxNzU5NDYwOTQzLCJleHAiOjE3NTk0NjE1NDN9.zIqiI75aXcKxnzW7DLtwt8d...</msg>
<var>${token}</var>
<status status="PASS" start="2025-10-03T00:09:03.612013" elapsed="0.000132"/>
</variable>
<return>
<value>${response}</value>
<status status="PASS" start="2025-10-03T00:09:03.612186" elapsed="0.000030"/>
</return>
<doc>Realiza login com um usuário válido.</doc>
<status status="PASS" start="2025-10-03T00:09:03.462467" elapsed="0.149837"/>
</kw>
<doc>Testa login com usuário cadastrado válido</doc>
<tag>critico</tag>
<tag>login</tag>
<tag>positivo</tag>
<status status="PASS" start="2025-10-03T00:09:03.308394" elapsed="0.304169"/>
</test>
<test id="s1-s2-t2" name="Cenário 02: Login com Senha Inválida" line="18">
<kw name="Realizar Login Com Credenciais Inválidas" owner="login">
<kw name="Create Dictionary" owner="BuiltIn">
<msg time="2025-10-03T00:09:03.614349" level="INFO">${data} = {'email': 'qa17594609433101607147@exemplo.com', 'password': 'senha_errada'}</msg>
<var>${data}</var>
<arg>email=${email}</arg>
<arg>password=${password}</arg>
<doc>Creates and returns a dictionary based on the given ``items``.</doc>
<status status="PASS" start="2025-10-03T00:09:03.613955" elapsed="0.000432"/>
</kw>
<kw name="POST On Session" owner="RequestsLibrary">
<msg time="2025-10-03T00:09:03.763952" level="INFO">POST Request : url=http://13.218.59.237:3000/login 
 path_url=/login 
 headers={'User-Agent': 'python-requests/2.32.5', 'Accept-Encoding': 'gzip, deflate', 'Accept': '*/*', 'Connection': 'keep-alive', 'Content-Length': '75', 'Content-Type': 'application/json'} 
 body=b'{"email": "qa17594609433101607147@exemplo.com", "password": "senha_errada"}' 
 </msg>
<msg time="2025-10-03T00:09:03.764058" level="INFO">POST Response : url=http://13.218.59.237:3000/login 
 status=401, reason=Unauthorized 
 headers={'Access-Control-Allow-Origin': '*', 'x-dns-prefetch-control': 'off', 'x-frame-options': 'SAMEORIGIN', 'strict-transport-security': 'max-age=15552000; includeSubDomains', 'x-download-options': 'noopen', 'x-content-type-options': 'nosniff', 'x-xss-protection': '1; mode=block', 'Content-Type': 'application/json; charset=utf-8', 'Content-Length': '48', 'Date': 'Fri, 03 Oct 2025 03:09:03 GMT', 'Connection': 'keep-alive', 'Keep-Alive': 'timeout=5'} 
 body={
    "message": "Email e/ou senha inválidos"
} 
 </msg>
<msg time="2025-10-03T00:09:03.764201" level="INFO">${response} = &lt;Response [401]&gt;</msg>
<var>${response}</var>
<arg>serverest</arg>
<arg>/login</arg>
<arg>json=${data}</arg>
<arg>expected_status=401</arg>
<doc>Sends a POST request on a previously created HTTP Session.</doc>
<status status="PASS" start="2025-10-03T00:09:03.614513" elapsed="0.149714"/>
</kw>
<kw name="Should Be Equal As Strings" owner="BuiltIn">
<msg time="2025-10-03T00:09:03.764902" level="INFO">Argument types are:
&lt;class 'int'&gt;
&lt;class 'str'&gt;</msg>
<arg>${response.status_code}</arg>
<arg>401</arg>
<doc>Fails if objects are unequal after converting them to strings.</doc>
<status status="PASS" start="2025-10-03T00:09:03.764391" elapsed="0.000583"/>
</kw>
<kw name="Dictionary Should Contain Key" owner="Collections">
<arg>${response.json()}</arg>
<arg>message</arg>
<doc>Fails if ``key`` is not found from ``dictionary``.</doc>
<status status="PASS" start="2025-10-03T00:09:03.765139" elapsed="0.000537"/>
</kw>
<kw name="Should Match Regexp" owner="BuiltIn">
<arg>${response.json()['message']}</arg>
<arg>(?i)email.*ou.*senha.*inválido</arg>
<doc>Fails if ``string`` does not match ``pattern`` as a regular expression.</doc>
<status status="PASS" start="2025-10-03T00:09:03.765836" elapsed="0.000584"/>
</kw>
<return>
<value>${response}</value>
<status status="PASS" start="2025-10-03T00:09:03.766565" elapsed="0.000042"/>
</return>
<arg>${USER_EMAIL}</arg>
<arg>senha_errada</arg>
<doc>Tenta realizar login com credenciais inválidas.</doc>
<status status="PASS" start="2025-10-03T00:09:03.613669" elapsed="0.153061"/>
</kw>
<doc>Testa login com senha incorreta</doc>
<tag>alto</tag>
<tag>login</tag>
<tag>negativo</tag>
<status status="PASS" start="2025-10-03T00:09:03.613139" elapsed="0.154085"/>
</test>
<test id="s1-s2-t3" name="Cenário 03: Login com E-mail Inexistente" line="23">
<kw name="Realizar Login Com Credenciais Inválidas" owner="login">
<kw name="Create Dictionary" owner="BuiltIn">
<msg time="2025-10-03T00:09:03.768975" level="INFO">${data} = {'email': 'usuario_inexistente@teste.com', 'password': '12345'}</msg>
<var>${data}</var>
<arg>email=${email}</arg>
<arg>password=${password}</arg>
<doc>Creates and returns a dictionary based on the given ``items``.</doc>
<status status="PASS" start="2025-10-03T00:09:03.768728" elapsed="0.000278"/>
</kw>
<kw name="POST On Session" owner="RequestsLibrary">
<msg time="2025-10-03T00:09:03.926993" level="INFO">POST Request : url=http://13.218.59.237:3000/login 
 path_url=/login 
 headers={'User-Agent': 'python-requests/2.32.5', 'Accept-Encoding': 'gzip, deflate', 'Accept': '*/*', 'Connection': 'keep-alive', 'Content-Length': '63', 'Content-Type': 'application/json'} 
 body=b'{"email": "usuario_inexistente@teste.com", "password": "12345"}' 
 </msg>
<msg time="2025-10-03T00:09:03.927086" level="INFO">POST Response : url=http://13.218.59.237:3000/login 
 status=401, reason=Unauthorized 
 headers={'Access-Control-Allow-Origin': '*', 'x-dns-prefetch-control': 'off', 'x-frame-options': 'SAMEORIGIN', 'strict-transport-security': 'max-age=15552000; includeSubDomains', 'x-download-options': 'noopen', 'x-content-type-options': 'nosniff', 'x-xss-protection': '1; mode=block', 'Content-Type': 'application/json; charset=utf-8', 'Content-Length': '48', 'Date': 'Fri, 03 Oct 2025 03:09:03 GMT', 'Connection': 'keep-alive', 'Keep-Alive': 'timeout=5'} 
 body={
    "message": "Email e/ou senha inválidos"
} 
 </msg>
<msg time="2025-10-03T00:09:03.927213" level="INFO">${response} = &lt;Response [401]&gt;</msg>
<var>${response}</var>
<arg>serverest</arg>
<arg>/login</arg>
<arg>json=${data}</arg>
<arg>expected_status=401</arg>
<doc>Sends a POST request on a previously created HTTP Session.</doc>
<status status="PASS" start="2025-10-03T00:09:03.769123" elapsed="0.158116"/>
</kw>
<kw name="Should Be Equal As Strings" owner="BuiltIn">
<msg time="2025-10-03T00:09:03.927807" level="INFO">Argument types are:
&lt;class 'int'&gt;
&lt;class 'str'&gt;</msg>
<arg>${response.status_code}</arg>
<arg>401</arg>
<doc>Fails if objects are unequal after converting them to strings.</doc>
<status status="PASS" start="2025-10-03T00:09:03.927388" elapsed="0.000470"/>
</kw>
<kw name="Dictionary Should Contain Key" owner="Collections">
<arg>${response.json()}</arg>
<arg>message</arg>
<doc>Fails if ``key`` is not found from ``dictionary``.</doc>
<status status="PASS" start="2025-10-03T00:09:03.927981" elapsed="0.000475"/>
</kw>
<kw name="Should Match Regexp" owner="BuiltIn">
<arg>${response.json()['message']}</arg>
<arg>(?i)email.*ou.*senha.*inválido</arg>
<doc>Fails if ``string`` does not match ``pattern`` as a regular expression.</doc>
<status status="PASS" start="2025-10-03T00:09:03.928572" elapsed="0.000382"/>
</kw>
<return>
<value>${response}</value>
<status status="PASS" start="2025-10-03T00:09:03.929008" elapsed="0.000032"/>
</return>
<arg>usuario_inexistente@teste.com</arg>
<arg>${VALID_PASSWORD}</arg>
<doc>Tenta realizar login com credenciais inválidas.</doc>
<status status="PASS" start="2025-10-03T00:09:03.768373" elapsed="0.160761"/>
</kw>
<doc>Testa login com email não cadastrado</doc>
<tag>alto</tag>
<tag>login</tag>
<tag>negativo</tag>
<status status="PASS" start="2025-10-03T00:09:03.767821" elapsed="0.161567"/>
</test>
<kw name="Delete All Sessions" owner="RequestsLibrary" type="TEARDOWN">
<msg time="2025-10-03T00:09:03.930094" level="INFO">Deleting All Sessions</msg>
<doc>Removes all the session objects</doc>
<status status="PASS" start="2025-10-03T00:09:03.930000" elapsed="0.000170"/>
</kw>
<doc>Testes de ações com Auth.</doc>
<status status="PASS" start="2025-10-03T00:09:02.838377" elapsed="1.091831"/>
</suite>
<suite id="s1-s3" name="Produtos" source="D:\Documentos\COMPASS\serverest-web-robot\tests\produtos.robot">
<kw name="Setup e Autenticar na Suite" owner="login" type="SETUP">
<kw name="Create Session" owner="RequestsLibrary">
<msg time="2025-10-03T00:09:03.940053" level="INFO">Creating Session using : alias=serverest, url=http://13.218.59.237:3000, headers={},                     cookies={}, auth=None, timeout=None, proxies=None, verify=False,                     debug=0 </msg>
<arg>serverest</arg>
<arg>${BASE_URL}</arg>
<doc>Create Session: create a HTTP session to a server</doc>
<status status="PASS" start="2025-10-03T00:09:03.939902" elapsed="0.000380"/>
</kw>
<kw name="Cadastrar Usuário Válido" owner="usuario">
<kw name="Gerar Email Unico" owner="usuario">
<kw name="Get Time" owner="BuiltIn">
<msg time="2025-10-03T00:09:03.941509" level="INFO">${timestamp} = 1759460943</msg>
<var>${timestamp}</var>
<arg>epoch</arg>
<doc>Returns the given time in the requested format.</doc>
<status status="PASS" start="2025-10-03T00:09:03.941228" elapsed="0.000326"/>
</kw>
<kw name="Evaluate" owner="BuiltIn">
<msg time="2025-10-03T00:09:03.941987" level="INFO">${microseconds} = 941916</msg>
<var>${microseconds}</var>
<arg>int(time.time() * 1000000) % 1000000</arg>
<arg>modules=time</arg>
<doc>Evaluates the given expression in Python and returns the result.</doc>
<status status="PASS" start="2025-10-03T00:09:03.941695" elapsed="0.000322"/>
</kw>
<kw name="Evaluate" owner="BuiltIn">
<msg time="2025-10-03T00:09:03.942376" level="INFO">${random} = 9408</msg>
<var>${random}</var>
<arg>random.randint(1000, 9999)</arg>
<arg>modules=random</arg>
<doc>Evaluates the given expression in Python and returns the result.</doc>
<status status="PASS" start="2025-10-03T00:09:03.942134" elapsed="0.000268"/>
</kw>
<kw name="Set Variable" owner="BuiltIn">
<msg time="2025-10-03T00:09:03.942865" level="INFO">${unique_email} = qa17594609439419169408@exemplo.com</msg>
<var>${unique_email}</var>
<arg>qa${timestamp}${microseconds}${random}@exemplo.com</arg>
<doc>Returns the given values which can then be assigned to a variables.</doc>
<status status="PASS" start="2025-10-03T00:09:03.942522" elapsed="0.000380"/>
</kw>
<return>
<value>${unique_email}</value>
<status status="PASS" start="2025-10-03T00:09:03.943157" elapsed="0.000151"/>
</return>
<msg time="2025-10-03T00:09:03.943556" level="INFO">${email} = qa17594609439419169408@exemplo.com</msg>
<var>${email}</var>
<doc>Gera um e-mail único baseado no timestamp com milissegundos.</doc>
<status status="PASS" start="2025-10-03T00:09:03.941000" elapsed="0.002680"/>
</kw>
<kw name="Create Dictionary" owner="BuiltIn">
<msg time="2025-10-03T00:09:03.944571" level="INFO">${payload} = {'nome': 'QA User', 'email': 'qa17594609439419169408@exemplo.com', 'password': '12345', 'administrador': 'true'}</msg>
<var>${payload}</var>
<arg>nome=${nome}</arg>
<arg>email=${email}</arg>
<arg>password=${VALID_PASSWORD}</arg>
<arg>administrador=${administrador}</arg>
[...]
    "password": "password não pode ficar em branco"
} 
 </msg>
<msg time="2025-10-03T00:09:07.175488" level="INFO">${response} = &lt;Response [400]&gt;</msg>
<var>${response}</var>
<arg>serverest</arg>
<arg>/usuarios</arg>
<arg>json=${payload}</arg>
<arg>expected_status=400</arg>
<doc>Sends a POST request on a previously created HTTP Session.</doc>
<status status="PASS" start="2025-10-03T00:09:07.028859" elapsed="0.146682"/>
</kw>
<kw name="Should Be Equal As Strings" owner="BuiltIn">
<msg time="2025-10-03T00:09:07.176198" level="INFO">Argument types are:
&lt;class 'int'&gt;
&lt;class 'str'&gt;</msg>
<arg>${response.status_code}</arg>
<arg>400</arg>
<doc>Fails if objects are unequal after converting them to strings.</doc>
<status status="PASS" start="2025-10-03T00:09:07.175689" elapsed="0.000574"/>
</kw>
<kw name="Dictionary Should Not Contain Key" owner="Collections">
<arg>${response.json()}</arg>
<arg>_id</arg>
<doc>Fails if ``key`` is found from ``dictionary``.</doc>
<status status="PASS" start="2025-10-03T00:09:07.176393" elapsed="0.000487"/>
</kw>
<kw name="Dictionary Should Contain Key" owner="Collections">
<arg>${response.json()}</arg>
<arg>nome</arg>
<doc>Fails if ``key`` is not found from ``dictionary``.</doc>
<status status="PASS" start="2025-10-03T00:09:07.176995" elapsed="0.000519"/>
</kw>
<kw name="Dictionary Should Contain Key" owner="Collections">
<arg>${response.json()}</arg>
<arg>email</arg>
<doc>Fails if ``key`` is not found from ``dictionary``.</doc>
<status status="PASS" start="2025-10-03T00:09:07.177634" elapsed="0.000472"/>
</kw>
<kw name="Dictionary Should Contain Key" owner="Collections">
<arg>${response.json()}</arg>
<arg>password</arg>
<doc>Fails if ``key`` is not found from ``dictionary``.</doc>
<status status="PASS" start="2025-10-03T00:09:07.178248" elapsed="0.000472"/>
</kw>
<return>
<value>${response}</value>
<status status="PASS" start="2025-10-03T00:09:07.178789" elapsed="0.000046"/>
</return>
<doc>Tenta cadastrar usuário com campos obrigatórios vazios</doc>
<status status="PASS" start="2025-10-03T00:09:07.027559" elapsed="0.151395"/>
</kw>
<doc>Testa que não é possível cadastrar usuário com campos obrigatórios vazios</doc>
<tag>medio</tag>
<tag>negativo</tag>
<status status="PASS" start="2025-10-03T00:09:07.026977" elapsed="0.152295"/>
</test>
<test id="s1-s4-t9" name="Cenário 09: Cadastro com Senha no Limite Mínimo Válido" line="53">
<kw name="Cadastrar Usuário Válido" owner="usuario">
<kw name="Gerar Email Unico" owner="usuario">
<kw name="Get Time" owner="BuiltIn">
<msg time="2025-10-03T00:09:07.181762" level="INFO">${timestamp} = 1759460947</msg>
<var>${timestamp}</var>
<arg>epoch</arg>
<doc>Returns the given time in the requested format.</doc>
<status status="PASS" start="2025-10-03T00:09:07.181564" elapsed="0.000228"/>
</kw>
<kw name="Evaluate" owner="BuiltIn">
<msg time="2025-10-03T00:09:07.182143" level="INFO">${microseconds} = 182084</msg>
<var>${microseconds}</var>
<arg>int(time.time() * 1000000) % 1000000</arg>
<arg>modules=time</arg>
<doc>Evaluates the given expression in Python and returns the result.</doc>
<status status="PASS" start="2025-10-03T00:09:07.181893" elapsed="0.000275"/>
</kw>
<kw name="Evaluate" owner="BuiltIn">
<msg time="2025-10-03T00:09:07.182527" level="INFO">${random} = 5654</msg>
<var>${random}</var>
<arg>random.randint(1000, 9999)</arg>
<arg>modules=random</arg>
<doc>Evaluates the given expression in Python and returns the result.</doc>
<status status="PASS" start="2025-10-03T00:09:07.182278" elapsed="0.000276"/>
</kw>
<kw name="Set Variable" owner="BuiltIn">
<msg time="2025-10-03T00:09:07.182840" level="INFO">${unique_email} = qa17594609471820845654@exemplo.com</msg>
<var>${unique_email}</var>
<arg>qa${timestamp}${microseconds}${random}@exemplo.com</arg>
<doc>Returns the given values which can then be assigned to a variables.</doc>
<status status="PASS" start="2025-10-03T00:09:07.182656" elapsed="0.000207"/>
</kw>
<return>
<value>${unique_email}</value>
<status status="PASS" start="2025-10-03T00:09:07.182910" elapsed="0.000034"/>
</return>
<msg time="2025-10-03T00:09:07.183076" level="INFO">${email} = qa17594609471820845654@exemplo.com</msg>
<var>${email}</var>
<doc>Gera um e-mail único baseado no timestamp com milissegundos.</doc>
<status status="PASS" start="2025-10-03T00:09:07.181348" elapsed="0.001757"/>
</kw>
<kw name="Create Dictionary" owner="BuiltIn">
<msg time="2025-10-03T00:09:07.183507" level="INFO">${payload} = {'nome': 'Usuario Limite Min', 'email': 'qa17594609471820845654@exemplo.com', 'password': '12345', 'administrador': 'false'}</msg>
<var>${payload}</var>
<arg>nome=${nome}</arg>
<arg>email=${email}</arg>
<arg>password=${VALID_PASSWORD}</arg>
<arg>administrador=${administrador}</arg>
<doc>Creates and returns a dictionary based on the given ``items``.</doc>
<status status="PASS" start="2025-10-03T00:09:07.183214" elapsed="0.000318"/>
</kw>
<kw name="POST On Session" owner="RequestsLibrary">
<msg time="2025-10-03T00:09:07.332186" level="INFO">POST Request : url=http://13.218.59.237:3000/usuarios 
 path_url=/usuarios 
 headers={'User-Agent': 'python-requests/2.32.5', 'Accept-Encoding': 'gzip, deflate', 'Accept': '*/*', 'Connection': 'keep-alive', 'Content-Length': '124', 'Content-Type': 'application/json'} 
 body=b'{"nome": "Usuario Limite Min", "email": "qa17594609471820845654@exemplo.com", "password": "12345", "administrador": "false"}' 
 </msg>
<msg time="2025-10-03T00:09:07.332279" level="INFO">POST Response : url=http://13.218.59.237:3000/usuarios 
 status=201, reason=Created 
 headers={'Access-Control-Allow-Origin': '*', 'x-dns-prefetch-control': 'off', 'x-frame-options': 'SAMEORIGIN', 'strict-transport-security': 'max-age=15552000; includeSubDomains', 'x-download-options': 'noopen', 'x-content-type-options': 'nosniff', 'x-xss-protection': '1; mode=block', 'Content-Type': 'application/json; charset=utf-8', 'Content-Length': '82', 'Date': 'Fri, 03 Oct 2025 03:09:07 GMT', 'Connection': 'keep-alive', 'Keep-Alive': 'timeout=5'} 
 body={
    "message": "Cadastro realizado com sucesso",
    "_id": "QkaGOiwFw2oqo2xt"
} 
 </msg>
<msg time="2025-10-03T00:09:07.332394" level="INFO">${response} = &lt;Response [201]&gt;</msg>
<var>${response}</var>
<arg>serverest</arg>
<arg>/usuarios</arg>
<arg>json=${payload}</arg>
<arg>expected_status=201</arg>
<doc>Sends a POST request on a previously created HTTP Session.</doc>
<status status="PASS" start="2025-10-03T00:09:07.183645" elapsed="0.148779"/>
</kw>
<kw name="Should Be Equal As Strings" owner="BuiltIn">
<msg time="2025-10-03T00:09:07.333227" level="INFO">Argument types are:
&lt;class 'int'&gt;
&lt;class 'str'&gt;</msg>
<arg>${response.status_code}</arg>
<arg>201</arg>
<doc>Fails if objects are unequal after converting them to strings.</doc>
<status status="PASS" start="2025-10-03T00:09:07.332569" elapsed="0.000860"/>
</kw>
<kw name="Dictionary Should Contain Key" owner="Collections">
<arg>${response.json()}</arg>
<arg>_id</arg>
<doc>Fails if ``key`` is not found from ``dictionary``.</doc>
<status status="PASS" start="2025-10-03T00:09:07.333681" elapsed="0.000746"/>
</kw>
<kw name="Dictionary Should Contain Key" owner="Collections">
<arg>${response.json()}</arg>
<arg>message</arg>
<doc>Fails if ``key`` is not found from ``dictionary``.</doc>
<status status="PASS" start="2025-10-03T00:09:07.334562" elapsed="0.000667"/>
</kw>
<kw name="Should Match Regexp" owner="BuiltIn">
<arg>${response.json()['message']}</arg>
<arg>(?i)cadastro.*sucesso</arg>
<doc>Fails if ``string`` does not match ``pattern`` as a regular expression.</doc>
<status status="PASS" start="2025-10-03T00:09:07.335383" elapsed="0.000489"/>
</kw>
<variable name="${USER_EMAIL}" scope="SUITE">
<msg time="2025-10-03T00:09:07.336068" level="INFO">${USER_EMAIL} = qa17594609471820845654@exemplo.com</msg>
<var>${email}</var>
<status status="PASS" start="2025-10-03T00:09:07.335939" elapsed="0.000157"/>
</variable>
<variable name="${USER_PASS}" scope="SUITE">
<msg time="2025-10-03T00:09:07.336246" level="INFO">${USER_PASS} = 12345</msg>
<var>${VALID_PASSWORD}</var>
<status status="PASS" start="2025-10-03T00:09:07.336140" elapsed="0.000130"/>
</variable>
<return>
<value>${response}</value>
<value>${email}</value>
<status status="PASS" start="2025-10-03T00:09:07.336531" elapsed="0.000065"/>
</return>
<arg>Usuario Limite Min</arg>
<arg>false</arg>
<doc>Cadastra usuário válido e retorna dados</doc>
<status status="PASS" start="2025-10-03T00:09:07.180956" elapsed="0.155788"/>
</kw>
<doc>Testa cadastro com senha de exatamente 5 caracteres (limite mínimo válido)</doc>
<tag>bva</tag>
<tag>positivo</tag>
<status status="PASS" start="2025-10-03T00:09:07.180153" elapsed="0.156875"/>
</test>
<test id="s1-s4-t10" name="Cenário 10: Cadastro com Senha no Limite Máximo Válido" line="58">
<kw name="Cadastrar Usuário Válido" owner="usuario">
<kw name="Gerar Email Unico" owner="usuario">
<kw name="Get Time" owner="BuiltIn">
<msg time="2025-10-03T00:09:07.339029" level="INFO">${timestamp} = 1759460947</msg>
<var>${timestamp}</var>
<arg>epoch</arg>
<doc>Returns the given time in the requested format.</doc>
<status status="PASS" start="2025-10-03T00:09:07.338758" elapsed="0.000304"/>
</kw>
<kw name="Evaluate" owner="BuiltIn">
<msg time="2025-10-03T00:09:07.339429" level="INFO">${microseconds} = 339365</msg>
<var>${microseconds}</var>
<arg>int(time.time() * 1000000) % 1000000</arg>
<arg>modules=time</arg>
<doc>Evaluates the given expression in Python and returns the result.</doc>
<status status="PASS" start="2025-10-03T00:09:07.339180" elapsed="0.000282"/>
</kw>
<kw name="Evaluate" owner="BuiltIn">
<msg time="2025-10-03T00:09:07.339910" level="INFO">${random} = 3606</msg>
<var>${random}</var>
<arg>random.randint(1000, 9999)</arg>
<arg>modules=random</arg>
<doc>Evaluates the given expression in Python and returns the result.</doc>
<status status="PASS" start="2025-10-03T00:09:07.339609" elapsed="0.000335"/>
</kw>
<kw name="Set Variable" owner="BuiltIn">
<msg time="2025-10-03T00:09:07.340321" level="INFO">${unique_email} = qa17594609473393653606@exemplo.com</msg>
<var>${unique_email}</var>
<arg>qa${timestamp}${microseconds}${random}@exemplo.com</arg>
<doc>Returns the given values which can then be assigned to a variables.</doc>
<status status="PASS" start="2025-10-03T00:09:07.340097" elapsed="0.000251"/>
</kw>
<return>
<value>${unique_email}</value>
<status status="PASS" start="2025-10-03T00:09:07.340399" elapsed="0.000042"/>
</return>
<msg time="2025-10-03T00:09:07.340569" level="INFO">${email} = qa17594609473393653606@exemplo.com</msg>
<var>${email}</var>
<doc>Gera um e-mail único baseado no timestamp com milissegundos.</doc>
<status status="PASS" start="2025-10-03T00:09:07.338559" elapsed="0.002033"/>
</kw>
<kw name="Create Dictionary" owner="BuiltIn">
<msg time="2025-10-03T00:09:07.341750" level="INFO">${payload} = {'nome': 'Usuario Limite Max', 'email': 'qa17594609473393653606@exemplo.com', 'password': '12345', 'administrador': 'false'}</msg>
<var>${payload}</var>
<arg>nome=${nome}</arg>
<arg>email=${email}</arg>
<arg>password=${VALID_PASSWORD}</arg>
<arg>administrador=${administrador}</arg>
<doc>Creates and returns a dictionary based on the given ``items``.</doc>
<status status="PASS" start="2025-10-03T00:09:07.340705" elapsed="0.001078"/>
</kw>
<kw name="POST On Session" owner="RequestsLibrary">
<msg time="2025-10-03T00:09:07.488595" level="INFO">POST Request : url=http://13.218.59.237:3000/usuarios 
 path_url=/usuarios 
 headers={'User-Agent': 'python-requests/2.32.5', 'Accept-Encoding': 'gzip, deflate', 'Accept': '*/*', 'Connection': 'keep-alive', 'Content-Length': '124', 'Content-Type': 'application/json'} 
 body=b'{"nome": "Usuario Limite Max", "email": "qa17594609473393653606@exemplo.com", "password": "12345", "administrador": "false"}' 
 </msg>
<msg time="2025-10-03T00:09:07.488678" level="INFO">POST Response : url=http://13.218.59.237:3000/usuarios 
 status=201, reason=Created 
 headers={'Access-Control-Allow-Origin': '*', 'x-dns-prefetch-control': 'off', 'x-frame-options': 'SAMEORIGIN', 'strict-transport-security': 'max-age=15552000; includeSubDomains', 'x-download-options': 'noopen', 'x-content-type-options': 'nosniff', 'x-xss-protection': '1; mode=block', 'Content-Type': 'application/json; charset=utf-8', 'Content-Length': '82', 'Date': 'Fri, 03 Oct 2025 03:09:07 GMT', 'Connection': 'keep-alive', 'Keep-Alive': 'timeout=5'} 
 body={
    "message": "Cadastro realizado com sucesso",
    "_id": "HtFyTcIwlYgMkxNx"
} 
 </msg>
<msg time="2025-10-03T00:09:07.488805" level="INFO">${response} = &lt;Response [201]&gt;</msg>
<var>${response}</var>
<arg>serverest</arg>
<arg>/usuarios</arg>
<arg>json=${payload}</arg>
<arg>expected_status=201</arg>
<doc>Sends a POST request on a previously created HTTP Session.</doc>
<status status="PASS" start="2025-10-03T00:09:07.341924" elapsed="0.146906"/>
</kw>
<kw name="Should Be Equal As Strings" owner="BuiltIn">
<msg time="2025-10-03T00:09:07.489386" level="INFO">Argument types are:
&lt;class 'int'&gt;
&lt;class 'str'&gt;</msg>
<arg>${response.status_code}</arg>
<arg>201</arg>
<doc>Fails if objects are unequal after converting them to strings.</doc>
<status status="PASS" start="2025-10-03T00:09:07.488962" elapsed="0.000478"/>
</kw>
<kw name="Dictionary Should Contain Key" owner="Collections">
<arg>${response.json()}</arg>
<arg>_id</arg>
<doc>Fails if ``key`` is not found from ``dictionary``.</doc>
<status status="PASS" start="2025-10-03T00:09:07.489557" elapsed="0.000440"/>
</kw>
<kw name="Dictionary Should Contain Key" owner="Collections">
<arg>${response.json()}</arg>
<arg>message</arg>
<doc>Fails if ``key`` is not found from ``dictionary``.</doc>
<status status="PASS" start="2025-10-03T00:09:07.490101" elapsed="0.000439"/>
</kw>
<kw name="Should Match Regexp" owner="BuiltIn">
<arg>${response.json()['message']}</arg>
<arg>(?i)cadastro.*sucesso</arg>
<doc>Fails if ``string`` does not match ``pattern`` as a regular expression.</doc>
<status status="PASS" start="2025-10-03T00:09:07.490644" elapsed="0.000370"/>
</kw>
<variable name="${USER_EMAIL}" scope="SUITE">
<msg time="2025-10-03T00:09:07.491181" level="INFO">${USER_EMAIL} = qa17594609473393653606@exemplo.com</msg>
<var>${email}</var>
<status status="PASS" start="2025-10-03T00:09:07.491066" elapsed="0.000139"/>
</variable>
<variable name="${USER_PASS}" scope="SUITE">
<msg time="2025-10-03T00:09:07.491343" level="INFO">${USER_PASS} = 12345</msg>
<var>${VALID_PASSWORD}</var>
<status status="PASS" start="2025-10-03T00:09:07.491242" elapsed="0.000124"/>
</variable>
<return>
<value>${response}</value>
<value>${email}</value>
<status status="PASS" start="2025-10-03T00:09:07.491406" elapsed="0.000030"/>
</return>
<arg>Usuario Limite Max</arg>
<arg>false</arg>
<doc>Cadastra usuário válido e retorna dados</doc>
<status status="PASS" start="2025-10-03T00:09:07.338205" elapsed="0.153338"/>
</kw>
<doc>Testa cadastro com senha de exatamente 10 caracteres (limite máximo válido)</doc>
<tag>bva</tag>
<tag>positivo</tag>
<status status="PASS" start="2025-10-03T00:09:07.337487" elapsed="0.154306"/>
</test>
<test id="s1-s4-t11" name="Cenário 11: Buscar Usuário Inexistente" line="63">
<kw name="Buscar Usuário Inexistente" owner="usuario">
<kw name="GET On Session" owner="RequestsLibrary">
<msg time="2025-10-03T00:09:07.639881" level="INFO">GET Request : url=http://13.218.59.237:3000/usuarios/0000000000000000 
 path_url=/usuarios/0000000000000000 
 headers={'User-Agent': 'python-requests/2.32.5', 'Accept-Encoding': 'gzip, deflate', 'Accept': '*/*', 'Connection': 'keep-alive'} 
 body=None 
 </msg>
<msg time="2025-10-03T00:09:07.639962" level="INFO">GET Response : url=http://13.218.59.237:3000/usuarios/0000000000000000 
 status=400, reason=Bad Request 
 headers={'Access-Control-Allow-Origin': '*', 'x-dns-prefetch-control': 'off', 'x-frame-options': 'SAMEORIGIN', 'strict-transport-security': 'max-age=15552000; includeSubDomains', 'x-download-options': 'noopen', 'x-content-type-options': 'nosniff', 'x-xss-protection': '1; mode=block', 'Content-Type': 'application/json; charset=utf-8', 'Content-Length': '45', 'Date': 'Fri, 03 Oct 2025 03:09:07 GMT', 'Connection': 'keep-alive', 'Keep-Alive': 'timeout=5'} 
 body={
    "message": "Usuário não encontrado"
} 
 </msg>
<msg time="2025-10-03T00:09:07.640148" level="INFO">${response} = &lt;Response [400]&gt;</msg>
<var>${response}</var>
<arg>serverest</arg>
<arg>/usuarios/${user_id_inexistente}</arg>
<arg>expected_status=400</arg>
<doc>Sends a GET request on a previously created HTTP Session.</doc>
<status status="PASS" start="2025-10-03T00:09:07.493397" elapsed="0.146777"/>
</kw>
<kw name="Should Be Equal As Strings" owner="BuiltIn">
<msg time="2025-10-03T00:09:07.640713" level="INFO">Argument types are:
&lt;class 'int'&gt;
&lt;class 'str'&gt;</msg>
<arg>${response.status_code}</arg>
<arg>400</arg>
<doc>Fails if objects are unequal after converting them to strings.</doc>
<status status="PASS" start="2025-10-03T00:09:07.640301" elapsed="0.000465"/>
</kw>
<kw name="Dictionary Should Contain Key" owner="Collections">
<arg>${response.json()}</arg>
<arg>message</arg>
<doc>Fails if ``key`` is not found from ``dictionary``.</doc>
<status status="PASS" start="2025-10-03T00:09:07.640868" elapsed="0.000421"/>
</kw>
<kw name="Should Match Regexp" owner="BuiltIn">
<arg>${response.json()['message']}</arg>
<arg>(?i)usuário.*não.*encontrad</arg>
<doc>Fails if ``string`` does not match ``pattern`` as a regular expression.</doc>
<status status="PASS" start="2025-10-03T00:09:07.641388" elapsed="0.000443"/>
</kw>
<return>
<value>${response}</value>
<status status="PASS" start="2025-10-03T00:09:07.641886" elapsed="0.000031"/>
</return>
<arg>0000000000000000</arg>
<doc>Tenta buscar usuário inexistente</doc>
<status status="PASS" start="2025-10-03T00:09:07.493130" elapsed="0.148882"/>
</kw>
<doc>Testa que não é possível buscar um usuário inexistente (16 caracteres alfanuméricos)</doc>
<tag>medio</tag>
<tag>negativo</tag>
<status status="PASS" start="2025-10-03T00:09:07.492534" elapsed="0.149769"/>
</test>
<kw name="Delete All Sessions" owner="RequestsLibrary" type="TEARDOWN">
<msg time="2025-10-03T00:09:07.643020" level="INFO">Deleting All Sessions</msg>
<doc>Removes all the session objects</doc>
<status status="PASS" start="2025-10-03T00:09:07.642938" elapsed="0.000141"/>
</kw>
<doc>Testes de ações com Usuários.</doc>
<status status="FAIL" start="2025-10-03T00:09:05.779533" elapsed="1.863579"/>
</suite>
<status status="FAIL" start="2025-10-03T00:09:01.040016" elapsed="6.604254"/>
</suite>
<statistics>
<total>
<stat pass="18" fail="4" skip="0">All Tests</stat>
</total>
<tag>
<stat pass="1" fail="0" skip="0">adicionar</stat>
<stat pass="3" fail="2" skip="0">alto</stat>
<stat pass="1" fail="0" skip="0">autenticação</stat>
<stat pass="2" fail="2" skip="0">bva</stat>
<stat pass="1" fail="0" skip="0">cadastro</stat>
<stat pass="1" fail="0" skip="0">cancelar</stat>
<stat pass="3" fail="0" skip="0">carrinho</stat>
<stat pass="1" fail="0" skip="0">concluir</stat>
<stat pass="3" fail="0" skip="0">critico</stat>
<stat pass="1" fail="0" skip="0">duplicidade</stat>
<stat pass="1" fail="0" skip="0">listagem</stat>
<stat pass="3" fail="0" skip="0">login</stat>
<stat pass="2" fail="2" skip="0">medio</stat>
<stat pass="9" fail="4" skip="0">negativo</stat>
<stat pass="1" fail="0" skip="0">permissão</stat>
<stat pass="9" fail="0" skip="0">positivo</stat>
<stat pass="5" fail="0" skip="0">produto</stat>
</tag>
<suite>
<stat name="Tests" id="s1" pass="18" fail="4" skip="0">Tests</stat>
<stat name="Carrinho" id="s1-s1" pass="3" fail="0" skip="0">Tests.Carrinho</stat>
<stat name="Login" id="s1-s2" pass="3" fail="0" skip="0">Tests.Login</stat>
<stat name="Produtos" id="s1-s3" pass="5" fail="0" skip="0">Tests.Produtos</stat>
<stat name="Usuarios" id="s1-s4" pass="7" fail="4" skip="0">Tests.Usuarios</stat>
</suite>
</statistics>
<errors>
</errors>
</robot>
